0 verbose cli /opt/homebrew/Cellar/node/23.6.1/bin/node /opt/homebrew/lib/node_modules/npm/bin/npm-cli.js
1 info using npm@11.3.0
2 info using node@v23.6.1
3 silly config load:file:/opt/homebrew/lib/node_modules/npm/npmrc
4 silly config load:file:/Users/claudiodamasco/Documents/www/leaotalentebridge/leao-careers/.npmrc
5 silly config load:file:/Users/claudiodamasco/.npmrc
6 silly config load:file:/opt/homebrew/etc/npmrc
7 verbose title npm exec tsc --noEmit page.tsx
8 verbose argv "exec" "--" "tsc" "--noEmit" "page.tsx"
9 verbose logfile logs-max:10 dir:/Users/claudiodamasco/Documents/www/leaotalentebridge/leao-careers/src/app/candidato/dashboard/.npm-cache/_logs/2025-09-02T18_18_05_210Z-
10 verbose logfile /Users/claudiodamasco/Documents/www/leaotalentebridge/leao-careers/src/app/candidato/dashboard/.npm-cache/_logs/2025-09-02T18_18_05_210Z-debug-0.log
11 silly logfile done cleaning log files
12 http fetch GET 200 https://registry.npmjs.org/npm 281ms
13 verbose cwd /Users/claudiodamasco/Documents/www/leaotalentebridge/leao-careers/src/app/candidato/dashboard
14 verbose os Darwin 23.4.0
15 verbose node v23.6.1
16 verbose npm  v11.3.0
17 notice
17 notice New [33mminor[39m version of npm available! [33m11.3.0[39m -> [34m11.5.2[39m
17 notice Changelog: [34mhttps://github.com/npm/cli/releases/tag/v11.5.2[39m
17 notice To update run: [4mnpm install -g npm@11.5.2[24m
17 notice  { force: true, [Symbol(proc-log.meta)]: true }
18 verbose exit 2
19 verbose code 2
