0 verbose cli /opt/homebrew/Cellar/node/23.6.1/bin/node /opt/homebrew/bin/npm
1 info using npm@11.3.0
2 info using node@v23.6.1
3 silly config load:file:/opt/homebrew/lib/node_modules/npm/npmrc
4 silly config load:file:/Users/claudiodamasco/Documents/www/leaotalentbridge-main/node_modules/unrs-resolver/npm-install/.npmrc
5 silly config load:file:/Users/claudiodamasco/.npmrc
6 silly config load:file:/opt/homebrew/etc/npmrc
7 verbose title npm install @unrs/resolver-binding-darwin-arm64@1.11.1
8 verbose argv "install" "--loglevel" "error" "--prefer-offline" "--no-audit" "--progress" "false" "@unrs/resolver-binding-darwin-arm64@1.11.1"
9 verbose logfile logs-max:10 dir:/Users/claudiodamasco/Documents/www/leaotalentbridge-main/.npm-cache/_logs/2025-09-08T12_22_35_285Z-
10 verbose logfile /Users/claudiodamasco/Documents/www/leaotalentbridge-main/.npm-cache/_logs/2025-09-08T12_22_35_285Z-debug-0.log
11 silly logfile start cleaning logs, removing 1 files
12 silly packumentCache heap:4345298944 maxSize:1086324736 maxEntrySize:543162368
13 silly logfile done cleaning log files
14 silly idealTree buildDeps
15 silly fetch manifest @unrs/resolver-binding-darwin-arm64@1.11.1
16 silly packumentCache full:https://registry.npmmirror.com/@unrs%2fresolver-binding-darwin-arm64 cache-miss
17 http fetch GET 200 https://registry.npmmirror.com/@unrs%2fresolver-binding-darwin-arm64 754ms (cache miss)
18 silly packumentCache full:https://registry.npmmirror.com/@unrs%2fresolver-binding-darwin-arm64 set size:12881 disposed:false
19 silly placeDep ROOT @unrs/resolver-binding-darwin-arm64@1.11.1 OK for:  want: 1.11.1
20 silly reify moves {}
21 http cache @unrs/resolver-binding-darwin-arm64@https://registry.npmmirror.com/@unrs/resolver-binding-darwin-arm64/-/resolver-binding-darwin-arm64-1.11.1.tgz 0ms (cache hit)
22 silly tarball no local data for @unrs/resolver-binding-darwin-arm64@https://registry.npmmirror.com/@unrs/resolver-binding-darwin-arm64/-/resolver-binding-darwin-arm64-1.11.1.tgz. Extracting by manifest.
23 http fetch GET 200 https://cdn.npmmirror.com/packages/%40unrs/resolver-binding-darwin-arm64/1.11.1/resolver-binding-darwin-arm64-1.11.1.tgz 775ms (cache miss)
24 silly ADD node_modules/@unrs/resolver-binding-darwin-arm64
25 verbose cwd /Users/claudiodamasco/Documents/www/leaotalentbridge-main/node_modules/unrs-resolver/npm-install
26 verbose os Darwin 23.4.0
27 verbose node v23.6.1
28 verbose npm  v11.3.0
29 verbose exit 0
30 info ok
