0 verbose cli /opt/homebrew/Cellar/node/23.6.1/bin/node /opt/homebrew/bin/npm
1 info using npm@11.3.0
2 info using node@v23.6.1
3 silly config load:file:/opt/homebrew/lib/node_modules/npm/npmrc
4 silly config load:file:/Users/claudiodamasco/Documents/www/leaotalentebridge/leao-careers/.npmrc
5 silly config load:file:/Users/claudiodamasco/.npmrc
6 silly config load:file:/opt/homebrew/etc/npmrc
7 verbose title npm install clsx tailwind-merge
8 verbose argv "install" "clsx" "tailwind-merge"
9 verbose logfile logs-max:10 dir:/Users/claudiodamasco/Documents/www/leaotalentebridge/leao-careers/.npm-cache/_logs/2025-09-01T13_52_58_701Z-
10 verbose logfile /Users/claudiodamasco/Documents/www/leaotalentebridge/leao-careers/.npm-cache/_logs/2025-09-01T13_52_58_701Z-debug-0.log
11 silly logfile start cleaning logs, removing 1 files
12 silly packumentCache heap:4345298944 maxSize:1086324736 maxEntrySize:543162368
13 silly logfile done cleaning log files
14 silly idealTree buildDeps
15 silly fetch manifest clsx@*
16 silly packumentCache full:https://registry.npmjs.org/clsx cache-miss
17 http fetch GET 200 https://registry.npmjs.org/clsx 120ms (cache miss)
18 silly packumentCache full:https://registry.npmjs.org/clsx set size:undefined disposed:false
19 silly fetch manifest tailwind-merge@*
20 silly packumentCache full:https://registry.npmjs.org/tailwind-merge cache-miss
21 http fetch GET 200 https://registry.npmjs.org/tailwind-merge 49ms (cache miss)
22 silly packumentCache full:https://registry.npmjs.org/tailwind-merge set size:undefined disposed:false
23 silly placeDep ROOT clsx@2.1.1 OK for: leao-careers@0.1.0 want: *
24 silly placeDep ROOT tailwind-merge@3.3.1 OK for: leao-careers@0.1.0 want: *
25 verbose shrinkwrap failed to load node_modules/.package-lock.json out of date, updated: node_modules
26 silly reify mark retired [
26 silly reify   '/Users/claudiodamasco/Documents/www/leaotalentebridge/leao-careers/node_modules/acorn-jsx 2'
26 silly reify ]
27 silly reify mark retired [
27 silly reify   '/Users/claudiodamasco/Documents/www/leaotalentebridge/leao-careers/node_modules/agent-base 2'
27 silly reify ]
28 silly reify mark retired [
28 silly reify   '/Users/claudiodamasco/Documents/www/leaotalentebridge/leao-careers/node_modules/animejs 2'
28 silly reify ]
29 silly reify mark retired [
29 silly reify   '/Users/claudiodamasco/Documents/www/leaotalentebridge/leao-careers/node_modules/asn1 2.js'
29 silly reify ]
30 silly reify mark retired [
30 silly reify   '/Users/claudiodamasco/Documents/www/leaotalentebridge/leao-careers/node_modules/bn 2.js'
30 silly reify ]
31 silly reify mark retired [
31 silly reify   '/Users/claudiodamasco/Documents/www/leaotalentebridge/leao-careers/node_modules/bowser 2'
31 silly reify ]
32 silly reify mark retired [
32 silly reify   '/Users/claudiodamasco/Documents/www/leaotalentebridge/leao-careers/node_modules/eslint 2'
32 silly reify ]
33 silly reify mark retired [
33 silly reify   '/Users/claudiodamasco/Documents/www/leaotalentebridge/leao-careers/node_modules/fast-xml-parser 2'
33 silly reify ]
34 silly reify mark retired [
34 silly reify   '/Users/claudiodamasco/Documents/www/leaotalentebridge/leao-careers/node_modules/http_ece 2'
34 silly reify ]
35 silly reify mark retired [
35 silly reify   '/Users/claudiodamasco/Documents/www/leaotalentebridge/leao-careers/node_modules/https-proxy-agent 2'
35 silly reify ]
36 silly reify mark retired [
36 silly reify   '/Users/claudiodamasco/Documents/www/leaotalentebridge/leao-careers/node_modules/inherits 2'
36 silly reify ]
37 silly reify mark retired [
37 silly reify   '/Users/claudiodamasco/Documents/www/leaotalentebridge/leao-careers/node_modules/minimalistic-assert 2'
37 silly reify ]
38 silly reify mark retired [
38 silly reify   '/Users/claudiodamasco/Documents/www/leaotalentebridge/leao-careers/node_modules/next 2'
38 silly reify ]
39 silly reify mark retired [
39 silly reify   '/Users/claudiodamasco/Documents/www/leaotalentebridge/leao-careers/node_modules/nodemailer 2'
39 silly reify ]
40 silly reify mark retired [
40 silly reify   '/Users/claudiodamasco/Documents/www/leaotalentebridge/leao-careers/node_modules/react-icons 2'
40 silly reify ]
41 silly reify mark retired [
41 silly reify   '/Users/claudiodamasco/Documents/www/leaotalentebridge/leao-careers/node_modules/safer-buffer 2'
41 silly reify ]
42 silly reify mark retired [
42 silly reify   '/Users/claudiodamasco/Documents/www/leaotalentebridge/leao-careers/node_modules/strnum 2'
42 silly reify ]
43 silly reify mark retired [
43 silly reify   '/Users/claudiodamasco/Documents/www/leaotalentebridge/leao-careers/node_modules/uuid 2'
43 silly reify ]
44 silly reify mark retired [
44 silly reify   '/Users/claudiodamasco/Documents/www/leaotalentebridge/leao-careers/node_modules/web-push 2'
44 silly reify ]
45 silly reify mark retired [
45 silly reify   '/Users/claudiodamasco/Documents/www/leaotalentebridge/leao-careers/node_modules/has-property-descriptors'
45 silly reify ]
46 silly reify moves {
46 silly reify   '/Users/claudiodamasco/Documents/www/leaotalentebridge/leao-careers/node_modules/acorn-jsx 2': '/Users/claudiodamasco/Documents/www/leaotalentebridge/leao-careers/node_modules/.acorn-jsx 2-ugUcZz8z',
46 silly reify   '/Users/claudiodamasco/Documents/www/leaotalentebridge/leao-careers/node_modules/agent-base 2': '/Users/claudiodamasco/Documents/www/leaotalentebridge/leao-careers/node_modules/.agent-base 2-Dk7XO2nf',
46 silly reify   '/Users/claudiodamasco/Documents/www/leaotalentebridge/leao-careers/node_modules/animejs 2': '/Users/claudiodamasco/Documents/www/leaotalentebridge/leao-careers/node_modules/.animejs 2-nnKA3DE1',
46 silly reify   '/Users/claudiodamasco/Documents/www/leaotalentebridge/leao-careers/node_modules/asn1 2.js': '/Users/claudiodamasco/Documents/www/leaotalentebridge/leao-careers/node_modules/.asn1 2.js-ECn3lPHS',
46 silly reify   '/Users/claudiodamasco/Documents/www/leaotalentebridge/leao-careers/node_modules/bn 2.js': '/Users/claudiodamasco/Documents/www/leaotalentebridge/leao-careers/node_modules/.bn 2.js-vDuIjHtz',
46 silly reify   '/Users/claudiodamasco/Documents/www/leaotalentebridge/leao-careers/node_modules/bowser 2': '/Users/claudiodamasco/Documents/www/leaotalentebridge/leao-careers/node_modules/.bowser 2-RJ3nNAng',
46 silly reify   '/Users/claudiodamasco/Documents/www/leaotalentebridge/leao-careers/node_modules/eslint 2': '/Users/claudiodamasco/Documents/www/leaotalentebridge/leao-careers/node_modules/.eslint 2-mNTwaXsH',
46 silly reify   '/Users/claudiodamasco/Documents/www/leaotalentebridge/leao-careers/node_modules/fast-xml-parser 2': '/Users/claudiodamasco/Documents/www/leaotalentebridge/leao-careers/node_modules/.fast-xml-parser 2-26RMivPP',
46 silly reify   '/Users/claudiodamasco/Documents/www/leaotalentebridge/leao-careers/node_modules/http_ece 2': '/Users/claudiodamasco/Documents/www/leaotalentebridge/leao-careers/node_modules/.http_ece 2-bpA6pxoA',
46 silly reify   '/Users/claudiodamasco/Documents/www/leaotalentebridge/leao-careers/node_modules/https-proxy-agent 2': '/Users/claudiodamasco/Documents/www/leaotalentebridge/leao-careers/node_modules/.https-proxy-agent 2-MjfmGYdQ',
46 silly reify   '/Users/claudiodamasco/Documents/www/leaotalentebridge/leao-careers/node_modules/inherits 2': '/Users/claudiodamasco/Documents/www/leaotalentebridge/leao-careers/node_modules/.inherits 2-bN5UDJdV',
46 silly reify   '/Users/claudiodamasco/Documents/www/leaotalentebridge/leao-careers/node_modules/minimalistic-assert 2': '/Users/claudiodamasco/Documents/www/leaotalentebridge/leao-careers/node_modules/.minimalistic-assert 2-yqLrOr2F',
46 silly reify   '/Users/claudiodamasco/Documents/www/leaotalentebridge/leao-careers/node_modules/next 2': '/Users/claudiodamasco/Documents/www/leaotalentebridge/leao-careers/node_modules/.next 2-0KhrX5Dk',
46 silly reify   '/Users/claudiodamasco/Documents/www/leaotalentebridge/leao-careers/node_modules/nodemailer 2': '/Users/claudiodamasco/Documents/www/leaotalentebridge/leao-careers/node_modules/.nodemailer 2-mSz5kYQz',
46 silly reify   '/Users/claudiodamasco/Documents/www/leaotalentebridge/leao-careers/node_modules/react-icons 2': '/Users/claudiodamasco/Documents/www/leaotalentebridge/leao-careers/node_modules/.react-icons 2-rflmI6Nc',
46 silly reify   '/Users/claudiodamasco/Documents/www/leaotalentebridge/leao-careers/node_modules/safer-buffer 2': '/Users/claudiodamasco/Documents/www/leaotalentebridge/leao-careers/node_modules/.safer-buffer 2-Tn32Sqj0',
46 silly reify   '/Users/claudiodamasco/Documents/www/leaotalentebridge/leao-careers/node_modules/strnum 2': '/Users/claudiodamasco/Documents/www/leaotalentebridge/leao-careers/node_modules/.strnum 2-Lr8A4LXQ',
46 silly reify   '/Users/claudiodamasco/Documents/www/leaotalentebridge/leao-careers/node_modules/uuid 2': '/Users/claudiodamasco/Documents/www/leaotalentebridge/leao-careers/node_modules/.uuid 2-hOXsuM1F',
46 silly reify   '/Users/claudiodamasco/Documents/www/leaotalentebridge/leao-careers/node_modules/web-push 2': '/Users/claudiodamasco/Documents/www/leaotalentebridge/leao-careers/node_modules/.web-push 2-iqwhbNjR',
46 silly reify   '/Users/claudiodamasco/Documents/www/leaotalentebridge/leao-careers/node_modules/has-property-descriptors': '/Users/claudiodamasco/Documents/www/leaotalentebridge/leao-careers/node_modules/.has-property-descriptors-E1nb3lAh'
46 silly reify }
47 silly reify mark deleted [
47 silly reify   '/Users/claudiodamasco/Documents/www/leaotalentebridge/leao-careers/node_modules/@emnapi/core'
47 silly reify ]
48 silly reify mark deleted [
48 silly reify   '/Users/claudiodamasco/Documents/www/leaotalentebridge/leao-careers/node_modules/@emnapi/runtime'
48 silly reify ]
49 silly reify mark deleted [
49 silly reify   '/Users/claudiodamasco/Documents/www/leaotalentebridge/leao-careers/node_modules/@emnapi/wasi-threads'
49 silly reify ]
50 silly reify mark deleted [
50 silly reify   '/Users/claudiodamasco/Documents/www/leaotalentebridge/leao-careers/node_modules/@img/sharp-darwin-arm64'
50 silly reify ]
51 silly reify mark deleted [
51 silly reify   '/Users/claudiodamasco/Documents/www/leaotalentebridge/leao-careers/node_modules/@img/sharp-darwin-x64'
51 silly reify ]
52 silly reify mark deleted [
52 silly reify   '/Users/claudiodamasco/Documents/www/leaotalentebridge/leao-careers/node_modules/@img/sharp-libvips-darwin-arm64'
52 silly reify ]
53 silly reify mark deleted [
53 silly reify   '/Users/claudiodamasco/Documents/www/leaotalentebridge/leao-careers/node_modules/@img/sharp-libvips-darwin-x64'
53 silly reify ]
54 silly reify mark deleted [
54 silly reify   '/Users/claudiodamasco/Documents/www/leaotalentebridge/leao-careers/node_modules/@img/sharp-libvips-linux-arm'
54 silly reify ]
55 silly reify mark deleted [
55 silly reify   '/Users/claudiodamasco/Documents/www/leaotalentebridge/leao-careers/node_modules/@img/sharp-libvips-linux-arm64'
55 silly reify ]
56 silly reify mark deleted [
56 silly reify   '/Users/claudiodamasco/Documents/www/leaotalentebridge/leao-careers/node_modules/@img/sharp-libvips-linux-ppc64'
56 silly reify ]
57 silly reify mark deleted [
57 silly reify   '/Users/claudiodamasco/Documents/www/leaotalentebridge/leao-careers/node_modules/@img/sharp-libvips-linux-s390x'
57 silly reify ]
58 silly reify mark deleted [
58 silly reify   '/Users/claudiodamasco/Documents/www/leaotalentebridge/leao-careers/node_modules/@img/sharp-libvips-linux-x64'
58 silly reify ]
59 silly reify mark deleted [
59 silly reify   '/Users/claudiodamasco/Documents/www/leaotalentebridge/leao-careers/node_modules/@img/sharp-libvips-linuxmusl-arm64'
59 silly reify ]
60 silly reify mark deleted [
60 silly reify   '/Users/claudiodamasco/Documents/www/leaotalentebridge/leao-careers/node_modules/@img/sharp-libvips-linuxmusl-x64'
60 silly reify ]
61 silly reify mark deleted [
61 silly reify   '/Users/claudiodamasco/Documents/www/leaotalentebridge/leao-careers/node_modules/@img/sharp-linux-arm'
61 silly reify ]
62 silly reify mark deleted [
62 silly reify   '/Users/claudiodamasco/Documents/www/leaotalentebridge/leao-careers/node_modules/@img/sharp-linux-arm64'
62 silly reify ]
63 silly reify mark deleted [
63 silly reify   '/Users/claudiodamasco/Documents/www/leaotalentebridge/leao-careers/node_modules/@img/sharp-linux-ppc64'
63 silly reify ]
64 silly reify mark deleted [
64 silly reify   '/Users/claudiodamasco/Documents/www/leaotalentebridge/leao-careers/node_modules/@img/sharp-linux-s390x'
64 silly reify ]
65 silly reify mark deleted [
65 silly reify   '/Users/claudiodamasco/Documents/www/leaotalentebridge/leao-careers/node_modules/@img/sharp-linux-x64'
65 silly reify ]
66 silly reify mark deleted [
66 silly reify   '/Users/claudiodamasco/Documents/www/leaotalentebridge/leao-careers/node_modules/@img/sharp-linuxmusl-arm64'
66 silly reify ]
67 silly reify mark deleted [
67 silly reify   '/Users/claudiodamasco/Documents/www/leaotalentebridge/leao-careers/node_modules/@img/sharp-linuxmusl-x64'
67 silly reify ]
68 silly reify mark deleted [
68 silly reify   '/Users/claudiodamasco/Documents/www/leaotalentebridge/leao-careers/node_modules/@img/sharp-wasm32'
68 silly reify ]
69 silly reify mark deleted [
69 silly reify   '/Users/claudiodamasco/Documents/www/leaotalentebridge/leao-careers/node_modules/@img/sharp-win32-arm64'
69 silly reify ]
70 silly reify mark deleted [
70 silly reify   '/Users/claudiodamasco/Documents/www/leaotalentebridge/leao-careers/node_modules/@img/sharp-win32-ia32'
70 silly reify ]
71 silly reify mark deleted [
71 silly reify   '/Users/claudiodamasco/Documents/www/leaotalentebridge/leao-careers/node_modules/@img/sharp-win32-x64'
71 silly reify ]
72 silly reify mark deleted [
72 silly reify   '/Users/claudiodamasco/Documents/www/leaotalentebridge/leao-careers/node_modules/@napi-rs/wasm-runtime'
72 silly reify ]
73 silly reify mark deleted [
73 silly reify   '/Users/claudiodamasco/Documents/www/leaotalentebridge/leao-careers/node_modules/@next/swc-darwin-arm64'
73 silly reify ]
74 silly reify mark deleted [
74 silly reify   '/Users/claudiodamasco/Documents/www/leaotalentebridge/leao-careers/node_modules/@next/swc-darwin-x64'
74 silly reify ]
75 silly reify mark deleted [
75 silly reify   '/Users/claudiodamasco/Documents/www/leaotalentebridge/leao-careers/node_modules/@next/swc-linux-arm64-gnu'
75 silly reify ]
76 silly reify mark deleted [
76 silly reify   '/Users/claudiodamasco/Documents/www/leaotalentebridge/leao-careers/node_modules/@next/swc-linux-arm64-musl'
76 silly reify ]
77 silly reify mark deleted [
77 silly reify   '/Users/claudiodamasco/Documents/www/leaotalentebridge/leao-careers/node_modules/@next/swc-linux-x64-gnu'
77 silly reify ]
78 silly reify mark deleted [
78 silly reify   '/Users/claudiodamasco/Documents/www/leaotalentebridge/leao-careers/node_modules/@next/swc-linux-x64-musl'
78 silly reify ]
79 silly reify mark deleted [
79 silly reify   '/Users/claudiodamasco/Documents/www/leaotalentebridge/leao-careers/node_modules/@next/swc-win32-arm64-msvc'
79 silly reify ]
80 silly reify mark deleted [
80 silly reify   '/Users/claudiodamasco/Documents/www/leaotalentebridge/leao-careers/node_modules/@next/swc-win32-x64-msvc'
80 silly reify ]
81 silly reify mark deleted [
81 silly reify   '/Users/claudiodamasco/Documents/www/leaotalentebridge/leao-careers/node_modules/@tybys/wasm-util'
81 silly reify ]
82 silly reify mark deleted [
82 silly reify   '/Users/claudiodamasco/Documents/www/leaotalentebridge/leao-careers/node_modules/@unrs/resolver-binding-android-arm-eabi'
82 silly reify ]
83 silly reify mark deleted [
83 silly reify   '/Users/claudiodamasco/Documents/www/leaotalentebridge/leao-careers/node_modules/@unrs/resolver-binding-android-arm64'
83 silly reify ]
84 silly reify mark deleted [
84 silly reify   '/Users/claudiodamasco/Documents/www/leaotalentebridge/leao-careers/node_modules/@unrs/resolver-binding-darwin-arm64'
84 silly reify ]
85 silly reify mark deleted [
85 silly reify   '/Users/claudiodamasco/Documents/www/leaotalentebridge/leao-careers/node_modules/@unrs/resolver-binding-darwin-x64'
85 silly reify ]
86 silly reify mark deleted [
86 silly reify   '/Users/claudiodamasco/Documents/www/leaotalentebridge/leao-careers/node_modules/@unrs/resolver-binding-freebsd-x64'
86 silly reify ]
87 silly reify mark deleted [
87 silly reify   '/Users/claudiodamasco/Documents/www/leaotalentebridge/leao-careers/node_modules/@unrs/resolver-binding-linux-arm-gnueabihf'
87 silly reify ]
88 silly reify mark deleted [
88 silly reify   '/Users/claudiodamasco/Documents/www/leaotalentebridge/leao-careers/node_modules/@unrs/resolver-binding-linux-arm-musleabihf'
88 silly reify ]
89 silly reify mark deleted [
89 silly reify   '/Users/claudiodamasco/Documents/www/leaotalentebridge/leao-careers/node_modules/@unrs/resolver-binding-linux-arm64-gnu'
89 silly reify ]
90 silly reify mark deleted [
90 silly reify   '/Users/claudiodamasco/Documents/www/leaotalentebridge/leao-careers/node_modules/@unrs/resolver-binding-linux-arm64-musl'
90 silly reify ]
91 silly reify mark deleted [
91 silly reify   '/Users/claudiodamasco/Documents/www/leaotalentebridge/leao-careers/node_modules/@unrs/resolver-binding-linux-ppc64-gnu'
91 silly reify ]
92 silly reify mark deleted [
92 silly reify   '/Users/claudiodamasco/Documents/www/leaotalentebridge/leao-careers/node_modules/@unrs/resolver-binding-linux-riscv64-gnu'
92 silly reify ]
93 silly reify mark deleted [
93 silly reify   '/Users/claudiodamasco/Documents/www/leaotalentebridge/leao-careers/node_modules/@unrs/resolver-binding-linux-riscv64-musl'
93 silly reify ]
94 silly reify mark deleted [
94 silly reify   '/Users/claudiodamasco/Documents/www/leaotalentebridge/leao-careers/node_modules/@unrs/resolver-binding-linux-s390x-gnu'
94 silly reify ]
95 silly reify mark deleted [
95 silly reify   '/Users/claudiodamasco/Documents/www/leaotalentebridge/leao-careers/node_modules/@unrs/resolver-binding-linux-x64-gnu'
95 silly reify ]
96 silly reify mark deleted [
96 silly reify   '/Users/claudiodamasco/Documents/www/leaotalentebridge/leao-careers/node_modules/@unrs/resolver-binding-linux-x64-musl'
96 silly reify ]
97 silly reify mark deleted [
97 silly reify   '/Users/claudiodamasco/Documents/www/leaotalentebridge/leao-careers/node_modules/@unrs/resolver-binding-wasm32-wasi'
97 silly reify ]
98 silly reify mark deleted [
98 silly reify   '/Users/claudiodamasco/Documents/www/leaotalentebridge/leao-careers/node_modules/@unrs/resolver-binding-win32-arm64-msvc'
98 silly reify ]
99 silly reify mark deleted [
99 silly reify   '/Users/claudiodamasco/Documents/www/leaotalentebridge/leao-careers/node_modules/@unrs/resolver-binding-win32-ia32-msvc'
99 silly reify ]
100 silly reify mark deleted [
100 silly reify   '/Users/claudiodamasco/Documents/www/leaotalentebridge/leao-careers/node_modules/@unrs/resolver-binding-win32-x64-msvc'
100 silly reify ]
101 silly reify mark deleted [
101 silly reify   '/Users/claudiodamasco/Documents/www/leaotalentebridge/leao-careers/node_modules/color'
101 silly reify ]
102 silly reify mark deleted [
102 silly reify   '/Users/claudiodamasco/Documents/www/leaotalentebridge/leao-careers/node_modules/color-string'
102 silly reify ]
103 silly reify mark deleted [
103 silly reify   '/Users/claudiodamasco/Documents/www/leaotalentebridge/leao-careers/node_modules/detect-libc'
103 silly reify ]
104 silly reify mark deleted [
104 silly reify   '/Users/claudiodamasco/Documents/www/leaotalentebridge/leao-careers/node_modules/is-arrayish'
104 silly reify ]
105 silly reify mark deleted [
105 silly reify   '/Users/claudiodamasco/Documents/www/leaotalentebridge/leao-careers/node_modules/sharp'
105 silly reify ]
106 silly reify mark deleted [
106 silly reify   '/Users/claudiodamasco/Documents/www/leaotalentebridge/leao-careers/node_modules/simple-swizzle'
106 silly reify ]
107 http cache tailwind-merge@https://registry.npmjs.org/tailwind-merge/-/tailwind-merge-3.3.1.tgz 0ms (cache hit)
108 http cache clsx@https://registry.npmjs.org/clsx/-/clsx-2.1.1.tgz 0ms (cache hit)
109 http cache has-property-descriptors@https://registry.npmjs.org/has-property-descriptors/-/has-property-descriptors-1.0.2.tgz 0ms (cache hit)
110 silly tarball no local data for tailwind-merge@https://registry.npmjs.org/tailwind-merge/-/tailwind-merge-3.3.1.tgz. Extracting by manifest.
111 silly tarball no local data for clsx@https://registry.npmjs.org/clsx/-/clsx-2.1.1.tgz. Extracting by manifest.
112 http fetch GET 200 https://registry.npmjs.org/clsx/-/clsx-2.1.1.tgz 118ms (cache miss)
113 http fetch GET 200 https://registry.npmjs.org/tailwind-merge/-/tailwind-merge-3.3.1.tgz 195ms (cache miss)
114 silly ADD node_modules/tailwind-merge
115 silly ADD node_modules/clsx
116 silly ADD
117 silly ADD
118 silly ADD
119 silly ADD
120 silly ADD
121 silly ADD
122 silly ADD
123 silly ADD
124 silly ADD
125 silly ADD
126 silly ADD
127 silly ADD
128 silly ADD
129 silly ADD
130 silly ADD
131 silly ADD
132 silly ADD
133 silly ADD
134 silly ADD
135 silly ADD
136 silly ADD
137 silly ADD
138 silly ADD
139 silly ADD
140 silly ADD
141 silly ADD
142 silly ADD
143 silly ADD
144 silly ADD
145 silly ADD
146 silly ADD
147 silly ADD
148 silly ADD
149 silly ADD
150 silly ADD
151 silly ADD
152 silly ADD
153 silly ADD
154 silly ADD
155 silly ADD
156 silly ADD
157 silly ADD
158 silly ADD
159 silly ADD
160 silly ADD
161 silly ADD
162 silly ADD
163 silly ADD
164 silly ADD
165 silly ADD
166 silly ADD
167 silly ADD
168 silly ADD
169 silly ADD
170 silly ADD
171 silly ADD
172 silly ADD
173 silly ADD
174 silly ADD
175 silly ADD
176 silly CHANGE node_modules/has-property-descriptors
177 silly REMOVE node_modules/web-push 2
178 silly REMOVE node_modules/uuid 2
179 silly REMOVE node_modules/strnum 2
180 silly REMOVE node_modules/safer-buffer 2
181 silly REMOVE node_modules/react-icons 2
182 silly REMOVE node_modules/nodemailer 2
183 silly REMOVE node_modules/next 2
184 silly REMOVE node_modules/minimalistic-assert 2
185 silly REMOVE node_modules/inherits 2
186 silly REMOVE node_modules/https-proxy-agent 2
187 silly REMOVE node_modules/http_ece 2
188 silly REMOVE node_modules/fast-xml-parser 2
189 silly REMOVE node_modules/eslint 2
190 silly REMOVE node_modules/bowser 2
191 silly REMOVE node_modules/bn 2.js
192 silly REMOVE node_modules/asn1 2.js
193 silly REMOVE node_modules/animejs 2
194 silly REMOVE node_modules/agent-base 2
195 silly REMOVE node_modules/acorn-jsx 2
196 verbose cwd /Users/claudiodamasco/Documents/www/leaotalentebridge/leao-careers
197 verbose os Darwin 23.4.0
198 verbose node v23.6.1
199 verbose npm  v11.3.0
200 verbose exit 0
201 info ok
