0 verbose cli /opt/homebrew/Cellar/node/23.6.1/bin/node /opt/homebrew/bin/npm
1 info using npm@11.3.0
2 info using node@v23.6.1
3 silly config load:file:/opt/homebrew/lib/node_modules/npm/npmrc
4 silly config load:file:/Users/claudiodamasco/Documents/www/leaotalentebridge/leao-careers/.npmrc
5 silly config load:file:/Users/claudiodamasco/.npmrc
6 silly config load:file:/opt/homebrew/etc/npmrc
7 verbose title npm install @radix-ui/react-slot @radix-ui/react-tabs @radix-ui/react-dialog @radix-ui/react-dropdown-menu @radix-ui/react-select @radix-ui/react-progress @radix-ui/react-avatar @radix-ui/react-separator
8 verbose argv "install" "@radix-ui/react-slot" "@radix-ui/react-tabs" "@radix-ui/react-dialog" "@radix-ui/react-dropdown-menu" "@radix-ui/react-select" "@radix-ui/react-progress" "@radix-ui/react-avatar" "@radix-ui/react-separator"
9 verbose logfile logs-max:10 dir:/Users/claudiodamasco/Documents/www/leaotalentebridge/leao-careers/.npm-cache/_logs/2025-09-03T00_08_01_739Z-
10 verbose logfile /Users/claudiodamasco/Documents/www/leaotalentebridge/leao-careers/.npm-cache/_logs/2025-09-03T00_08_01_739Z-debug-0.log
11 silly logfile start cleaning logs, removing 1 files
12 silly packumentCache heap:4345298944 maxSize:1086324736 maxEntrySize:543162368
13 silly logfile done cleaning log files
14 silly idealTree buildDeps
15 silly fetch manifest @radix-ui/react-slot@*
16 silly packumentCache full:https://registry.npmjs.org/@radix-ui%2freact-slot cache-miss
17 verbose shrinkwrap failed to load node_modules/.package-lock.json out of date, updated: node_modules
18 http cache https://registry.npmjs.org/@radix-ui%2freact-slot 9ms (cache hit)
19 silly packumentCache full:https://registry.npmjs.org/@radix-ui%2freact-slot set size:351089 disposed:false
20 silly fetch manifest @types/react@^19.1.12
21 silly packumentCache full:https://registry.npmjs.org/@types%2freact cache-miss
22 http cache https://registry.npmjs.org/@types%2freact 29ms (cache hit)
23 silly packumentCache full:https://registry.npmjs.org/@types%2freact set size:2450930 disposed:false
24 silly fetch manifest react@^19.0.0
25 silly packumentCache full:https://registry.npmjs.org/react cache-miss
26 http cache https://registry.npmjs.org/react 67ms (cache hit)
27 silly packumentCache full:https://registry.npmjs.org/react set size:6005583 disposed:false
28 silly fetch manifest @radix-ui/react-tabs@*
29 silly packumentCache full:https://registry.npmjs.org/@radix-ui%2freact-tabs cache-miss
30 http cache https://registry.npmjs.org/@radix-ui%2freact-tabs 6ms (cache hit)
31 silly packumentCache full:https://registry.npmjs.org/@radix-ui%2freact-tabs set size:803871 disposed:false
32 silly fetch manifest @types/react-dom@^19.1.8
33 silly packumentCache full:https://registry.npmjs.org/@types%2freact-dom cache-miss
34 http cache https://registry.npmjs.org/@types%2freact-dom 2ms (cache hit)
35 silly packumentCache full:https://registry.npmjs.org/@types%2freact-dom set size:412146 disposed:false
36 silly fetch manifest react-dom@^19.0.0
37 silly packumentCache full:https://registry.npmjs.org/react-dom cache-miss
38 http cache https://registry.npmjs.org/react-dom 8ms (cache hit)
39 silly packumentCache full:https://registry.npmjs.org/react-dom set size:7763042 disposed:false
40 silly fetch manifest @radix-ui/react-dialog@*
41 silly packumentCache full:https://registry.npmjs.org/@radix-ui%2freact-dialog cache-miss
42 http cache https://registry.npmjs.org/@radix-ui%2freact-dialog 6ms (cache hit)
43 silly packumentCache full:https://registry.npmjs.org/@radix-ui%2freact-dialog set size:990311 disposed:false
44 silly fetch manifest @radix-ui/react-dropdown-menu@*
45 silly packumentCache full:https://registry.npmjs.org/@radix-ui%2freact-dropdown-menu cache-miss
46 http cache https://registry.npmjs.org/@radix-ui%2freact-dropdown-menu 2ms (cache hit)
47 silly packumentCache full:https://registry.npmjs.org/@radix-ui%2freact-dropdown-menu set size:997156 disposed:false
48 silly fetch manifest @radix-ui/react-select@*
49 silly packumentCache full:https://registry.npmjs.org/@radix-ui%2freact-select cache-miss
50 http cache https://registry.npmjs.org/@radix-ui%2freact-select 4ms (cache hit)
51 silly packumentCache full:https://registry.npmjs.org/@radix-ui%2freact-select set size:879254 disposed:false
52 silly fetch manifest @radix-ui/react-progress@*
53 silly packumentCache full:https://registry.npmjs.org/@radix-ui%2freact-progress cache-miss
54 http cache https://registry.npmjs.org/@radix-ui%2freact-progress 2ms (cache hit)
55 silly packumentCache full:https://registry.npmjs.org/@radix-ui%2freact-progress set size:557772 disposed:false
56 silly fetch manifest @radix-ui/react-avatar@*
57 silly packumentCache full:https://registry.npmjs.org/@radix-ui%2freact-avatar cache-miss
58 http cache https://registry.npmjs.org/@radix-ui%2freact-avatar 2ms (cache hit)
59 silly packumentCache full:https://registry.npmjs.org/@radix-ui%2freact-avatar set size:641393 disposed:false
60 silly fetch manifest @radix-ui/react-separator@*
61 silly packumentCache full:https://registry.npmjs.org/@radix-ui%2freact-separator cache-miss
62 http cache https://registry.npmjs.org/@radix-ui%2freact-separator 1ms (cache hit)
63 silly packumentCache full:https://registry.npmjs.org/@radix-ui%2freact-separator set size:551416 disposed:false
64 silly placeDep ROOT @radix-ui/react-avatar@1.1.10 OK for: leao-careers@0.1.0 want: *
65 silly placeDep ROOT @radix-ui/react-dialog@1.1.15 OK for: leao-careers@0.1.0 want: *
66 silly placeDep ROOT @radix-ui/react-dropdown-menu@2.1.16 OK for: leao-careers@0.1.0 want: *
67 silly placeDep ROOT @radix-ui/react-progress@1.1.7 OK for: leao-careers@0.1.0 want: *
68 silly placeDep ROOT @radix-ui/react-select@2.2.6 OK for: leao-careers@0.1.0 want: *
69 silly placeDep ROOT @radix-ui/react-separator@1.1.7 OK for: leao-careers@0.1.0 want: *
70 silly placeDep ROOT @radix-ui/react-slot@1.2.3 OK for: leao-careers@0.1.0 want: *
71 silly placeDep ROOT @radix-ui/react-tabs@1.1.13 OK for: leao-careers@0.1.0 want: *
72 silly fetch manifest @radix-ui/react-context@1.1.2
73 silly packumentCache full:https://registry.npmjs.org/@radix-ui%2freact-context cache-miss
74 silly fetch manifest @radix-ui/react-primitive@2.1.3
75 silly packumentCache full:https://registry.npmjs.org/@radix-ui%2freact-primitive cache-miss
76 silly fetch manifest @radix-ui/react-use-callback-ref@1.1.1
77 silly packumentCache full:https://registry.npmjs.org/@radix-ui%2freact-use-callback-ref cache-miss
78 silly fetch manifest @radix-ui/react-use-is-hydrated@0.1.0
79 silly packumentCache full:https://registry.npmjs.org/@radix-ui%2freact-use-is-hydrated cache-miss
80 silly fetch manifest @radix-ui/react-use-layout-effect@1.1.1
81 silly packumentCache full:https://registry.npmjs.org/@radix-ui%2freact-use-layout-effect cache-miss
82 silly fetch manifest aria-hidden@^1.2.4
83 silly packumentCache full:https://registry.npmjs.org/aria-hidden cache-miss
84 silly fetch manifest @radix-ui/react-id@1.1.1
85 silly packumentCache full:https://registry.npmjs.org/@radix-ui%2freact-id cache-miss
86 silly fetch manifest @radix-ui/primitive@1.1.3
87 silly packumentCache full:https://registry.npmjs.org/@radix-ui%2fprimitive cache-miss
88 silly fetch manifest react-remove-scroll@^2.6.3
89 silly packumentCache full:https://registry.npmjs.org/react-remove-scroll cache-miss
90 silly fetch manifest @radix-ui/react-slot@1.2.3
91 silly packumentCache full:https://registry.npmjs.org/@radix-ui%2freact-slot cache-hit
92 silly fetch manifest @radix-ui/react-portal@1.1.9
93 silly packumentCache full:https://registry.npmjs.org/@radix-ui%2freact-portal cache-miss
94 silly fetch manifest @radix-ui/react-context@1.1.2
95 silly packumentCache full:https://registry.npmjs.org/@radix-ui%2freact-context cache-miss
96 http cache https://registry.npmjs.org/@radix-ui%2freact-use-callback-ref 6ms (cache hit)
97 silly packumentCache full:https://registry.npmjs.org/@radix-ui%2freact-use-callback-ref set size:213102 disposed:false
98 silly fetch manifest @radix-ui/react-presence@1.1.5
99 silly packumentCache full:https://registry.npmjs.org/@radix-ui%2freact-presence cache-miss
100 http cache https://registry.npmjs.org/@radix-ui%2freact-primitive 8ms (cache hit)
101 silly packumentCache full:https://registry.npmjs.org/@radix-ui%2freact-primitive set size:557642 disposed:false
102 silly fetch manifest @radix-ui/react-focus-scope@1.1.7
103 silly packumentCache full:https://registry.npmjs.org/@radix-ui%2freact-focus-scope cache-miss
104 http cache https://registry.npmjs.org/@radix-ui%2freact-use-is-hydrated 9ms (cache hit)
105 silly packumentCache full:https://registry.npmjs.org/@radix-ui%2freact-use-is-hydrated set size:9242 disposed:false
106 silly fetch manifest @radix-ui/react-compose-refs@1.1.2
107 silly packumentCache full:https://registry.npmjs.org/@radix-ui%2freact-compose-refs cache-miss
108 http cache https://registry.npmjs.org/@radix-ui%2freact-context 10ms (cache hit)
109 silly packumentCache full:https://registry.npmjs.org/@radix-ui%2freact-context set size:233531 disposed:false
110 silly fetch manifest @radix-ui/react-focus-guards@1.1.3
111 silly packumentCache full:https://registry.npmjs.org/@radix-ui%2freact-focus-guards cache-miss
112 http cache https://registry.npmjs.org/aria-hidden 11ms (cache hit)
113 silly packumentCache full:https://registry.npmjs.org/aria-hidden set size:40391 disposed:false
114 silly fetch manifest @radix-ui/react-dismissable-layer@1.1.11
115 silly packumentCache full:https://registry.npmjs.org/@radix-ui%2freact-dismissable-layer cache-miss
116 http cache https://registry.npmjs.org/@radix-ui%2freact-context 10ms (cache hit)
117 silly packumentCache full:https://registry.npmjs.org/@radix-ui%2freact-context set size:233531 disposed:false
118 silly packumentCache full:https://registry.npmjs.org/@radix-ui%2freact-context dispose
119 silly fetch manifest @radix-ui/react-use-controllable-state@1.2.2
120 silly packumentCache full:https://registry.npmjs.org/@radix-ui%2freact-use-controllable-state cache-miss
121 http cache https://registry.npmjs.org/@radix-ui%2freact-id 12ms (cache hit)
122 silly packumentCache full:https://registry.npmjs.org/@radix-ui%2freact-id set size:325522 disposed:false
123 silly fetch manifest @radix-ui/primitive@1.1.3
124 silly packumentCache full:https://registry.npmjs.org/@radix-ui%2fprimitive cache-miss
125 http cache https://registry.npmjs.org/@radix-ui%2freact-use-layout-effect 14ms (cache hit)
126 silly packumentCache full:https://registry.npmjs.org/@radix-ui%2freact-use-layout-effect set size:213505 disposed:false
127 silly fetch manifest @radix-ui/react-menu@2.1.16
128 silly packumentCache full:https://registry.npmjs.org/@radix-ui%2freact-menu cache-miss
129 http cache https://registry.npmjs.org/react-remove-scroll 14ms (cache hit)
130 silly packumentCache full:https://registry.npmjs.org/react-remove-scroll set size:143940 disposed:false
131 silly fetch manifest @radix-ui/react-compose-refs@1.1.2
132 silly packumentCache full:https://registry.npmjs.org/@radix-ui%2freact-compose-refs cache-miss
133 http cache https://registry.npmjs.org/@radix-ui%2freact-portal 16ms (cache hit)
134 silly packumentCache full:https://registry.npmjs.org/@radix-ui%2freact-portal set size:629130 disposed:false
135 silly fetch manifest @radix-ui/react-use-controllable-state@1.2.2
136 silly packumentCache full:https://registry.npmjs.org/@radix-ui%2freact-use-controllable-state cache-miss
137 http cache https://registry.npmjs.org/@radix-ui%2fprimitive 18ms (cache hit)
138 silly packumentCache full:https://registry.npmjs.org/@radix-ui%2fprimitive set size:132498 disposed:false
139 silly fetch manifest @radix-ui/number@1.1.1
140 silly packumentCache full:https://registry.npmjs.org/@radix-ui%2fnumber cache-miss
141 http cache https://registry.npmjs.org/@radix-ui%2freact-compose-refs 14ms (cache hit)
142 silly packumentCache full:https://registry.npmjs.org/@radix-ui%2freact-compose-refs set size:219541 disposed:false
143 silly fetch manifest @radix-ui/react-popper@1.2.8
144 silly packumentCache full:https://registry.npmjs.org/@radix-ui%2freact-popper cache-miss
145 http cache https://registry.npmjs.org/@radix-ui%2freact-presence 18ms (cache hit)
146 silly packumentCache full:https://registry.npmjs.org/@radix-ui%2freact-presence set size:405151 disposed:false
147 silly fetch manifest @radix-ui/react-direction@1.1.1
148 silly packumentCache full:https://registry.npmjs.org/@radix-ui%2freact-direction cache-miss
149 http cache https://registry.npmjs.org/@radix-ui%2freact-focus-scope 18ms (cache hit)
150 silly packumentCache full:https://registry.npmjs.org/@radix-ui%2freact-focus-scope set size:604451 disposed:false
151 silly fetch manifest @radix-ui/react-collection@1.1.7
152 silly packumentCache full:https://registry.npmjs.org/@radix-ui%2freact-collection cache-miss
153 http cache https://registry.npmjs.org/@radix-ui%2freact-focus-guards 18ms (cache hit)
154 silly packumentCache full:https://registry.npmjs.org/@radix-ui%2freact-focus-guards set size:248364 disposed:false
155 silly fetch manifest @radix-ui/react-use-previous@1.1.1
156 silly packumentCache full:https://registry.npmjs.org/@radix-ui%2freact-use-previous cache-miss
157 http cache https://registry.npmjs.org/@radix-ui%2freact-use-controllable-state 18ms (cache hit)
158 silly packumentCache full:https://registry.npmjs.org/@radix-ui%2freact-use-controllable-state set size:296197 disposed:false
159 silly fetch manifest @radix-ui/react-visually-hidden@1.2.3
160 silly packumentCache full:https://registry.npmjs.org/@radix-ui%2freact-visually-hidden cache-miss
161 http cache https://registry.npmjs.org/@radix-ui%2freact-dismissable-layer 20ms (cache hit)
162 silly packumentCache full:https://registry.npmjs.org/@radix-ui%2freact-dismissable-layer set size:761258 disposed:false
163 silly fetch manifest @radix-ui/react-direction@1.1.1
164 silly packumentCache full:https://registry.npmjs.org/@radix-ui%2freact-direction cache-miss
165 http cache https://registry.npmjs.org/@radix-ui%2freact-menu 20ms (cache hit)
166 silly packumentCache full:https://registry.npmjs.org/@radix-ui%2freact-menu set size:1108902 disposed:false
167 silly fetch manifest @radix-ui/react-roving-focus@1.1.11
168 silly packumentCache full:https://registry.npmjs.org/@radix-ui%2freact-roving-focus cache-miss
169 http cache https://registry.npmjs.org/@radix-ui%2fprimitive 24ms (cache hit)
170 silly packumentCache full:https://registry.npmjs.org/@radix-ui%2fprimitive set size:132498 disposed:false
171 silly packumentCache full:https://registry.npmjs.org/@radix-ui%2fprimitive dispose
172 http cache https://registry.npmjs.org/@radix-ui%2freact-use-controllable-state 20ms (cache hit)
173 silly packumentCache full:https://registry.npmjs.org/@radix-ui%2freact-use-controllable-state set size:296197 disposed:false
174 silly packumentCache full:https://registry.npmjs.org/@radix-ui%2freact-use-controllable-state dispose
175 http cache https://registry.npmjs.org/@radix-ui%2freact-compose-refs 23ms (cache hit)
176 silly packumentCache full:https://registry.npmjs.org/@radix-ui%2freact-compose-refs set size:219541 disposed:false
177 silly packumentCache full:https://registry.npmjs.org/@radix-ui%2freact-compose-refs dispose
178 http cache https://registry.npmjs.org/@radix-ui%2fnumber 21ms (cache hit)
179 silly packumentCache full:https://registry.npmjs.org/@radix-ui%2fnumber set size:96601 disposed:false
180 http cache https://registry.npmjs.org/@radix-ui%2freact-popper 20ms (cache hit)
181 silly packumentCache full:https://registry.npmjs.org/@radix-ui%2freact-popper set size:723464 disposed:false
182 http cache https://registry.npmjs.org/@radix-ui%2freact-collection 19ms (cache hit)
183 silly packumentCache full:https://registry.npmjs.org/@radix-ui%2freact-collection set size:581621 disposed:false
184 http cache https://registry.npmjs.org/@radix-ui%2freact-use-previous 18ms (cache hit)
185 silly packumentCache full:https://registry.npmjs.org/@radix-ui%2freact-use-previous set size:285722 disposed:false
186 http cache https://registry.npmjs.org/@radix-ui%2freact-direction 22ms (cache hit)
187 silly packumentCache full:https://registry.npmjs.org/@radix-ui%2freact-direction set size:197211 disposed:false
188 http cache https://registry.npmjs.org/@radix-ui%2freact-direction 17ms (cache hit)
189 silly packumentCache full:https://registry.npmjs.org/@radix-ui%2freact-direction set size:197211 disposed:false
190 silly packumentCache full:https://registry.npmjs.org/@radix-ui%2freact-direction dispose
191 http cache https://registry.npmjs.org/@radix-ui%2freact-visually-hidden 20ms (cache hit)
192 silly packumentCache full:https://registry.npmjs.org/@radix-ui%2freact-visually-hidden set size:554928 disposed:false
193 http cache https://registry.npmjs.org/@radix-ui%2freact-roving-focus 16ms (cache hit)
194 silly packumentCache full:https://registry.npmjs.org/@radix-ui%2freact-roving-focus set size:777207 disposed:false
195 silly fetch manifest @types/react@*
196 silly packumentCache full:https://registry.npmjs.org/@types%2freact cache-miss
197 http cache https://registry.npmjs.org/@types%2freact 3ms (cache hit)
198 silly packumentCache full:https://registry.npmjs.org/@types%2freact set size:2450930 disposed:false
199 silly fetch manifest react@^16.8 || ^17.0 || ^18.0 || ^19.0 || ^19.0.0-rc
200 silly packumentCache full:https://registry.npmjs.org/react cache-miss
201 http cache https://registry.npmjs.org/react 7ms (cache hit)
202 silly packumentCache full:https://registry.npmjs.org/react set size:6005583 disposed:false
203 silly fetch manifest @types/react-dom@*
204 silly packumentCache full:https://registry.npmjs.org/@types%2freact-dom cache-hit
205 silly fetch manifest react-dom@^16.8 || ^17.0 || ^18.0 || ^19.0 || ^19.0.0-rc
206 silly packumentCache full:https://registry.npmjs.org/react-dom cache-miss
207 http cache https://registry.npmjs.org/react-dom 8ms (cache hit)
208 silly packumentCache full:https://registry.npmjs.org/react-dom set size:7763042 disposed:false
209 silly placeDep ROOT @radix-ui/react-context@1.1.2 OK for: @radix-ui/react-avatar@1.1.10 want: 1.1.2
210 silly placeDep ROOT @radix-ui/react-primitive@2.1.3 OK for: @radix-ui/react-avatar@1.1.10 want: 2.1.3
211 silly placeDep ROOT @radix-ui/react-use-callback-ref@1.1.1 OK for: @radix-ui/react-avatar@1.1.10 want: 1.1.1
212 silly placeDep ROOT @radix-ui/react-use-is-hydrated@0.1.0 OK for: @radix-ui/react-avatar@1.1.10 want: 0.1.0
213 silly placeDep ROOT @radix-ui/react-use-layout-effect@1.1.1 OK for: @radix-ui/react-avatar@1.1.10 want: 1.1.1
214 silly fetch manifest use-sync-external-store@^1.5.0
215 silly packumentCache full:https://registry.npmjs.org/use-sync-external-store cache-miss
216 http cache https://registry.npmjs.org/use-sync-external-store 6ms (cache hit)
217 silly packumentCache full:https://registry.npmjs.org/use-sync-external-store set size:3985159 disposed:false
218 silly placeDep ROOT @radix-ui/primitive@1.1.3 OK for: @radix-ui/react-dialog@1.1.15 want: 1.1.3
219 silly placeDep ROOT @radix-ui/react-compose-refs@1.1.2 OK for: @radix-ui/react-dialog@1.1.15 want: 1.1.2
220 silly placeDep ROOT @radix-ui/react-dismissable-layer@1.1.11 OK for: @radix-ui/react-dialog@1.1.15 want: 1.1.11
221 silly placeDep ROOT @radix-ui/react-focus-guards@1.1.3 OK for: @radix-ui/react-dialog@1.1.15 want: 1.1.3
222 silly placeDep ROOT @radix-ui/react-focus-scope@1.1.7 OK for: @radix-ui/react-dialog@1.1.15 want: 1.1.7
223 silly placeDep ROOT @radix-ui/react-id@1.1.1 OK for: @radix-ui/react-dialog@1.1.15 want: 1.1.1
224 silly placeDep ROOT @radix-ui/react-portal@1.1.9 OK for: @radix-ui/react-dialog@1.1.15 want: 1.1.9
225 silly placeDep ROOT @radix-ui/react-presence@1.1.5 OK for: @radix-ui/react-dialog@1.1.15 want: 1.1.5
226 silly placeDep ROOT @radix-ui/react-use-controllable-state@1.2.2 OK for: @radix-ui/react-dialog@1.1.15 want: 1.2.2
227 silly placeDep ROOT aria-hidden@1.2.6 OK for: @radix-ui/react-dialog@1.1.15 want: ^1.2.4
228 silly placeDep ROOT react-remove-scroll@2.7.1 OK for: @radix-ui/react-dialog@1.1.15 want: ^2.6.3
229 silly fetch manifest @radix-ui/react-use-escape-keydown@1.1.1
230 silly packumentCache full:https://registry.npmjs.org/@radix-ui%2freact-use-escape-keydown cache-miss
231 silly fetch manifest @radix-ui/react-use-effect-event@0.0.2
232 silly packumentCache full:https://registry.npmjs.org/@radix-ui%2freact-use-effect-event cache-miss
233 silly fetch manifest react-remove-scroll-bar@^2.3.7
234 silly packumentCache full:https://registry.npmjs.org/react-remove-scroll-bar cache-miss
235 silly fetch manifest react-style-singleton@^2.2.3
236 silly packumentCache full:https://registry.npmjs.org/react-style-singleton cache-miss
237 silly fetch manifest use-callback-ref@^1.3.3
238 silly packumentCache full:https://registry.npmjs.org/use-callback-ref cache-miss
239 silly fetch manifest use-sidecar@^1.1.3
240 silly packumentCache full:https://registry.npmjs.org/use-sidecar cache-miss
241 http cache https://registry.npmjs.org/react-style-singleton 3ms (cache hit)
242 silly packumentCache full:https://registry.npmjs.org/react-style-singleton set size:33682 disposed:false
243 http cache https://registry.npmjs.org/@radix-ui%2freact-use-effect-event 3ms (cache hit)
244 silly packumentCache full:https://registry.npmjs.org/@radix-ui%2freact-use-effect-event set size:23465 disposed:false
245 http cache https://registry.npmjs.org/@radix-ui%2freact-use-escape-keydown 4ms (cache hit)
246 silly packumentCache full:https://registry.npmjs.org/@radix-ui%2freact-use-escape-keydown set size:278352 disposed:false
247 http cache https://registry.npmjs.org/react-remove-scroll-bar 5ms (cache hit)
248 silly packumentCache full:https://registry.npmjs.org/react-remove-scroll-bar set size:66434 disposed:false
249 http cache https://registry.npmjs.org/use-callback-ref 6ms (cache hit)
250 silly packumentCache full:https://registry.npmjs.org/use-callback-ref set size:47599 disposed:false
251 http cache https://registry.npmjs.org/use-sidecar 5ms (cache hit)
252 silly packumentCache full:https://registry.npmjs.org/use-sidecar set size:58998 disposed:false
253 silly placeDep ROOT @radix-ui/react-use-escape-keydown@1.1.1 OK for: @radix-ui/react-dismissable-layer@1.1.11 want: 1.1.1
254 silly placeDep ROOT @radix-ui/react-menu@2.1.16 OK for: @radix-ui/react-dropdown-menu@2.1.16 want: 2.1.16
255 silly placeDep ROOT @radix-ui/react-collection@1.1.7 OK for: @radix-ui/react-menu@2.1.16 want: 1.1.7
256 silly placeDep ROOT @radix-ui/react-direction@1.1.1 OK for: @radix-ui/react-menu@2.1.16 want: 1.1.1
257 silly placeDep ROOT @radix-ui/react-popper@1.2.8 OK for: @radix-ui/react-menu@2.1.16 want: 1.2.8
258 silly placeDep ROOT @radix-ui/react-roving-focus@1.1.11 OK for: @radix-ui/react-menu@2.1.16 want: 1.1.11
259 silly fetch manifest @radix-ui/rect@1.1.1
260 silly packumentCache full:https://registry.npmjs.org/@radix-ui%2frect cache-miss
261 silly fetch manifest @radix-ui/react-arrow@1.1.7
262 silly packumentCache full:https://registry.npmjs.org/@radix-ui%2freact-arrow cache-miss
263 silly fetch manifest @floating-ui/react-dom@^2.0.0
264 silly packumentCache full:https://registry.npmjs.org/@floating-ui%2freact-dom cache-miss
265 silly fetch manifest @radix-ui/react-use-rect@1.1.1
266 silly packumentCache full:https://registry.npmjs.org/@radix-ui%2freact-use-rect cache-miss
267 silly fetch manifest @radix-ui/react-use-size@1.1.1
268 silly packumentCache full:https://registry.npmjs.org/@radix-ui%2freact-use-size cache-miss
269 http cache https://registry.npmjs.org/@radix-ui%2frect 3ms (cache hit)
270 silly packumentCache full:https://registry.npmjs.org/@radix-ui%2frect set size:101477 disposed:false
271 http cache https://registry.npmjs.org/@floating-ui%2freact-dom 2ms (cache hit)
272 silly packumentCache full:https://registry.npmjs.org/@floating-ui%2freact-dom set size:158879 disposed:false
273 http cache https://registry.npmjs.org/@radix-ui%2freact-use-size 4ms (cache hit)
274 silly packumentCache full:https://registry.npmjs.org/@radix-ui%2freact-use-size set size:272227 disposed:false
275 http cache https://registry.npmjs.org/@radix-ui%2freact-use-rect 5ms (cache hit)
276 silly packumentCache full:https://registry.npmjs.org/@radix-ui%2freact-use-rect set size:226157 disposed:false
277 http cache https://registry.npmjs.org/@radix-ui%2freact-arrow 6ms (cache hit)
278 silly packumentCache full:https://registry.npmjs.org/@radix-ui%2freact-arrow set size:546372 disposed:false
279 silly placeDep ROOT @floating-ui/react-dom@2.1.6 OK for: @radix-ui/react-popper@1.2.8 want: ^2.0.0
280 silly placeDep ROOT @radix-ui/react-arrow@1.1.7 OK for: @radix-ui/react-popper@1.2.8 want: 1.1.7
281 silly placeDep ROOT @radix-ui/react-use-rect@1.1.1 OK for: @radix-ui/react-popper@1.2.8 want: 1.1.1
282 silly placeDep ROOT @radix-ui/react-use-size@1.1.1 OK for: @radix-ui/react-popper@1.2.8 want: 1.1.1
283 silly placeDep ROOT @radix-ui/rect@1.1.1 OK for: @radix-ui/react-popper@1.2.8 want: 1.1.1
284 silly fetch manifest @floating-ui/dom@^1.7.4
285 silly packumentCache full:https://registry.npmjs.org/@floating-ui%2fdom cache-miss
286 http cache https://registry.npmjs.org/@floating-ui%2fdom 2ms (cache hit)
287 silly packumentCache full:https://registry.npmjs.org/@floating-ui%2fdom set size:245681 disposed:false
288 silly placeDep ROOT @floating-ui/dom@1.7.4 OK for: @floating-ui/react-dom@2.1.6 want: ^1.7.4
289 silly fetch manifest @floating-ui/core@^1.7.3
290 silly packumentCache full:https://registry.npmjs.org/@floating-ui%2fcore cache-miss
291 silly fetch manifest @floating-ui/utils@^0.2.10
292 silly packumentCache full:https://registry.npmjs.org/@floating-ui%2futils cache-miss
293 http cache https://registry.npmjs.org/@floating-ui%2futils 1ms (cache hit)
294 silly packumentCache full:https://registry.npmjs.org/@floating-ui%2futils set size:48234 disposed:false
295 http cache https://registry.npmjs.org/@floating-ui%2fcore 2ms (cache hit)
296 silly packumentCache full:https://registry.npmjs.org/@floating-ui%2fcore set size:173742 disposed:false
297 silly placeDep ROOT @floating-ui/core@1.7.3 OK for: @floating-ui/dom@1.7.4 want: ^1.7.3
298 silly placeDep ROOT @floating-ui/utils@0.2.10 OK for: @floating-ui/dom@1.7.4 want: ^0.2.10
299 silly placeDep ROOT @radix-ui/number@1.1.1 OK for: @radix-ui/react-select@2.2.6 want: 1.1.1
300 silly placeDep ROOT @radix-ui/react-use-previous@1.1.1 OK for: @radix-ui/react-select@2.2.6 want: 1.1.1
301 silly placeDep ROOT @radix-ui/react-visually-hidden@1.2.3 OK for: @radix-ui/react-select@2.2.6 want: 1.2.3
302 silly placeDep ROOT @radix-ui/react-use-effect-event@0.0.2 OK for: @radix-ui/react-use-controllable-state@1.2.2 want: 0.0.2
303 silly placeDep ROOT use-sync-external-store@1.5.0 OK for: @radix-ui/react-use-is-hydrated@0.1.0 want: ^1.5.0
304 silly fetch manifest react@^16.8.0 || ^17.0.0 || ^18.0.0 || ^19.0.0 || ^19.0.0-rc
305 silly packumentCache full:https://registry.npmjs.org/react cache-miss
306 http cache https://registry.npmjs.org/react 7ms (cache hit)
307 silly packumentCache full:https://registry.npmjs.org/react set size:6005583 disposed:false
308 silly placeDep ROOT react-remove-scroll-bar@2.3.8 OK for: react-remove-scroll@2.7.1 want: ^2.3.7
309 silly placeDep ROOT react-style-singleton@2.2.3 OK for: react-remove-scroll@2.7.1 want: ^2.2.3
310 silly placeDep ROOT use-callback-ref@1.3.3 OK for: react-remove-scroll@2.7.1 want: ^1.3.3
311 silly placeDep ROOT use-sidecar@1.1.3 OK for: react-remove-scroll@2.7.1 want: ^1.1.3
312 silly fetch manifest react-style-singleton@^2.2.2
313 silly packumentCache full:https://registry.npmjs.org/react-style-singleton cache-hit
314 silly fetch manifest get-nonce@^1.0.0
315 silly packumentCache full:https://registry.npmjs.org/get-nonce cache-miss
316 silly fetch manifest detect-node-es@^1.1.0
317 silly packumentCache full:https://registry.npmjs.org/detect-node-es cache-miss
318 http cache https://registry.npmjs.org/detect-node-es 3ms (cache hit)
319 silly packumentCache full:https://registry.npmjs.org/detect-node-es set size:6554 disposed:false
320 http cache https://registry.npmjs.org/get-nonce 3ms (cache hit)
321 silly packumentCache full:https://registry.npmjs.org/get-nonce set size:8902 disposed:false
322 silly placeDep ROOT get-nonce@1.0.1 OK for: react-style-singleton@2.2.3 want: ^1.0.0
323 silly placeDep ROOT detect-node-es@1.1.0 OK for: use-sidecar@1.1.3 want: ^1.1.0
324 silly reify moves {}
325 silly reify mark deleted [
325 silly reify   '/Users/claudiodamasco/Documents/www/leaotalentebridge/leao-careers/node_modules/@emnapi/core'
325 silly reify ]
326 silly reify mark deleted [
326 silly reify   '/Users/claudiodamasco/Documents/www/leaotalentebridge/leao-careers/node_modules/@emnapi/runtime'
326 silly reify ]
327 silly reify mark deleted [
327 silly reify   '/Users/claudiodamasco/Documents/www/leaotalentebridge/leao-careers/node_modules/@emnapi/wasi-threads'
327 silly reify ]
328 silly reify mark deleted [
328 silly reify   '/Users/claudiodamasco/Documents/www/leaotalentebridge/leao-careers/node_modules/@img/sharp-darwin-arm64'
328 silly reify ]
329 silly reify mark deleted [
329 silly reify   '/Users/claudiodamasco/Documents/www/leaotalentebridge/leao-careers/node_modules/@img/sharp-darwin-x64'
329 silly reify ]
330 silly reify mark deleted [
330 silly reify   '/Users/claudiodamasco/Documents/www/leaotalentebridge/leao-careers/node_modules/@img/sharp-libvips-darwin-arm64'
330 silly reify ]
331 silly reify mark deleted [
331 silly reify   '/Users/claudiodamasco/Documents/www/leaotalentebridge/leao-careers/node_modules/@img/sharp-libvips-darwin-x64'
331 silly reify ]
332 silly reify mark deleted [
332 silly reify   '/Users/claudiodamasco/Documents/www/leaotalentebridge/leao-careers/node_modules/@img/sharp-libvips-linux-arm'
332 silly reify ]
333 silly reify mark deleted [
333 silly reify   '/Users/claudiodamasco/Documents/www/leaotalentebridge/leao-careers/node_modules/@img/sharp-libvips-linux-arm64'
333 silly reify ]
334 silly reify mark deleted [
334 silly reify   '/Users/claudiodamasco/Documents/www/leaotalentebridge/leao-careers/node_modules/@img/sharp-libvips-linux-ppc64'
334 silly reify ]
335 silly reify mark deleted [
335 silly reify   '/Users/claudiodamasco/Documents/www/leaotalentebridge/leao-careers/node_modules/@img/sharp-libvips-linux-s390x'
335 silly reify ]
336 silly reify mark deleted [
336 silly reify   '/Users/claudiodamasco/Documents/www/leaotalentebridge/leao-careers/node_modules/@img/sharp-libvips-linux-x64'
336 silly reify ]
337 silly reify mark deleted [
337 silly reify   '/Users/claudiodamasco/Documents/www/leaotalentebridge/leao-careers/node_modules/@img/sharp-libvips-linuxmusl-arm64'
337 silly reify ]
338 silly reify mark deleted [
338 silly reify   '/Users/claudiodamasco/Documents/www/leaotalentebridge/leao-careers/node_modules/@img/sharp-libvips-linuxmusl-x64'
338 silly reify ]
339 silly reify mark deleted [
339 silly reify   '/Users/claudiodamasco/Documents/www/leaotalentebridge/leao-careers/node_modules/@img/sharp-linux-arm'
339 silly reify ]
340 silly reify mark deleted [
340 silly reify   '/Users/claudiodamasco/Documents/www/leaotalentebridge/leao-careers/node_modules/@img/sharp-linux-arm64'
340 silly reify ]
341 silly reify mark deleted [
341 silly reify   '/Users/claudiodamasco/Documents/www/leaotalentebridge/leao-careers/node_modules/@img/sharp-linux-ppc64'
341 silly reify ]
342 silly reify mark deleted [
342 silly reify   '/Users/claudiodamasco/Documents/www/leaotalentebridge/leao-careers/node_modules/@img/sharp-linux-s390x'
342 silly reify ]
343 silly reify mark deleted [
343 silly reify   '/Users/claudiodamasco/Documents/www/leaotalentebridge/leao-careers/node_modules/@img/sharp-linux-x64'
343 silly reify ]
344 silly reify mark deleted [
344 silly reify   '/Users/claudiodamasco/Documents/www/leaotalentebridge/leao-careers/node_modules/@img/sharp-linuxmusl-arm64'
344 silly reify ]
345 silly reify mark deleted [
345 silly reify   '/Users/claudiodamasco/Documents/www/leaotalentebridge/leao-careers/node_modules/@img/sharp-linuxmusl-x64'
345 silly reify ]
346 silly reify mark deleted [
346 silly reify   '/Users/claudiodamasco/Documents/www/leaotalentebridge/leao-careers/node_modules/@img/sharp-wasm32'
346 silly reify ]
347 silly reify mark deleted [
347 silly reify   '/Users/claudiodamasco/Documents/www/leaotalentebridge/leao-careers/node_modules/@img/sharp-win32-arm64'
347 silly reify ]
348 silly reify mark deleted [
348 silly reify   '/Users/claudiodamasco/Documents/www/leaotalentebridge/leao-careers/node_modules/@img/sharp-win32-ia32'
348 silly reify ]
349 silly reify mark deleted [
349 silly reify   '/Users/claudiodamasco/Documents/www/leaotalentebridge/leao-careers/node_modules/@img/sharp-win32-x64'
349 silly reify ]
350 silly reify mark deleted [
350 silly reify   '/Users/claudiodamasco/Documents/www/leaotalentebridge/leao-careers/node_modules/@napi-rs/wasm-runtime'
350 silly reify ]
351 silly reify mark deleted [
351 silly reify   '/Users/claudiodamasco/Documents/www/leaotalentebridge/leao-careers/node_modules/@next/swc-darwin-arm64'
351 silly reify ]
352 silly reify mark deleted [
352 silly reify   '/Users/claudiodamasco/Documents/www/leaotalentebridge/leao-careers/node_modules/@next/swc-darwin-x64'
352 silly reify ]
353 silly reify mark deleted [
353 silly reify   '/Users/claudiodamasco/Documents/www/leaotalentebridge/leao-careers/node_modules/@next/swc-linux-arm64-gnu'
353 silly reify ]
354 silly reify mark deleted [
354 silly reify   '/Users/claudiodamasco/Documents/www/leaotalentebridge/leao-careers/node_modules/@next/swc-linux-arm64-musl'
354 silly reify ]
355 silly reify mark deleted [
355 silly reify   '/Users/claudiodamasco/Documents/www/leaotalentebridge/leao-careers/node_modules/@next/swc-linux-x64-gnu'
355 silly reify ]
356 silly reify mark deleted [
356 silly reify   '/Users/claudiodamasco/Documents/www/leaotalentebridge/leao-careers/node_modules/@next/swc-linux-x64-musl'
356 silly reify ]
357 silly reify mark deleted [
357 silly reify   '/Users/claudiodamasco/Documents/www/leaotalentebridge/leao-careers/node_modules/@next/swc-win32-arm64-msvc'
357 silly reify ]
358 silly reify mark deleted [
358 silly reify   '/Users/claudiodamasco/Documents/www/leaotalentebridge/leao-careers/node_modules/@next/swc-win32-x64-msvc'
358 silly reify ]
359 silly reify mark deleted [
359 silly reify   '/Users/claudiodamasco/Documents/www/leaotalentebridge/leao-careers/node_modules/@tybys/wasm-util'
359 silly reify ]
360 silly reify mark deleted [
360 silly reify   '/Users/claudiodamasco/Documents/www/leaotalentebridge/leao-careers/node_modules/@unrs/resolver-binding-android-arm-eabi'
360 silly reify ]
361 silly reify mark deleted [
361 silly reify   '/Users/claudiodamasco/Documents/www/leaotalentebridge/leao-careers/node_modules/@unrs/resolver-binding-android-arm64'
361 silly reify ]
362 silly reify mark deleted [
362 silly reify   '/Users/claudiodamasco/Documents/www/leaotalentebridge/leao-careers/node_modules/@unrs/resolver-binding-darwin-arm64'
362 silly reify ]
363 silly reify mark deleted [
363 silly reify   '/Users/claudiodamasco/Documents/www/leaotalentebridge/leao-careers/node_modules/@unrs/resolver-binding-darwin-x64'
363 silly reify ]
364 silly reify mark deleted [
364 silly reify   '/Users/claudiodamasco/Documents/www/leaotalentebridge/leao-careers/node_modules/@unrs/resolver-binding-freebsd-x64'
364 silly reify ]
365 silly reify mark deleted [
365 silly reify   '/Users/claudiodamasco/Documents/www/leaotalentebridge/leao-careers/node_modules/@unrs/resolver-binding-linux-arm-gnueabihf'
365 silly reify ]
366 silly reify mark deleted [
366 silly reify   '/Users/claudiodamasco/Documents/www/leaotalentebridge/leao-careers/node_modules/@unrs/resolver-binding-linux-arm-musleabihf'
366 silly reify ]
367 silly reify mark deleted [
367 silly reify   '/Users/claudiodamasco/Documents/www/leaotalentebridge/leao-careers/node_modules/@unrs/resolver-binding-linux-arm64-gnu'
367 silly reify ]
368 silly reify mark deleted [
368 silly reify   '/Users/claudiodamasco/Documents/www/leaotalentebridge/leao-careers/node_modules/@unrs/resolver-binding-linux-arm64-musl'
368 silly reify ]
369 silly reify mark deleted [
369 silly reify   '/Users/claudiodamasco/Documents/www/leaotalentebridge/leao-careers/node_modules/@unrs/resolver-binding-linux-ppc64-gnu'
369 silly reify ]
370 silly reify mark deleted [
370 silly reify   '/Users/claudiodamasco/Documents/www/leaotalentebridge/leao-careers/node_modules/@unrs/resolver-binding-linux-riscv64-gnu'
370 silly reify ]
371 silly reify mark deleted [
371 silly reify   '/Users/claudiodamasco/Documents/www/leaotalentebridge/leao-careers/node_modules/@unrs/resolver-binding-linux-riscv64-musl'
371 silly reify ]
372 silly reify mark deleted [
372 silly reify   '/Users/claudiodamasco/Documents/www/leaotalentebridge/leao-careers/node_modules/@unrs/resolver-binding-linux-s390x-gnu'
372 silly reify ]
373 silly reify mark deleted [
373 silly reify   '/Users/claudiodamasco/Documents/www/leaotalentebridge/leao-careers/node_modules/@unrs/resolver-binding-linux-x64-gnu'
373 silly reify ]
374 silly reify mark deleted [
374 silly reify   '/Users/claudiodamasco/Documents/www/leaotalentebridge/leao-careers/node_modules/@unrs/resolver-binding-linux-x64-musl'
374 silly reify ]
375 silly reify mark deleted [
375 silly reify   '/Users/claudiodamasco/Documents/www/leaotalentebridge/leao-careers/node_modules/@unrs/resolver-binding-wasm32-wasi'
375 silly reify ]
376 silly reify mark deleted [
376 silly reify   '/Users/claudiodamasco/Documents/www/leaotalentebridge/leao-careers/node_modules/@unrs/resolver-binding-win32-arm64-msvc'
376 silly reify ]
377 silly reify mark deleted [
377 silly reify   '/Users/claudiodamasco/Documents/www/leaotalentebridge/leao-careers/node_modules/@unrs/resolver-binding-win32-ia32-msvc'
377 silly reify ]
378 silly reify mark deleted [
378 silly reify   '/Users/claudiodamasco/Documents/www/leaotalentebridge/leao-careers/node_modules/@unrs/resolver-binding-win32-x64-msvc'
378 silly reify ]
379 silly reify mark deleted [
379 silly reify   '/Users/claudiodamasco/Documents/www/leaotalentebridge/leao-careers/node_modules/color'
379 silly reify ]
380 silly reify mark deleted [
380 silly reify   '/Users/claudiodamasco/Documents/www/leaotalentebridge/leao-careers/node_modules/color-string'
380 silly reify ]
381 silly reify mark deleted [
381 silly reify   '/Users/claudiodamasco/Documents/www/leaotalentebridge/leao-careers/node_modules/detect-libc'
381 silly reify ]
382 silly reify mark deleted [
382 silly reify   '/Users/claudiodamasco/Documents/www/leaotalentebridge/leao-careers/node_modules/is-arrayish'
382 silly reify ]
383 silly reify mark deleted [
383 silly reify   '/Users/claudiodamasco/Documents/www/leaotalentebridge/leao-careers/node_modules/sharp'
383 silly reify ]
384 silly reify mark deleted [
384 silly reify   '/Users/claudiodamasco/Documents/www/leaotalentebridge/leao-careers/node_modules/simple-swizzle'
384 silly reify ]
385 http cache detect-node-es@https://registry.npmjs.org/detect-node-es/-/detect-node-es-1.1.0.tgz 0ms (cache hit)
386 http cache use-callback-ref@https://registry.npmjs.org/use-callback-ref/-/use-callback-ref-1.3.3.tgz 0ms (cache hit)
387 http cache get-nonce@https://registry.npmjs.org/get-nonce/-/get-nonce-1.0.1.tgz 0ms (cache hit)
388 http cache use-sidecar@https://registry.npmjs.org/use-sidecar/-/use-sidecar-1.1.3.tgz 0ms (cache hit)
389 http cache react-style-singleton@https://registry.npmjs.org/react-style-singleton/-/react-style-singleton-2.2.3.tgz 0ms (cache hit)
390 http cache react-remove-scroll-bar@https://registry.npmjs.org/react-remove-scroll-bar/-/react-remove-scroll-bar-2.3.8.tgz 0ms (cache hit)
391 http cache use-sync-external-store@https://registry.npmjs.org/use-sync-external-store/-/use-sync-external-store-1.5.0.tgz 0ms (cache hit)
392 http cache @radix-ui/react-visually-hidden@https://registry.npmjs.org/@radix-ui/react-visually-hidden/-/react-visually-hidden-1.2.3.tgz 0ms (cache hit)
393 http cache @radix-ui/react-use-effect-event@https://registry.npmjs.org/@radix-ui/react-use-effect-event/-/react-use-effect-event-0.0.2.tgz 0ms (cache hit)
394 http cache @radix-ui/number@https://registry.npmjs.org/@radix-ui/number/-/number-1.1.1.tgz 0ms (cache hit)
395 http cache @floating-ui/utils@https://registry.npmjs.org/@floating-ui/utils/-/utils-0.2.10.tgz 0ms (cache hit)
396 http cache @radix-ui/react-use-previous@https://registry.npmjs.org/@radix-ui/react-use-previous/-/react-use-previous-1.1.1.tgz 0ms (cache hit)
397 http cache @floating-ui/core@https://registry.npmjs.org/@floating-ui/core/-/core-1.7.3.tgz 0ms (cache hit)
398 http cache @floating-ui/dom@https://registry.npmjs.org/@floating-ui/dom/-/dom-1.7.4.tgz 0ms (cache hit)
399 http cache @radix-ui/rect@https://registry.npmjs.org/@radix-ui/rect/-/rect-1.1.1.tgz 0ms (cache hit)
400 http cache @radix-ui/react-use-rect@https://registry.npmjs.org/@radix-ui/react-use-rect/-/react-use-rect-1.1.1.tgz 0ms (cache hit)
401 http cache @floating-ui/react-dom@https://registry.npmjs.org/@floating-ui/react-dom/-/react-dom-2.1.6.tgz 0ms (cache hit)
402 http cache @radix-ui/react-arrow@https://registry.npmjs.org/@radix-ui/react-arrow/-/react-arrow-1.1.7.tgz 0ms (cache hit)
403 http cache @radix-ui/react-roving-focus@https://registry.npmjs.org/@radix-ui/react-roving-focus/-/react-roving-focus-1.1.11.tgz 0ms (cache hit)
404 http cache @radix-ui/react-use-size@https://registry.npmjs.org/@radix-ui/react-use-size/-/react-use-size-1.1.1.tgz 0ms (cache hit)
405 http cache @radix-ui/react-direction@https://registry.npmjs.org/@radix-ui/react-direction/-/react-direction-1.1.1.tgz 0ms (cache hit)
406 http cache @radix-ui/react-collection@https://registry.npmjs.org/@radix-ui/react-collection/-/react-collection-1.1.7.tgz 0ms (cache hit)
407 http cache @radix-ui/react-use-escape-keydown@https://registry.npmjs.org/@radix-ui/react-use-escape-keydown/-/react-use-escape-keydown-1.1.1.tgz 0ms (cache hit)
408 http cache react-remove-scroll@https://registry.npmjs.org/react-remove-scroll/-/react-remove-scroll-2.7.1.tgz 0ms (cache hit)
409 http cache @radix-ui/react-popper@https://registry.npmjs.org/@radix-ui/react-popper/-/react-popper-1.2.8.tgz 0ms (cache hit)
410 http cache aria-hidden@https://registry.npmjs.org/aria-hidden/-/aria-hidden-1.2.6.tgz 0ms (cache hit)
411 http cache @radix-ui/react-use-controllable-state@https://registry.npmjs.org/@radix-ui/react-use-controllable-state/-/react-use-controllable-state-1.2.2.tgz 0ms (cache hit)
412 http cache @radix-ui/react-presence@https://registry.npmjs.org/@radix-ui/react-presence/-/react-presence-1.1.5.tgz 0ms (cache hit)
413 http cache @radix-ui/react-portal@https://registry.npmjs.org/@radix-ui/react-portal/-/react-portal-1.1.9.tgz 0ms (cache hit)
414 http cache @radix-ui/react-id@https://registry.npmjs.org/@radix-ui/react-id/-/react-id-1.1.1.tgz 0ms (cache hit)
415 http cache @radix-ui/react-menu@https://registry.npmjs.org/@radix-ui/react-menu/-/react-menu-2.1.16.tgz 0ms (cache hit)
416 http cache @radix-ui/react-focus-scope@https://registry.npmjs.org/@radix-ui/react-focus-scope/-/react-focus-scope-1.1.7.tgz 0ms (cache hit)
417 http cache @radix-ui/react-focus-guards@https://registry.npmjs.org/@radix-ui/react-focus-guards/-/react-focus-guards-1.1.3.tgz 0ms (cache hit)
418 http cache @radix-ui/react-dismissable-layer@https://registry.npmjs.org/@radix-ui/react-dismissable-layer/-/react-dismissable-layer-1.1.11.tgz 0ms (cache hit)
419 http cache @radix-ui/react-compose-refs@https://registry.npmjs.org/@radix-ui/react-compose-refs/-/react-compose-refs-1.1.2.tgz 0ms (cache hit)
420 http cache @radix-ui/react-use-layout-effect@https://registry.npmjs.org/@radix-ui/react-use-layout-effect/-/react-use-layout-effect-1.1.1.tgz 0ms (cache hit)
421 http cache @radix-ui/primitive@https://registry.npmjs.org/@radix-ui/primitive/-/primitive-1.1.3.tgz 0ms (cache hit)
422 http cache @radix-ui/react-use-is-hydrated@https://registry.npmjs.org/@radix-ui/react-use-is-hydrated/-/react-use-is-hydrated-0.1.0.tgz 0ms (cache hit)
423 http cache @radix-ui/react-use-callback-ref@https://registry.npmjs.org/@radix-ui/react-use-callback-ref/-/react-use-callback-ref-1.1.1.tgz 0ms (cache hit)
424 http cache @radix-ui/react-primitive@https://registry.npmjs.org/@radix-ui/react-primitive/-/react-primitive-2.1.3.tgz 0ms (cache hit)
425 http cache @radix-ui/react-slot@https://registry.npmjs.org/@radix-ui/react-slot/-/react-slot-1.2.3.tgz 0ms (cache hit)
426 http cache @radix-ui/react-separator@https://registry.npmjs.org/@radix-ui/react-separator/-/react-separator-1.1.7.tgz 0ms (cache hit)
427 http cache @radix-ui/react-select@https://registry.npmjs.org/@radix-ui/react-select/-/react-select-2.2.6.tgz 0ms (cache hit)
428 http cache @radix-ui/react-context@https://registry.npmjs.org/@radix-ui/react-context/-/react-context-1.1.2.tgz 0ms (cache hit)
429 http cache @radix-ui/react-progress@https://registry.npmjs.org/@radix-ui/react-progress/-/react-progress-1.1.7.tgz 0ms (cache hit)
430 http cache @radix-ui/react-dropdown-menu@https://registry.npmjs.org/@radix-ui/react-dropdown-menu/-/react-dropdown-menu-2.1.16.tgz 0ms (cache hit)
431 http cache @radix-ui/react-avatar@https://registry.npmjs.org/@radix-ui/react-avatar/-/react-avatar-1.1.10.tgz 0ms (cache hit)
432 http cache @radix-ui/react-dialog@https://registry.npmjs.org/@radix-ui/react-dialog/-/react-dialog-1.1.15.tgz 0ms (cache hit)
433 http cache @radix-ui/react-tabs@https://registry.npmjs.org/@radix-ui/react-tabs/-/react-tabs-1.1.13.tgz 0ms (cache hit)
434 silly tarball no local data for detect-node-es@https://registry.npmjs.org/detect-node-es/-/detect-node-es-1.1.0.tgz. Extracting by manifest.
435 silly tarball no local data for use-callback-ref@https://registry.npmjs.org/use-callback-ref/-/use-callback-ref-1.3.3.tgz. Extracting by manifest.
436 silly tarball no local data for get-nonce@https://registry.npmjs.org/get-nonce/-/get-nonce-1.0.1.tgz. Extracting by manifest.
437 silly tarball no local data for use-sidecar@https://registry.npmjs.org/use-sidecar/-/use-sidecar-1.1.3.tgz. Extracting by manifest.
438 silly tarball no local data for react-style-singleton@https://registry.npmjs.org/react-style-singleton/-/react-style-singleton-2.2.3.tgz. Extracting by manifest.
439 silly tarball no local data for react-remove-scroll-bar@https://registry.npmjs.org/react-remove-scroll-bar/-/react-remove-scroll-bar-2.3.8.tgz. Extracting by manifest.
440 silly tarball no local data for use-sync-external-store@https://registry.npmjs.org/use-sync-external-store/-/use-sync-external-store-1.5.0.tgz. Extracting by manifest.
441 silly tarball no local data for @radix-ui/react-visually-hidden@https://registry.npmjs.org/@radix-ui/react-visually-hidden/-/react-visually-hidden-1.2.3.tgz. Extracting by manifest.
442 silly tarball no local data for @radix-ui/react-use-effect-event@https://registry.npmjs.org/@radix-ui/react-use-effect-event/-/react-use-effect-event-0.0.2.tgz. Extracting by manifest.
443 silly tarball no local data for @radix-ui/number@https://registry.npmjs.org/@radix-ui/number/-/number-1.1.1.tgz. Extracting by manifest.
444 silly tarball no local data for @floating-ui/utils@https://registry.npmjs.org/@floating-ui/utils/-/utils-0.2.10.tgz. Extracting by manifest.
445 silly tarball no local data for @radix-ui/react-use-previous@https://registry.npmjs.org/@radix-ui/react-use-previous/-/react-use-previous-1.1.1.tgz. Extracting by manifest.
446 silly tarball no local data for @floating-ui/core@https://registry.npmjs.org/@floating-ui/core/-/core-1.7.3.tgz. Extracting by manifest.
447 silly tarball no local data for @floating-ui/dom@https://registry.npmjs.org/@floating-ui/dom/-/dom-1.7.4.tgz. Extracting by manifest.
448 silly tarball no local data for @radix-ui/rect@https://registry.npmjs.org/@radix-ui/rect/-/rect-1.1.1.tgz. Extracting by manifest.
449 silly tarball no local data for @radix-ui/react-use-rect@https://registry.npmjs.org/@radix-ui/react-use-rect/-/react-use-rect-1.1.1.tgz. Extracting by manifest.
450 silly tarball no local data for @floating-ui/react-dom@https://registry.npmjs.org/@floating-ui/react-dom/-/react-dom-2.1.6.tgz. Extracting by manifest.
451 silly tarball no local data for @radix-ui/react-arrow@https://registry.npmjs.org/@radix-ui/react-arrow/-/react-arrow-1.1.7.tgz. Extracting by manifest.
452 silly tarball no local data for @radix-ui/react-roving-focus@https://registry.npmjs.org/@radix-ui/react-roving-focus/-/react-roving-focus-1.1.11.tgz. Extracting by manifest.
453 silly tarball no local data for @radix-ui/react-use-size@https://registry.npmjs.org/@radix-ui/react-use-size/-/react-use-size-1.1.1.tgz. Extracting by manifest.
454 silly tarball no local data for @radix-ui/react-direction@https://registry.npmjs.org/@radix-ui/react-direction/-/react-direction-1.1.1.tgz. Extracting by manifest.
455 silly tarball no local data for @radix-ui/react-collection@https://registry.npmjs.org/@radix-ui/react-collection/-/react-collection-1.1.7.tgz. Extracting by manifest.
456 silly tarball no local data for @radix-ui/react-use-escape-keydown@https://registry.npmjs.org/@radix-ui/react-use-escape-keydown/-/react-use-escape-keydown-1.1.1.tgz. Extracting by manifest.
457 silly tarball no local data for react-remove-scroll@https://registry.npmjs.org/react-remove-scroll/-/react-remove-scroll-2.7.1.tgz. Extracting by manifest.
458 silly tarball no local data for @radix-ui/react-popper@https://registry.npmjs.org/@radix-ui/react-popper/-/react-popper-1.2.8.tgz. Extracting by manifest.
459 silly tarball no local data for aria-hidden@https://registry.npmjs.org/aria-hidden/-/aria-hidden-1.2.6.tgz. Extracting by manifest.
460 silly tarball no local data for @radix-ui/react-use-controllable-state@https://registry.npmjs.org/@radix-ui/react-use-controllable-state/-/react-use-controllable-state-1.2.2.tgz. Extracting by manifest.
461 silly tarball no local data for @radix-ui/react-presence@https://registry.npmjs.org/@radix-ui/react-presence/-/react-presence-1.1.5.tgz. Extracting by manifest.
462 silly tarball no local data for @radix-ui/react-portal@https://registry.npmjs.org/@radix-ui/react-portal/-/react-portal-1.1.9.tgz. Extracting by manifest.
463 silly tarball no local data for @radix-ui/react-id@https://registry.npmjs.org/@radix-ui/react-id/-/react-id-1.1.1.tgz. Extracting by manifest.
464 silly tarball no local data for @radix-ui/react-menu@https://registry.npmjs.org/@radix-ui/react-menu/-/react-menu-2.1.16.tgz. Extracting by manifest.
465 silly tarball no local data for @radix-ui/react-focus-scope@https://registry.npmjs.org/@radix-ui/react-focus-scope/-/react-focus-scope-1.1.7.tgz. Extracting by manifest.
466 silly tarball no local data for @radix-ui/react-focus-guards@https://registry.npmjs.org/@radix-ui/react-focus-guards/-/react-focus-guards-1.1.3.tgz. Extracting by manifest.
467 silly tarball no local data for @radix-ui/react-dismissable-layer@https://registry.npmjs.org/@radix-ui/react-dismissable-layer/-/react-dismissable-layer-1.1.11.tgz. Extracting by manifest.
468 silly tarball no local data for @radix-ui/react-compose-refs@https://registry.npmjs.org/@radix-ui/react-compose-refs/-/react-compose-refs-1.1.2.tgz. Extracting by manifest.
469 silly tarball no local data for @radix-ui/react-use-layout-effect@https://registry.npmjs.org/@radix-ui/react-use-layout-effect/-/react-use-layout-effect-1.1.1.tgz. Extracting by manifest.
470 silly tarball no local data for @radix-ui/primitive@https://registry.npmjs.org/@radix-ui/primitive/-/primitive-1.1.3.tgz. Extracting by manifest.
471 silly tarball no local data for @radix-ui/react-use-is-hydrated@https://registry.npmjs.org/@radix-ui/react-use-is-hydrated/-/react-use-is-hydrated-0.1.0.tgz. Extracting by manifest.
472 silly tarball no local data for @radix-ui/react-use-callback-ref@https://registry.npmjs.org/@radix-ui/react-use-callback-ref/-/react-use-callback-ref-1.1.1.tgz. Extracting by manifest.
473 silly tarball no local data for @radix-ui/react-primitive@https://registry.npmjs.org/@radix-ui/react-primitive/-/react-primitive-2.1.3.tgz. Extracting by manifest.
474 silly tarball no local data for @radix-ui/react-slot@https://registry.npmjs.org/@radix-ui/react-slot/-/react-slot-1.2.3.tgz. Extracting by manifest.
475 silly tarball no local data for @radix-ui/react-separator@https://registry.npmjs.org/@radix-ui/react-separator/-/react-separator-1.1.7.tgz. Extracting by manifest.
476 silly tarball no local data for @radix-ui/react-select@https://registry.npmjs.org/@radix-ui/react-select/-/react-select-2.2.6.tgz. Extracting by manifest.
477 silly tarball no local data for @radix-ui/react-context@https://registry.npmjs.org/@radix-ui/react-context/-/react-context-1.1.2.tgz. Extracting by manifest.
478 silly tarball no local data for @radix-ui/react-progress@https://registry.npmjs.org/@radix-ui/react-progress/-/react-progress-1.1.7.tgz. Extracting by manifest.
479 silly tarball no local data for @radix-ui/react-dropdown-menu@https://registry.npmjs.org/@radix-ui/react-dropdown-menu/-/react-dropdown-menu-2.1.16.tgz. Extracting by manifest.
480 silly tarball no local data for @radix-ui/react-avatar@https://registry.npmjs.org/@radix-ui/react-avatar/-/react-avatar-1.1.10.tgz. Extracting by manifest.
481 silly tarball no local data for @radix-ui/react-dialog@https://registry.npmjs.org/@radix-ui/react-dialog/-/react-dialog-1.1.15.tgz. Extracting by manifest.
482 silly tarball no local data for @radix-ui/react-tabs@https://registry.npmjs.org/@radix-ui/react-tabs/-/react-tabs-1.1.13.tgz. Extracting by manifest.
483 http fetch GET 200 https://registry.npmjs.org/detect-node-es/-/detect-node-es-1.1.0.tgz 163ms (cache miss)
484 http fetch GET 200 https://registry.npmjs.org/react-remove-scroll-bar/-/react-remove-scroll-bar-2.3.8.tgz 165ms (cache miss)
485 http fetch GET 200 https://registry.npmjs.org/@radix-ui/react-use-effect-event/-/react-use-effect-event-0.0.2.tgz 176ms (cache miss)
486 http fetch GET 200 https://registry.npmjs.org/react-style-singleton/-/react-style-singleton-2.2.3.tgz 185ms (cache miss)
487 http fetch GET 200 https://registry.npmjs.org/get-nonce/-/get-nonce-1.0.1.tgz 194ms (cache miss)
488 http fetch GET 200 https://registry.npmjs.org/@radix-ui/number/-/number-1.1.1.tgz 193ms (cache miss)
489 http fetch GET 200 https://registry.npmjs.org/@radix-ui/rect/-/rect-1.1.1.tgz 193ms (cache miss)
490 http fetch GET 200 https://registry.npmjs.org/@radix-ui/react-arrow/-/react-arrow-1.1.7.tgz 194ms (cache miss)
491 http fetch GET 200 https://registry.npmjs.org/@radix-ui/react-use-size/-/react-use-size-1.1.1.tgz 195ms (cache miss)
492 http fetch GET 200 https://registry.npmjs.org/use-sync-external-store/-/use-sync-external-store-1.5.0.tgz 199ms (cache miss)
493 http fetch GET 200 https://registry.npmjs.org/@radix-ui/react-use-previous/-/react-use-previous-1.1.1.tgz 199ms (cache miss)
494 http fetch GET 200 https://registry.npmjs.org/@radix-ui/react-visually-hidden/-/react-visually-hidden-1.2.3.tgz 201ms (cache miss)
495 http fetch GET 200 https://registry.npmjs.org/@radix-ui/react-direction/-/react-direction-1.1.1.tgz 207ms (cache miss)
496 http fetch GET 200 https://registry.npmjs.org/@radix-ui/react-use-controllable-state/-/react-use-controllable-state-1.2.2.tgz 212ms (cache miss)
497 http fetch GET 200 https://registry.npmjs.org/@radix-ui/react-slot/-/react-slot-1.2.3.tgz 212ms (cache miss)
498 http fetch GET 200 https://registry.npmjs.org/@radix-ui/react-roving-focus/-/react-roving-focus-1.1.11.tgz 217ms (cache miss)
499 http fetch GET 200 https://registry.npmjs.org/@radix-ui/react-id/-/react-id-1.1.1.tgz 216ms (cache miss)
500 http fetch GET 200 https://registry.npmjs.org/@radix-ui/react-collection/-/react-collection-1.1.7.tgz 218ms (cache miss)
501 http fetch GET 200 https://registry.npmjs.org/@floating-ui/core/-/core-1.7.3.tgz 219ms (cache miss)
502 http fetch GET 200 https://registry.npmjs.org/@radix-ui/react-use-escape-keydown/-/react-use-escape-keydown-1.1.1.tgz 221ms (cache miss)
503 http fetch GET 200 https://registry.npmjs.org/@radix-ui/react-progress/-/react-progress-1.1.7.tgz 219ms (cache miss)
504 http fetch GET 200 https://registry.npmjs.org/@radix-ui/react-tabs/-/react-tabs-1.1.13.tgz 220ms (cache miss)
505 http fetch GET 200 https://registry.npmjs.org/@floating-ui/dom/-/dom-1.7.4.tgz 227ms (cache miss)
506 http fetch GET 200 https://registry.npmjs.org/@radix-ui/react-use-layout-effect/-/react-use-layout-effect-1.1.1.tgz 225ms (cache miss)
507 http fetch GET 200 https://registry.npmjs.org/aria-hidden/-/aria-hidden-1.2.6.tgz 228ms (cache miss)
508 http fetch GET 200 https://registry.npmjs.org/@radix-ui/react-portal/-/react-portal-1.1.9.tgz 228ms (cache miss)
509 http fetch GET 200 https://registry.npmjs.org/@floating-ui/react-dom/-/react-dom-2.1.6.tgz 231ms (cache miss)
510 http fetch GET 200 https://registry.npmjs.org/@radix-ui/react-context/-/react-context-1.1.2.tgz 233ms (cache miss)
511 http fetch GET 200 https://registry.npmjs.org/@floating-ui/utils/-/utils-0.2.10.tgz 238ms (cache miss)
512 http fetch GET 200 https://registry.npmjs.org/@radix-ui/react-dropdown-menu/-/react-dropdown-menu-2.1.16.tgz 235ms (cache miss)
513 http fetch GET 200 https://registry.npmjs.org/@radix-ui/react-menu/-/react-menu-2.1.16.tgz 237ms (cache miss)
514 http fetch GET 200 https://registry.npmjs.org/@radix-ui/react-focus-scope/-/react-focus-scope-1.1.7.tgz 238ms (cache miss)
515 http fetch GET 200 https://registry.npmjs.org/use-callback-ref/-/use-callback-ref-1.3.3.tgz 242ms (cache miss)
516 http fetch GET 200 https://registry.npmjs.org/react-remove-scroll/-/react-remove-scroll-2.7.1.tgz 240ms (cache miss)
517 http fetch GET 200 https://registry.npmjs.org/@radix-ui/react-avatar/-/react-avatar-1.1.10.tgz 240ms (cache miss)
518 http fetch GET 200 https://registry.npmjs.org/@radix-ui/react-compose-refs/-/react-compose-refs-1.1.2.tgz 241ms (cache miss)
519 http fetch GET 200 https://registry.npmjs.org/@radix-ui/react-separator/-/react-separator-1.1.7.tgz 240ms (cache miss)
520 http fetch GET 200 https://registry.npmjs.org/use-sidecar/-/use-sidecar-1.1.3.tgz 246ms (cache miss)
521 http fetch GET 200 https://registry.npmjs.org/@radix-ui/react-select/-/react-select-2.2.6.tgz 242ms (cache miss)
522 http fetch GET 200 https://registry.npmjs.org/@radix-ui/react-dismissable-layer/-/react-dismissable-layer-1.1.11.tgz 248ms (cache miss)
523 http fetch GET 200 https://registry.npmjs.org/@radix-ui/react-popper/-/react-popper-1.2.8.tgz 251ms (cache miss)
524 http fetch GET 200 https://registry.npmjs.org/@radix-ui/react-presence/-/react-presence-1.1.5.tgz 266ms (cache miss)
525 http fetch GET 200 https://registry.npmjs.org/@radix-ui/react-use-is-hydrated/-/react-use-is-hydrated-0.1.0.tgz 266ms (cache miss)
526 http fetch GET 200 https://registry.npmjs.org/@radix-ui/react-use-rect/-/react-use-rect-1.1.1.tgz 306ms (cache miss)
527 http fetch GET 200 https://registry.npmjs.org/@radix-ui/primitive/-/primitive-1.1.3.tgz 328ms (cache miss)
528 http fetch GET 200 https://registry.npmjs.org/@radix-ui/react-primitive/-/react-primitive-2.1.3.tgz 336ms (cache miss)
529 http fetch GET 200 https://registry.npmjs.org/@radix-ui/react-dialog/-/react-dialog-1.1.15.tgz 375ms (cache miss)
530 http fetch GET 200 https://registry.npmjs.org/@radix-ui/react-use-callback-ref/-/react-use-callback-ref-1.1.1.tgz 405ms (cache miss)
531 http fetch GET 200 https://registry.npmjs.org/@radix-ui/react-focus-guards/-/react-focus-guards-1.1.3.tgz 648ms (cache miss)
532 silly ADD node_modules/detect-node-es
533 silly ADD node_modules/get-nonce
534 silly ADD node_modules/use-sidecar
535 silly ADD node_modules/use-callback-ref
536 silly ADD node_modules/react-style-singleton
537 silly ADD node_modules/react-remove-scroll-bar
538 silly ADD node_modules/use-sync-external-store
539 silly ADD node_modules/@radix-ui/react-use-effect-event
540 silly ADD node_modules/@radix-ui/react-visually-hidden
541 silly ADD node_modules/@radix-ui/react-use-previous
542 silly ADD node_modules/@radix-ui/number
543 silly ADD node_modules/@floating-ui/utils
544 silly ADD node_modules/@floating-ui/core
545 silly ADD node_modules/@floating-ui/dom
546 silly ADD node_modules/@radix-ui/rect
547 silly ADD node_modules/@radix-ui/react-use-size
548 silly ADD node_modules/@radix-ui/react-use-rect
549 silly ADD node_modules/@radix-ui/react-arrow
550 silly ADD node_modules/@floating-ui/react-dom
551 silly ADD node_modules/@radix-ui/react-roving-focus
552 silly ADD node_modules/@radix-ui/react-popper
553 silly ADD node_modules/@radix-ui/react-direction
554 silly ADD node_modules/@radix-ui/react-collection
555 silly ADD node_modules/@radix-ui/react-menu
556 silly ADD node_modules/@radix-ui/react-use-escape-keydown
557 silly ADD node_modules/react-remove-scroll
558 silly ADD node_modules/aria-hidden
559 silly ADD node_modules/@radix-ui/react-use-controllable-state
560 silly ADD node_modules/@radix-ui/react-presence
561 silly ADD node_modules/@radix-ui/react-portal
562 silly ADD node_modules/@radix-ui/react-id
563 silly ADD node_modules/@radix-ui/react-focus-scope
564 silly ADD node_modules/@radix-ui/react-focus-guards
565 silly ADD node_modules/@radix-ui/react-dismissable-layer
566 silly ADD node_modules/@radix-ui/react-compose-refs
567 silly ADD node_modules/@radix-ui/primitive
568 silly ADD node_modules/@radix-ui/react-use-layout-effect
569 silly ADD node_modules/@radix-ui/react-use-is-hydrated
570 silly ADD node_modules/@radix-ui/react-use-callback-ref
571 silly ADD node_modules/@radix-ui/react-primitive
572 silly ADD node_modules/@radix-ui/react-context
573 silly ADD node_modules/@radix-ui/react-tabs
574 silly ADD node_modules/@radix-ui/react-slot
575 silly ADD node_modules/@radix-ui/react-separator
576 silly ADD node_modules/@radix-ui/react-select
577 silly ADD node_modules/@radix-ui/react-progress
578 silly ADD node_modules/@radix-ui/react-dropdown-menu
579 silly ADD node_modules/@radix-ui/react-dialog
580 silly ADD node_modules/@radix-ui/react-avatar
581 silly ADD
582 silly ADD
583 silly ADD
584 silly ADD
585 silly ADD
586 silly ADD
587 silly ADD
588 silly ADD
589 silly ADD
590 silly ADD
591 silly ADD
592 silly ADD
593 silly ADD
594 silly ADD
595 silly ADD
596 silly ADD
597 silly ADD
598 silly ADD
599 silly ADD
600 silly ADD
601 silly ADD
602 silly ADD
603 silly ADD
604 silly ADD
605 silly ADD
606 silly ADD
607 silly ADD
608 silly ADD
609 silly ADD
610 silly ADD
611 silly ADD
612 silly ADD
613 silly ADD
614 silly ADD
615 silly ADD
616 silly ADD
617 silly ADD
618 silly ADD
619 silly ADD
620 silly ADD
621 silly ADD
622 silly ADD
623 silly ADD
624 silly ADD
625 silly ADD
626 silly ADD
627 silly ADD
628 silly ADD
629 silly ADD
630 silly ADD
631 silly ADD
632 silly ADD
633 silly ADD
634 silly ADD
635 silly ADD
636 silly ADD
637 silly ADD
638 silly ADD
639 silly ADD
640 silly ADD
641 verbose cwd /Users/claudiodamasco/Documents/www/leaotalentebridge/leao-careers
642 verbose os Darwin 23.4.0
643 verbose node v23.6.1
644 verbose npm  v11.3.0
645 verbose exit 0
646 info ok
