0 verbose cli /opt/homebrew/Cellar/node/23.6.1/bin/node /opt/homebrew/bin/npm
1 info using npm@11.3.0
2 info using node@v23.6.1
3 silly config load:file:/opt/homebrew/lib/node_modules/npm/npmrc
4 silly config load:file:/Users/claudiodamasco/Documents/www/leaotalentebridge/leao-careers/.npmrc
5 silly config load:file:/Users/claudiodamasco/.npmrc
6 silly config load:file:/opt/homebrew/etc/npmrc
7 verbose title npm uninstall @radix-ui/react-slot @radix-ui/react-tabs @radix-ui/react-dialog @radix-ui/react-dropdown-menu @radix-ui/react-select @radix-ui/react-progress @radix-ui/react-avatar @radix-ui/react-separator
8 verbose argv "uninstall" "@radix-ui/react-slot" "@radix-ui/react-tabs" "@radix-ui/react-dialog" "@radix-ui/react-dropdown-menu" "@radix-ui/react-select" "@radix-ui/react-progress" "@radix-ui/react-avatar" "@radix-ui/react-separator"
9 verbose logfile logs-max:10 dir:/Users/claudiodamasco/Documents/www/leaotalentebridge/leao-careers/.npm-cache/_logs/2025-09-03T00_13_40_568Z-
10 verbose logfile /Users/claudiodamasco/Documents/www/leaotalentebridge/leao-careers/.npm-cache/_logs/2025-09-03T00_13_40_568Z-debug-0.log
11 silly logfile start cleaning logs, removing 1 files
12 silly packumentCache heap:4345298944 maxSize:1086324736 maxEntrySize:543162368
13 silly logfile done cleaning log files
14 silly idealTree buildDeps
15 silly reify mark retired [
15 silly reify   '/Users/claudiodamasco/Documents/www/leaotalentebridge/leao-careers/node_modules/@floating-ui/core'
15 silly reify ]
16 silly reify mark retired [
16 silly reify   '/Users/claudiodamasco/Documents/www/leaotalentebridge/leao-careers/node_modules/@floating-ui/dom'
16 silly reify ]
17 silly reify mark retired [
17 silly reify   '/Users/claudiodamasco/Documents/www/leaotalentebridge/leao-careers/node_modules/@floating-ui/react-dom'
17 silly reify ]
18 silly reify mark retired [
18 silly reify   '/Users/claudiodamasco/Documents/www/leaotalentebridge/leao-careers/node_modules/@floating-ui/utils'
18 silly reify ]
19 silly reify mark retired [
19 silly reify   '/Users/claudiodamasco/Documents/www/leaotalentebridge/leao-careers/node_modules/@radix-ui/number'
19 silly reify ]
20 silly reify mark retired [
20 silly reify   '/Users/claudiodamasco/Documents/www/leaotalentebridge/leao-careers/node_modules/@radix-ui/primitive'
20 silly reify ]
21 silly reify mark retired [
21 silly reify   '/Users/claudiodamasco/Documents/www/leaotalentebridge/leao-careers/node_modules/@radix-ui/react-arrow'
21 silly reify ]
22 silly reify mark retired [
22 silly reify   '/Users/claudiodamasco/Documents/www/leaotalentebridge/leao-careers/node_modules/@radix-ui/react-avatar'
22 silly reify ]
23 silly reify mark retired [
23 silly reify   '/Users/claudiodamasco/Documents/www/leaotalentebridge/leao-careers/node_modules/@radix-ui/react-collection'
23 silly reify ]
24 silly reify mark retired [
24 silly reify   '/Users/claudiodamasco/Documents/www/leaotalentebridge/leao-careers/node_modules/@radix-ui/react-compose-refs'
24 silly reify ]
25 silly reify mark retired [
25 silly reify   '/Users/claudiodamasco/Documents/www/leaotalentebridge/leao-careers/node_modules/@radix-ui/react-context'
25 silly reify ]
26 silly reify mark retired [
26 silly reify   '/Users/claudiodamasco/Documents/www/leaotalentebridge/leao-careers/node_modules/@radix-ui/react-dialog'
26 silly reify ]
27 silly reify mark retired [
27 silly reify   '/Users/claudiodamasco/Documents/www/leaotalentebridge/leao-careers/node_modules/@radix-ui/react-direction'
27 silly reify ]
28 silly reify mark retired [
28 silly reify   '/Users/claudiodamasco/Documents/www/leaotalentebridge/leao-careers/node_modules/@radix-ui/react-dismissable-layer'
28 silly reify ]
29 silly reify mark retired [
29 silly reify   '/Users/claudiodamasco/Documents/www/leaotalentebridge/leao-careers/node_modules/@radix-ui/react-dropdown-menu'
29 silly reify ]
30 silly reify mark retired [
30 silly reify   '/Users/claudiodamasco/Documents/www/leaotalentebridge/leao-careers/node_modules/@radix-ui/react-focus-guards'
30 silly reify ]
31 silly reify mark retired [
31 silly reify   '/Users/claudiodamasco/Documents/www/leaotalentebridge/leao-careers/node_modules/@radix-ui/react-focus-scope'
31 silly reify ]
32 silly reify mark retired [
32 silly reify   '/Users/claudiodamasco/Documents/www/leaotalentebridge/leao-careers/node_modules/@radix-ui/react-id'
32 silly reify ]
33 silly reify mark retired [
33 silly reify   '/Users/claudiodamasco/Documents/www/leaotalentebridge/leao-careers/node_modules/@radix-ui/react-menu'
33 silly reify ]
34 silly reify mark retired [
34 silly reify   '/Users/claudiodamasco/Documents/www/leaotalentebridge/leao-careers/node_modules/@radix-ui/react-popper'
34 silly reify ]
35 silly reify mark retired [
35 silly reify   '/Users/claudiodamasco/Documents/www/leaotalentebridge/leao-careers/node_modules/@radix-ui/react-portal'
35 silly reify ]
36 silly reify mark retired [
36 silly reify   '/Users/claudiodamasco/Documents/www/leaotalentebridge/leao-careers/node_modules/@radix-ui/react-presence'
36 silly reify ]
37 silly reify mark retired [
37 silly reify   '/Users/claudiodamasco/Documents/www/leaotalentebridge/leao-careers/node_modules/@radix-ui/react-primitive'
37 silly reify ]
38 silly reify mark retired [
38 silly reify   '/Users/claudiodamasco/Documents/www/leaotalentebridge/leao-careers/node_modules/@radix-ui/react-progress'
38 silly reify ]
39 silly reify mark retired [
39 silly reify   '/Users/claudiodamasco/Documents/www/leaotalentebridge/leao-careers/node_modules/@radix-ui/react-roving-focus'
39 silly reify ]
40 silly reify mark retired [
40 silly reify   '/Users/claudiodamasco/Documents/www/leaotalentebridge/leao-careers/node_modules/@radix-ui/react-select'
40 silly reify ]
41 silly reify mark retired [
41 silly reify   '/Users/claudiodamasco/Documents/www/leaotalentebridge/leao-careers/node_modules/@radix-ui/react-separator'
41 silly reify ]
42 silly reify mark retired [
42 silly reify   '/Users/claudiodamasco/Documents/www/leaotalentebridge/leao-careers/node_modules/@radix-ui/react-slot'
42 silly reify ]
43 silly reify mark retired [
43 silly reify   '/Users/claudiodamasco/Documents/www/leaotalentebridge/leao-careers/node_modules/@radix-ui/react-tabs'
43 silly reify ]
44 silly reify mark retired [
44 silly reify   '/Users/claudiodamasco/Documents/www/leaotalentebridge/leao-careers/node_modules/@radix-ui/react-use-callback-ref'
44 silly reify ]
45 silly reify mark retired [
45 silly reify   '/Users/claudiodamasco/Documents/www/leaotalentebridge/leao-careers/node_modules/@radix-ui/react-use-controllable-state'
45 silly reify ]
46 silly reify mark retired [
46 silly reify   '/Users/claudiodamasco/Documents/www/leaotalentebridge/leao-careers/node_modules/@radix-ui/react-use-effect-event'
46 silly reify ]
47 silly reify mark retired [
47 silly reify   '/Users/claudiodamasco/Documents/www/leaotalentebridge/leao-careers/node_modules/@radix-ui/react-use-escape-keydown'
47 silly reify ]
48 silly reify mark retired [
48 silly reify   '/Users/claudiodamasco/Documents/www/leaotalentebridge/leao-careers/node_modules/@radix-ui/react-use-is-hydrated'
48 silly reify ]
49 silly reify mark retired [
49 silly reify   '/Users/claudiodamasco/Documents/www/leaotalentebridge/leao-careers/node_modules/@radix-ui/react-use-layout-effect'
49 silly reify ]
50 silly reify mark retired [
50 silly reify   '/Users/claudiodamasco/Documents/www/leaotalentebridge/leao-careers/node_modules/@radix-ui/react-use-previous'
50 silly reify ]
51 silly reify mark retired [
51 silly reify   '/Users/claudiodamasco/Documents/www/leaotalentebridge/leao-careers/node_modules/@radix-ui/react-use-rect'
51 silly reify ]
52 silly reify mark retired [
52 silly reify   '/Users/claudiodamasco/Documents/www/leaotalentebridge/leao-careers/node_modules/@radix-ui/react-use-size'
52 silly reify ]
53 silly reify mark retired [
53 silly reify   '/Users/claudiodamasco/Documents/www/leaotalentebridge/leao-careers/node_modules/@radix-ui/react-visually-hidden'
53 silly reify ]
54 silly reify mark retired [
54 silly reify   '/Users/claudiodamasco/Documents/www/leaotalentebridge/leao-careers/node_modules/@radix-ui/rect'
54 silly reify ]
55 silly reify mark retired [
55 silly reify   '/Users/claudiodamasco/Documents/www/leaotalentebridge/leao-careers/node_modules/aria-hidden'
55 silly reify ]
56 silly reify mark retired [
56 silly reify   '/Users/claudiodamasco/Documents/www/leaotalentebridge/leao-careers/node_modules/detect-node-es'
56 silly reify ]
57 silly reify mark retired [
57 silly reify   '/Users/claudiodamasco/Documents/www/leaotalentebridge/leao-careers/node_modules/get-nonce'
57 silly reify ]
58 silly reify mark retired [
58 silly reify   '/Users/claudiodamasco/Documents/www/leaotalentebridge/leao-careers/node_modules/react-remove-scroll'
58 silly reify ]
59 silly reify mark retired [
59 silly reify   '/Users/claudiodamasco/Documents/www/leaotalentebridge/leao-careers/node_modules/react-remove-scroll-bar'
59 silly reify ]
60 silly reify mark retired [
60 silly reify   '/Users/claudiodamasco/Documents/www/leaotalentebridge/leao-careers/node_modules/react-style-singleton'
60 silly reify ]
61 silly reify mark retired [
61 silly reify   '/Users/claudiodamasco/Documents/www/leaotalentebridge/leao-careers/node_modules/use-callback-ref'
61 silly reify ]
62 silly reify mark retired [
62 silly reify   '/Users/claudiodamasco/Documents/www/leaotalentebridge/leao-careers/node_modules/use-sidecar'
62 silly reify ]
63 silly reify mark retired [
63 silly reify   '/Users/claudiodamasco/Documents/www/leaotalentebridge/leao-careers/node_modules/use-sync-external-store'
63 silly reify ]
64 silly reify moves {
64 silly reify   '/Users/claudiodamasco/Documents/www/leaotalentebridge/leao-careers/node_modules/@floating-ui/core': '/Users/claudiodamasco/Documents/www/leaotalentebridge/leao-careers/node_modules/@floating-ui/.core-gE66iQLG',
64 silly reify   '/Users/claudiodamasco/Documents/www/leaotalentebridge/leao-careers/node_modules/@floating-ui/dom': '/Users/claudiodamasco/Documents/www/leaotalentebridge/leao-careers/node_modules/@floating-ui/.dom-YYExruZ1',
64 silly reify   '/Users/claudiodamasco/Documents/www/leaotalentebridge/leao-careers/node_modules/@floating-ui/react-dom': '/Users/claudiodamasco/Documents/www/leaotalentebridge/leao-careers/node_modules/@floating-ui/.react-dom-sCS4iVCU',
64 silly reify   '/Users/claudiodamasco/Documents/www/leaotalentebridge/leao-careers/node_modules/@floating-ui/utils': '/Users/claudiodamasco/Documents/www/leaotalentebridge/leao-careers/node_modules/@floating-ui/.utils-pN08hi3Q',
64 silly reify   '/Users/claudiodamasco/Documents/www/leaotalentebridge/leao-careers/node_modules/@radix-ui/number': '/Users/claudiodamasco/Documents/www/leaotalentebridge/leao-careers/node_modules/@radix-ui/.number-QHuz2smq',
64 silly reify   '/Users/claudiodamasco/Documents/www/leaotalentebridge/leao-careers/node_modules/@radix-ui/primitive': '/Users/claudiodamasco/Documents/www/leaotalentebridge/leao-careers/node_modules/@radix-ui/.primitive-cMDVN59D',
64 silly reify   '/Users/claudiodamasco/Documents/www/leaotalentebridge/leao-careers/node_modules/@radix-ui/react-arrow': '/Users/claudiodamasco/Documents/www/leaotalentebridge/leao-careers/node_modules/@radix-ui/.react-arrow-DLLklZv3',
64 silly reify   '/Users/claudiodamasco/Documents/www/leaotalentebridge/leao-careers/node_modules/@radix-ui/react-avatar': '/Users/claudiodamasco/Documents/www/leaotalentebridge/leao-careers/node_modules/@radix-ui/.react-avatar-NvVxNCWa',
64 silly reify   '/Users/claudiodamasco/Documents/www/leaotalentebridge/leao-careers/node_modules/@radix-ui/react-collection': '/Users/claudiodamasco/Documents/www/leaotalentebridge/leao-careers/node_modules/@radix-ui/.react-collection-l0J9QPuz',
64 silly reify   '/Users/claudiodamasco/Documents/www/leaotalentebridge/leao-careers/node_modules/@radix-ui/react-compose-refs': '/Users/claudiodamasco/Documents/www/leaotalentebridge/leao-careers/node_modules/@radix-ui/.react-compose-refs-qWB6xIFF',
64 silly reify   '/Users/claudiodamasco/Documents/www/leaotalentebridge/leao-careers/node_modules/@radix-ui/react-context': '/Users/claudiodamasco/Documents/www/leaotalentebridge/leao-careers/node_modules/@radix-ui/.react-context-JsGxCu9t',
64 silly reify   '/Users/claudiodamasco/Documents/www/leaotalentebridge/leao-careers/node_modules/@radix-ui/react-dialog': '/Users/claudiodamasco/Documents/www/leaotalentebridge/leao-careers/node_modules/@radix-ui/.react-dialog-syNRiqmg',
64 silly reify   '/Users/claudiodamasco/Documents/www/leaotalentebridge/leao-careers/node_modules/@radix-ui/react-direction': '/Users/claudiodamasco/Documents/www/leaotalentebridge/leao-careers/node_modules/@radix-ui/.react-direction-39O4DEkt',
64 silly reify   '/Users/claudiodamasco/Documents/www/leaotalentebridge/leao-careers/node_modules/@radix-ui/react-dismissable-layer': '/Users/claudiodamasco/Documents/www/leaotalentebridge/leao-careers/node_modules/@radix-ui/.react-dismissable-layer-S9XNKUym',
64 silly reify   '/Users/claudiodamasco/Documents/www/leaotalentebridge/leao-careers/node_modules/@radix-ui/react-dropdown-menu': '/Users/claudiodamasco/Documents/www/leaotalentebridge/leao-careers/node_modules/@radix-ui/.react-dropdown-menu-rTs9NzSH',
64 silly reify   '/Users/claudiodamasco/Documents/www/leaotalentebridge/leao-careers/node_modules/@radix-ui/react-focus-guards': '/Users/claudiodamasco/Documents/www/leaotalentebridge/leao-careers/node_modules/@radix-ui/.react-focus-guards-Yw01NZ2l',
64 silly reify   '/Users/claudiodamasco/Documents/www/leaotalentebridge/leao-careers/node_modules/@radix-ui/react-focus-scope': '/Users/claudiodamasco/Documents/www/leaotalentebridge/leao-careers/node_modules/@radix-ui/.react-focus-scope-UKkAKX8j',
64 silly reify   '/Users/claudiodamasco/Documents/www/leaotalentebridge/leao-careers/node_modules/@radix-ui/react-id': '/Users/claudiodamasco/Documents/www/leaotalentebridge/leao-careers/node_modules/@radix-ui/.react-id-RaeZzdiO',
64 silly reify   '/Users/claudiodamasco/Documents/www/leaotalentebridge/leao-careers/node_modules/@radix-ui/react-menu': '/Users/claudiodamasco/Documents/www/leaotalentebridge/leao-careers/node_modules/@radix-ui/.react-menu-ZoBRG3Ad',
64 silly reify   '/Users/claudiodamasco/Documents/www/leaotalentebridge/leao-careers/node_modules/@radix-ui/react-popper': '/Users/claudiodamasco/Documents/www/leaotalentebridge/leao-careers/node_modules/@radix-ui/.react-popper-bqm7npUA',
64 silly reify   '/Users/claudiodamasco/Documents/www/leaotalentebridge/leao-careers/node_modules/@radix-ui/react-portal': '/Users/claudiodamasco/Documents/www/leaotalentebridge/leao-careers/node_modules/@radix-ui/.react-portal-rAS36i7e',
64 silly reify   '/Users/claudiodamasco/Documents/www/leaotalentebridge/leao-careers/node_modules/@radix-ui/react-presence': '/Users/claudiodamasco/Documents/www/leaotalentebridge/leao-careers/node_modules/@radix-ui/.react-presence-sp0eLO3w',
64 silly reify   '/Users/claudiodamasco/Documents/www/leaotalentebridge/leao-careers/node_modules/@radix-ui/react-primitive': '/Users/claudiodamasco/Documents/www/leaotalentebridge/leao-careers/node_modules/@radix-ui/.react-primitive-KPbYOZ9k',
64 silly reify   '/Users/claudiodamasco/Documents/www/leaotalentebridge/leao-careers/node_modules/@radix-ui/react-progress': '/Users/claudiodamasco/Documents/www/leaotalentebridge/leao-careers/node_modules/@radix-ui/.react-progress-CqCjEQWl',
64 silly reify   '/Users/claudiodamasco/Documents/www/leaotalentebridge/leao-careers/node_modules/@radix-ui/react-roving-focus': '/Users/claudiodamasco/Documents/www/leaotalentebridge/leao-careers/node_modules/@radix-ui/.react-roving-focus-Lt45lPjT',
64 silly reify   '/Users/claudiodamasco/Documents/www/leaotalentebridge/leao-careers/node_modules/@radix-ui/react-select': '/Users/claudiodamasco/Documents/www/leaotalentebridge/leao-careers/node_modules/@radix-ui/.react-select-cCdBCy7P',
64 silly reify   '/Users/claudiodamasco/Documents/www/leaotalentebridge/leao-careers/node_modules/@radix-ui/react-separator': '/Users/claudiodamasco/Documents/www/leaotalentebridge/leao-careers/node_modules/@radix-ui/.react-separator-vV3lA36u',
64 silly reify   '/Users/claudiodamasco/Documents/www/leaotalentebridge/leao-careers/node_modules/@radix-ui/react-slot': '/Users/claudiodamasco/Documents/www/leaotalentebridge/leao-careers/node_modules/@radix-ui/.react-slot-MnVeSdWf',
64 silly reify   '/Users/claudiodamasco/Documents/www/leaotalentebridge/leao-careers/node_modules/@radix-ui/react-tabs': '/Users/claudiodamasco/Documents/www/leaotalentebridge/leao-careers/node_modules/@radix-ui/.react-tabs-daFaY7sB',
64 silly reify   '/Users/claudiodamasco/Documents/www/leaotalentebridge/leao-careers/node_modules/@radix-ui/react-use-callback-ref': '/Users/claudiodamasco/Documents/www/leaotalentebridge/leao-careers/node_modules/@radix-ui/.react-use-callback-ref-vElExybf',
64 silly reify   '/Users/claudiodamasco/Documents/www/leaotalentebridge/leao-careers/node_modules/@radix-ui/react-use-controllable-state': '/Users/claudiodamasco/Documents/www/leaotalentebridge/leao-careers/node_modules/@radix-ui/.react-use-controllable-state-OW1ovs9O',
64 silly reify   '/Users/claudiodamasco/Documents/www/leaotalentebridge/leao-careers/node_modules/@radix-ui/react-use-effect-event': '/Users/claudiodamasco/Documents/www/leaotalentebridge/leao-careers/node_modules/@radix-ui/.react-use-effect-event-lqxw1X4x',
64 silly reify   '/Users/claudiodamasco/Documents/www/leaotalentebridge/leao-careers/node_modules/@radix-ui/react-use-escape-keydown': '/Users/claudiodamasco/Documents/www/leaotalentebridge/leao-careers/node_modules/@radix-ui/.react-use-escape-keydown-wuY4ruX9',
64 silly reify   '/Users/claudiodamasco/Documents/www/leaotalentebridge/leao-careers/node_modules/@radix-ui/react-use-is-hydrated': '/Users/claudiodamasco/Documents/www/leaotalentebridge/leao-careers/node_modules/@radix-ui/.react-use-is-hydrated-kSUr2iy1',
64 silly reify   '/Users/claudiodamasco/Documents/www/leaotalentebridge/leao-careers/node_modules/@radix-ui/react-use-layout-effect': '/Users/claudiodamasco/Documents/www/leaotalentebridge/leao-careers/node_modules/@radix-ui/.react-use-layout-effect-uNXNCGTQ',
64 silly reify   '/Users/claudiodamasco/Documents/www/leaotalentebridge/leao-careers/node_modules/@radix-ui/react-use-previous': '/Users/claudiodamasco/Documents/www/leaotalentebridge/leao-careers/node_modules/@radix-ui/.react-use-previous-KnCx9f1Z',
64 silly reify   '/Users/claudiodamasco/Documents/www/leaotalentebridge/leao-careers/node_modules/@radix-ui/react-use-rect': '/Users/claudiodamasco/Documents/www/leaotalentebridge/leao-careers/node_modules/@radix-ui/.react-use-rect-mYjFVaYT',
64 silly reify   '/Users/claudiodamasco/Documents/www/leaotalentebridge/leao-careers/node_modules/@radix-ui/react-use-size': '/Users/claudiodamasco/Documents/www/leaotalentebridge/leao-careers/node_modules/@radix-ui/.react-use-size-umxfIlAI',
64 silly reify   '/Users/claudiodamasco/Documents/www/leaotalentebridge/leao-careers/node_modules/@radix-ui/react-visually-hidden': '/Users/claudiodamasco/Documents/www/leaotalentebridge/leao-careers/node_modules/@radix-ui/.react-visually-hidden-OIGESefE',
64 silly reify   '/Users/claudiodamasco/Documents/www/leaotalentebridge/leao-careers/node_modules/@radix-ui/rect': '/Users/claudiodamasco/Documents/www/leaotalentebridge/leao-careers/node_modules/@radix-ui/.rect-fsDQsCb7',
64 silly reify   '/Users/claudiodamasco/Documents/www/leaotalentebridge/leao-careers/node_modules/aria-hidden': '/Users/claudiodamasco/Documents/www/leaotalentebridge/leao-careers/node_modules/.aria-hidden-2C6o9HIb',
64 silly reify   '/Users/claudiodamasco/Documents/www/leaotalentebridge/leao-careers/node_modules/detect-node-es': '/Users/claudiodamasco/Documents/www/leaotalentebridge/leao-careers/node_modules/.detect-node-es-EApYIJw5',
64 silly reify   '/Users/claudiodamasco/Documents/www/leaotalentebridge/leao-careers/node_modules/get-nonce': '/Users/claudiodamasco/Documents/www/leaotalentebridge/leao-careers/node_modules/.get-nonce-lVv9Zrjm',
64 silly reify   '/Users/claudiodamasco/Documents/www/leaotalentebridge/leao-careers/node_modules/react-remove-scroll': '/Users/claudiodamasco/Documents/www/leaotalentebridge/leao-careers/node_modules/.react-remove-scroll-XHcmQUym',
64 silly reify   '/Users/claudiodamasco/Documents/www/leaotalentebridge/leao-careers/node_modules/react-remove-scroll-bar': '/Users/claudiodamasco/Documents/www/leaotalentebridge/leao-careers/node_modules/.react-remove-scroll-bar-lX9MfpNX',
64 silly reify   '/Users/claudiodamasco/Documents/www/leaotalentebridge/leao-careers/node_modules/react-style-singleton': '/Users/claudiodamasco/Documents/www/leaotalentebridge/leao-careers/node_modules/.react-style-singleton-SDqObFBc',
64 silly reify   '/Users/claudiodamasco/Documents/www/leaotalentebridge/leao-careers/node_modules/use-callback-ref': '/Users/claudiodamasco/Documents/www/leaotalentebridge/leao-careers/node_modules/.use-callback-ref-tRiObVly',
64 silly reify   '/Users/claudiodamasco/Documents/www/leaotalentebridge/leao-careers/node_modules/use-sidecar': '/Users/claudiodamasco/Documents/www/leaotalentebridge/leao-careers/node_modules/.use-sidecar-5ZFqUWQw',
64 silly reify   '/Users/claudiodamasco/Documents/www/leaotalentebridge/leao-careers/node_modules/use-sync-external-store': '/Users/claudiodamasco/Documents/www/leaotalentebridge/leao-careers/node_modules/.use-sync-external-store-K6c6CHlj'
64 silly reify }
65 silly reify mark deleted [
65 silly reify   '/Users/claudiodamasco/Documents/www/leaotalentebridge/leao-careers/node_modules/@emnapi/core'
65 silly reify ]
66 silly reify mark deleted [
66 silly reify   '/Users/claudiodamasco/Documents/www/leaotalentebridge/leao-careers/node_modules/@emnapi/runtime'
66 silly reify ]
67 silly reify mark deleted [
67 silly reify   '/Users/claudiodamasco/Documents/www/leaotalentebridge/leao-careers/node_modules/@emnapi/wasi-threads'
67 silly reify ]
68 silly reify mark deleted [
68 silly reify   '/Users/claudiodamasco/Documents/www/leaotalentebridge/leao-careers/node_modules/@img/sharp-darwin-arm64'
68 silly reify ]
69 silly reify mark deleted [
69 silly reify   '/Users/claudiodamasco/Documents/www/leaotalentebridge/leao-careers/node_modules/@img/sharp-darwin-x64'
69 silly reify ]
70 silly reify mark deleted [
70 silly reify   '/Users/claudiodamasco/Documents/www/leaotalentebridge/leao-careers/node_modules/@img/sharp-libvips-darwin-arm64'
70 silly reify ]
71 silly reify mark deleted [
71 silly reify   '/Users/claudiodamasco/Documents/www/leaotalentebridge/leao-careers/node_modules/@img/sharp-libvips-darwin-x64'
71 silly reify ]
72 silly reify mark deleted [
72 silly reify   '/Users/claudiodamasco/Documents/www/leaotalentebridge/leao-careers/node_modules/@img/sharp-libvips-linux-arm'
72 silly reify ]
73 silly reify mark deleted [
73 silly reify   '/Users/claudiodamasco/Documents/www/leaotalentebridge/leao-careers/node_modules/@img/sharp-libvips-linux-arm64'
73 silly reify ]
74 silly reify mark deleted [
74 silly reify   '/Users/claudiodamasco/Documents/www/leaotalentebridge/leao-careers/node_modules/@img/sharp-libvips-linux-ppc64'
74 silly reify ]
75 silly reify mark deleted [
75 silly reify   '/Users/claudiodamasco/Documents/www/leaotalentebridge/leao-careers/node_modules/@img/sharp-libvips-linux-s390x'
75 silly reify ]
76 silly reify mark deleted [
76 silly reify   '/Users/claudiodamasco/Documents/www/leaotalentebridge/leao-careers/node_modules/@img/sharp-libvips-linux-x64'
76 silly reify ]
77 silly reify mark deleted [
77 silly reify   '/Users/claudiodamasco/Documents/www/leaotalentebridge/leao-careers/node_modules/@img/sharp-libvips-linuxmusl-arm64'
77 silly reify ]
78 silly reify mark deleted [
78 silly reify   '/Users/claudiodamasco/Documents/www/leaotalentebridge/leao-careers/node_modules/@img/sharp-libvips-linuxmusl-x64'
78 silly reify ]
79 silly reify mark deleted [
79 silly reify   '/Users/claudiodamasco/Documents/www/leaotalentebridge/leao-careers/node_modules/@img/sharp-linux-arm'
79 silly reify ]
80 silly reify mark deleted [
80 silly reify   '/Users/claudiodamasco/Documents/www/leaotalentebridge/leao-careers/node_modules/@img/sharp-linux-arm64'
80 silly reify ]
81 silly reify mark deleted [
81 silly reify   '/Users/claudiodamasco/Documents/www/leaotalentebridge/leao-careers/node_modules/@img/sharp-linux-ppc64'
81 silly reify ]
82 silly reify mark deleted [
82 silly reify   '/Users/claudiodamasco/Documents/www/leaotalentebridge/leao-careers/node_modules/@img/sharp-linux-s390x'
82 silly reify ]
83 silly reify mark deleted [
83 silly reify   '/Users/claudiodamasco/Documents/www/leaotalentebridge/leao-careers/node_modules/@img/sharp-linux-x64'
83 silly reify ]
84 silly reify mark deleted [
84 silly reify   '/Users/claudiodamasco/Documents/www/leaotalentebridge/leao-careers/node_modules/@img/sharp-linuxmusl-arm64'
84 silly reify ]
85 silly reify mark deleted [
85 silly reify   '/Users/claudiodamasco/Documents/www/leaotalentebridge/leao-careers/node_modules/@img/sharp-linuxmusl-x64'
85 silly reify ]
86 silly reify mark deleted [
86 silly reify   '/Users/claudiodamasco/Documents/www/leaotalentebridge/leao-careers/node_modules/@img/sharp-wasm32'
86 silly reify ]
87 silly reify mark deleted [
87 silly reify   '/Users/claudiodamasco/Documents/www/leaotalentebridge/leao-careers/node_modules/@img/sharp-win32-arm64'
87 silly reify ]
88 silly reify mark deleted [
88 silly reify   '/Users/claudiodamasco/Documents/www/leaotalentebridge/leao-careers/node_modules/@img/sharp-win32-ia32'
88 silly reify ]
89 silly reify mark deleted [
89 silly reify   '/Users/claudiodamasco/Documents/www/leaotalentebridge/leao-careers/node_modules/@img/sharp-win32-x64'
89 silly reify ]
90 silly reify mark deleted [
90 silly reify   '/Users/claudiodamasco/Documents/www/leaotalentebridge/leao-careers/node_modules/@napi-rs/wasm-runtime'
90 silly reify ]
91 silly reify mark deleted [
91 silly reify   '/Users/claudiodamasco/Documents/www/leaotalentebridge/leao-careers/node_modules/@next/swc-darwin-arm64'
91 silly reify ]
92 silly reify mark deleted [
92 silly reify   '/Users/claudiodamasco/Documents/www/leaotalentebridge/leao-careers/node_modules/@next/swc-darwin-x64'
92 silly reify ]
93 silly reify mark deleted [
93 silly reify   '/Users/claudiodamasco/Documents/www/leaotalentebridge/leao-careers/node_modules/@next/swc-linux-arm64-gnu'
93 silly reify ]
94 silly reify mark deleted [
94 silly reify   '/Users/claudiodamasco/Documents/www/leaotalentebridge/leao-careers/node_modules/@next/swc-linux-arm64-musl'
94 silly reify ]
95 silly reify mark deleted [
95 silly reify   '/Users/claudiodamasco/Documents/www/leaotalentebridge/leao-careers/node_modules/@next/swc-linux-x64-gnu'
95 silly reify ]
96 silly reify mark deleted [
96 silly reify   '/Users/claudiodamasco/Documents/www/leaotalentebridge/leao-careers/node_modules/@next/swc-linux-x64-musl'
96 silly reify ]
97 silly reify mark deleted [
97 silly reify   '/Users/claudiodamasco/Documents/www/leaotalentebridge/leao-careers/node_modules/@next/swc-win32-arm64-msvc'
97 silly reify ]
98 silly reify mark deleted [
98 silly reify   '/Users/claudiodamasco/Documents/www/leaotalentebridge/leao-careers/node_modules/@next/swc-win32-x64-msvc'
98 silly reify ]
99 silly reify mark deleted [
99 silly reify   '/Users/claudiodamasco/Documents/www/leaotalentebridge/leao-careers/node_modules/@tybys/wasm-util'
99 silly reify ]
100 silly reify mark deleted [
100 silly reify   '/Users/claudiodamasco/Documents/www/leaotalentebridge/leao-careers/node_modules/@unrs/resolver-binding-android-arm-eabi'
100 silly reify ]
101 silly reify mark deleted [
101 silly reify   '/Users/claudiodamasco/Documents/www/leaotalentebridge/leao-careers/node_modules/@unrs/resolver-binding-android-arm64'
101 silly reify ]
102 silly reify mark deleted [
102 silly reify   '/Users/claudiodamasco/Documents/www/leaotalentebridge/leao-careers/node_modules/@unrs/resolver-binding-darwin-arm64'
102 silly reify ]
103 silly reify mark deleted [
103 silly reify   '/Users/claudiodamasco/Documents/www/leaotalentebridge/leao-careers/node_modules/@unrs/resolver-binding-darwin-x64'
103 silly reify ]
104 silly reify mark deleted [
104 silly reify   '/Users/claudiodamasco/Documents/www/leaotalentebridge/leao-careers/node_modules/@unrs/resolver-binding-freebsd-x64'
104 silly reify ]
105 silly reify mark deleted [
105 silly reify   '/Users/claudiodamasco/Documents/www/leaotalentebridge/leao-careers/node_modules/@unrs/resolver-binding-linux-arm-gnueabihf'
105 silly reify ]
106 silly reify mark deleted [
106 silly reify   '/Users/claudiodamasco/Documents/www/leaotalentebridge/leao-careers/node_modules/@unrs/resolver-binding-linux-arm-musleabihf'
106 silly reify ]
107 silly reify mark deleted [
107 silly reify   '/Users/claudiodamasco/Documents/www/leaotalentebridge/leao-careers/node_modules/@unrs/resolver-binding-linux-arm64-gnu'
107 silly reify ]
108 silly reify mark deleted [
108 silly reify   '/Users/claudiodamasco/Documents/www/leaotalentebridge/leao-careers/node_modules/@unrs/resolver-binding-linux-arm64-musl'
108 silly reify ]
109 silly reify mark deleted [
109 silly reify   '/Users/claudiodamasco/Documents/www/leaotalentebridge/leao-careers/node_modules/@unrs/resolver-binding-linux-ppc64-gnu'
109 silly reify ]
110 silly reify mark deleted [
110 silly reify   '/Users/claudiodamasco/Documents/www/leaotalentebridge/leao-careers/node_modules/@unrs/resolver-binding-linux-riscv64-gnu'
110 silly reify ]
111 silly reify mark deleted [
111 silly reify   '/Users/claudiodamasco/Documents/www/leaotalentebridge/leao-careers/node_modules/@unrs/resolver-binding-linux-riscv64-musl'
111 silly reify ]
112 silly reify mark deleted [
112 silly reify   '/Users/claudiodamasco/Documents/www/leaotalentebridge/leao-careers/node_modules/@unrs/resolver-binding-linux-s390x-gnu'
112 silly reify ]
113 silly reify mark deleted [
113 silly reify   '/Users/claudiodamasco/Documents/www/leaotalentebridge/leao-careers/node_modules/@unrs/resolver-binding-linux-x64-gnu'
113 silly reify ]
114 silly reify mark deleted [
114 silly reify   '/Users/claudiodamasco/Documents/www/leaotalentebridge/leao-careers/node_modules/@unrs/resolver-binding-linux-x64-musl'
114 silly reify ]
115 silly reify mark deleted [
115 silly reify   '/Users/claudiodamasco/Documents/www/leaotalentebridge/leao-careers/node_modules/@unrs/resolver-binding-wasm32-wasi'
115 silly reify ]
116 silly reify mark deleted [
116 silly reify   '/Users/claudiodamasco/Documents/www/leaotalentebridge/leao-careers/node_modules/@unrs/resolver-binding-win32-arm64-msvc'
116 silly reify ]
117 silly reify mark deleted [
117 silly reify   '/Users/claudiodamasco/Documents/www/leaotalentebridge/leao-careers/node_modules/@unrs/resolver-binding-win32-ia32-msvc'
117 silly reify ]
118 silly reify mark deleted [
118 silly reify   '/Users/claudiodamasco/Documents/www/leaotalentebridge/leao-careers/node_modules/@unrs/resolver-binding-win32-x64-msvc'
118 silly reify ]
119 silly reify mark deleted [
119 silly reify   '/Users/claudiodamasco/Documents/www/leaotalentebridge/leao-careers/node_modules/color'
119 silly reify ]
120 silly reify mark deleted [
120 silly reify   '/Users/claudiodamasco/Documents/www/leaotalentebridge/leao-careers/node_modules/color-string'
120 silly reify ]
121 silly reify mark deleted [
121 silly reify   '/Users/claudiodamasco/Documents/www/leaotalentebridge/leao-careers/node_modules/detect-libc'
121 silly reify ]
122 silly reify mark deleted [
122 silly reify   '/Users/claudiodamasco/Documents/www/leaotalentebridge/leao-careers/node_modules/is-arrayish'
122 silly reify ]
123 silly reify mark deleted [
123 silly reify   '/Users/claudiodamasco/Documents/www/leaotalentebridge/leao-careers/node_modules/sharp'
123 silly reify ]
124 silly reify mark deleted [
124 silly reify   '/Users/claudiodamasco/Documents/www/leaotalentebridge/leao-careers/node_modules/simple-swizzle'
124 silly reify ]
125 silly ADD
126 silly ADD
127 silly ADD
128 silly ADD
129 silly ADD
130 silly ADD
131 silly ADD
132 silly ADD
133 silly ADD
134 silly ADD
135 silly ADD
136 silly ADD
137 silly ADD
138 silly ADD
139 silly ADD
140 silly ADD
141 silly ADD
142 silly ADD
143 silly ADD
144 silly ADD
145 silly ADD
146 silly ADD
147 silly ADD
148 silly ADD
149 silly ADD
150 silly ADD
151 silly ADD
152 silly ADD
153 silly ADD
154 silly ADD
155 silly ADD
156 silly ADD
157 silly ADD
158 silly ADD
159 silly ADD
160 silly ADD
161 silly ADD
162 silly ADD
163 silly ADD
164 silly ADD
165 silly ADD
166 silly ADD
167 silly ADD
168 silly ADD
169 silly ADD
170 silly ADD
171 silly ADD
172 silly ADD
173 silly ADD
174 silly ADD
175 silly ADD
176 silly ADD
177 silly ADD
178 silly ADD
179 silly ADD
180 silly ADD
181 silly ADD
182 silly ADD
183 silly ADD
184 silly ADD
185 silly REMOVE node_modules/use-sync-external-store
186 silly REMOVE node_modules/use-sidecar
187 silly REMOVE node_modules/use-callback-ref
188 silly REMOVE node_modules/react-style-singleton
189 silly REMOVE node_modules/react-remove-scroll-bar
190 silly REMOVE node_modules/react-remove-scroll
191 silly REMOVE node_modules/get-nonce
192 silly REMOVE node_modules/detect-node-es
193 silly REMOVE node_modules/aria-hidden
194 silly REMOVE node_modules/@radix-ui/rect
195 silly REMOVE node_modules/@radix-ui/react-visually-hidden
196 silly REMOVE node_modules/@radix-ui/react-use-size
197 silly REMOVE node_modules/@radix-ui/react-use-rect
198 silly REMOVE node_modules/@radix-ui/react-use-previous
199 silly REMOVE node_modules/@radix-ui/react-use-layout-effect
200 silly REMOVE node_modules/@radix-ui/react-use-is-hydrated
201 silly REMOVE node_modules/@radix-ui/react-use-escape-keydown
202 silly REMOVE node_modules/@radix-ui/react-use-effect-event
203 silly REMOVE node_modules/@radix-ui/react-use-controllable-state
204 silly REMOVE node_modules/@radix-ui/react-use-callback-ref
205 silly REMOVE node_modules/@radix-ui/react-tabs
206 silly REMOVE node_modules/@radix-ui/react-slot
207 silly REMOVE node_modules/@radix-ui/react-separator
208 silly REMOVE node_modules/@radix-ui/react-select
209 silly REMOVE node_modules/@radix-ui/react-roving-focus
210 silly REMOVE node_modules/@radix-ui/react-progress
211 silly REMOVE node_modules/@radix-ui/react-primitive
212 silly REMOVE node_modules/@radix-ui/react-presence
213 silly REMOVE node_modules/@radix-ui/react-portal
214 silly REMOVE node_modules/@radix-ui/react-popper
215 silly REMOVE node_modules/@radix-ui/react-menu
216 silly REMOVE node_modules/@radix-ui/react-id
217 silly REMOVE node_modules/@radix-ui/react-focus-scope
218 silly REMOVE node_modules/@radix-ui/react-focus-guards
219 silly REMOVE node_modules/@radix-ui/react-dropdown-menu
220 silly REMOVE node_modules/@radix-ui/react-dismissable-layer
221 silly REMOVE node_modules/@radix-ui/react-direction
222 silly REMOVE node_modules/@radix-ui/react-dialog
223 silly REMOVE node_modules/@radix-ui/react-context
224 silly REMOVE node_modules/@radix-ui/react-compose-refs
225 silly REMOVE node_modules/@radix-ui/react-collection
226 silly REMOVE node_modules/@radix-ui/react-avatar
227 silly REMOVE node_modules/@radix-ui/react-arrow
228 silly REMOVE node_modules/@radix-ui/primitive
229 silly REMOVE node_modules/@radix-ui/number
230 silly REMOVE node_modules/@floating-ui/utils
231 silly REMOVE node_modules/@floating-ui/react-dom
232 silly REMOVE node_modules/@floating-ui/dom
233 silly REMOVE node_modules/@floating-ui/core
234 verbose cwd /Users/claudiodamasco/Documents/www/leaotalentebridge/leao-careers
235 verbose os Darwin 23.4.0
236 verbose node v23.6.1
237 verbose npm  v11.3.0
238 verbose exit 0
239 info ok
