0 verbose cli /opt/homebrew/Cellar/node/23.6.1/bin/node /opt/homebrew/bin/npm
1 info using npm@11.3.0
2 info using node@v23.6.1
3 silly config load:file:/opt/homebrew/lib/node_modules/npm/npmrc
4 silly config load:file:/Users/claudiodamasco/Documents/www/leaotalentebridge/leao-careers/.npmrc
5 silly config load:file:/Users/claudiodamasco/.npmrc
6 silly config load:file:/opt/homebrew/etc/npmrc
7 verbose title npm install
8 verbose argv "install"
9 verbose logfile logs-max:10 dir:/Users/claudiodamasco/Documents/www/leaotalentebridge/leao-careers/.npm-cache/_logs/2025-09-02T02_39_49_879Z-
10 verbose logfile /Users/claudiodamasco/Documents/www/leaotalentebridge/leao-careers/.npm-cache/_logs/2025-09-02T02_39_49_879Z-debug-0.log
11 silly logfile done cleaning log files
12 silly packumentCache heap:4345298944 maxSize:1086324736 maxEntrySize:543162368
13 silly idealTree buildDeps
14 verbose shrinkwrap failed to load node_modules/.package-lock.json out of date, updated: node_modules
15 silly reify moves {}
16 silly reify mark deleted [
16 silly reify   '/Users/claudiodamasco/Documents/www/leaotalentebridge/leao-careers/node_modules/@emnapi/core'
16 silly reify ]
17 silly reify mark deleted [
17 silly reify   '/Users/claudiodamasco/Documents/www/leaotalentebridge/leao-careers/node_modules/@emnapi/runtime'
17 silly reify ]
18 silly reify mark deleted [
18 silly reify   '/Users/claudiodamasco/Documents/www/leaotalentebridge/leao-careers/node_modules/@emnapi/wasi-threads'
18 silly reify ]
19 silly reify mark deleted [
19 silly reify   '/Users/claudiodamasco/Documents/www/leaotalentebridge/leao-careers/node_modules/@img/sharp-darwin-arm64'
19 silly reify ]
20 silly reify mark deleted [
20 silly reify   '/Users/claudiodamasco/Documents/www/leaotalentebridge/leao-careers/node_modules/@img/sharp-darwin-x64'
20 silly reify ]
21 silly reify mark deleted [
21 silly reify   '/Users/claudiodamasco/Documents/www/leaotalentebridge/leao-careers/node_modules/@img/sharp-libvips-darwin-arm64'
21 silly reify ]
22 silly reify mark deleted [
22 silly reify   '/Users/claudiodamasco/Documents/www/leaotalentebridge/leao-careers/node_modules/@img/sharp-libvips-darwin-x64'
22 silly reify ]
23 silly reify mark deleted [
23 silly reify   '/Users/claudiodamasco/Documents/www/leaotalentebridge/leao-careers/node_modules/@img/sharp-libvips-linux-arm'
23 silly reify ]
24 silly reify mark deleted [
24 silly reify   '/Users/claudiodamasco/Documents/www/leaotalentebridge/leao-careers/node_modules/@img/sharp-libvips-linux-arm64'
24 silly reify ]
25 silly reify mark deleted [
25 silly reify   '/Users/claudiodamasco/Documents/www/leaotalentebridge/leao-careers/node_modules/@img/sharp-libvips-linux-ppc64'
25 silly reify ]
26 silly reify mark deleted [
26 silly reify   '/Users/claudiodamasco/Documents/www/leaotalentebridge/leao-careers/node_modules/@img/sharp-libvips-linux-s390x'
26 silly reify ]
27 silly reify mark deleted [
27 silly reify   '/Users/claudiodamasco/Documents/www/leaotalentebridge/leao-careers/node_modules/@img/sharp-libvips-linux-x64'
27 silly reify ]
28 silly reify mark deleted [
28 silly reify   '/Users/claudiodamasco/Documents/www/leaotalentebridge/leao-careers/node_modules/@img/sharp-libvips-linuxmusl-arm64'
28 silly reify ]
29 silly reify mark deleted [
29 silly reify   '/Users/claudiodamasco/Documents/www/leaotalentebridge/leao-careers/node_modules/@img/sharp-libvips-linuxmusl-x64'
29 silly reify ]
30 silly reify mark deleted [
30 silly reify   '/Users/claudiodamasco/Documents/www/leaotalentebridge/leao-careers/node_modules/@img/sharp-linux-arm'
30 silly reify ]
31 silly reify mark deleted [
31 silly reify   '/Users/claudiodamasco/Documents/www/leaotalentebridge/leao-careers/node_modules/@img/sharp-linux-arm64'
31 silly reify ]
32 silly reify mark deleted [
32 silly reify   '/Users/claudiodamasco/Documents/www/leaotalentebridge/leao-careers/node_modules/@img/sharp-linux-ppc64'
32 silly reify ]
33 silly reify mark deleted [
33 silly reify   '/Users/claudiodamasco/Documents/www/leaotalentebridge/leao-careers/node_modules/@img/sharp-linux-s390x'
33 silly reify ]
34 silly reify mark deleted [
34 silly reify   '/Users/claudiodamasco/Documents/www/leaotalentebridge/leao-careers/node_modules/@img/sharp-linux-x64'
34 silly reify ]
35 silly reify mark deleted [
35 silly reify   '/Users/claudiodamasco/Documents/www/leaotalentebridge/leao-careers/node_modules/@img/sharp-linuxmusl-arm64'
35 silly reify ]
36 silly reify mark deleted [
36 silly reify   '/Users/claudiodamasco/Documents/www/leaotalentebridge/leao-careers/node_modules/@img/sharp-linuxmusl-x64'
36 silly reify ]
37 silly reify mark deleted [
37 silly reify   '/Users/claudiodamasco/Documents/www/leaotalentebridge/leao-careers/node_modules/@img/sharp-wasm32'
37 silly reify ]
38 silly reify mark deleted [
38 silly reify   '/Users/claudiodamasco/Documents/www/leaotalentebridge/leao-careers/node_modules/@img/sharp-win32-arm64'
38 silly reify ]
39 silly reify mark deleted [
39 silly reify   '/Users/claudiodamasco/Documents/www/leaotalentebridge/leao-careers/node_modules/@img/sharp-win32-ia32'
39 silly reify ]
40 silly reify mark deleted [
40 silly reify   '/Users/claudiodamasco/Documents/www/leaotalentebridge/leao-careers/node_modules/@img/sharp-win32-x64'
40 silly reify ]
41 silly reify mark deleted [
41 silly reify   '/Users/claudiodamasco/Documents/www/leaotalentebridge/leao-careers/node_modules/@napi-rs/wasm-runtime'
41 silly reify ]
42 silly reify mark deleted [
42 silly reify   '/Users/claudiodamasco/Documents/www/leaotalentebridge/leao-careers/node_modules/@next/swc-darwin-arm64'
42 silly reify ]
43 silly reify mark deleted [
43 silly reify   '/Users/claudiodamasco/Documents/www/leaotalentebridge/leao-careers/node_modules/@next/swc-darwin-x64'
43 silly reify ]
44 silly reify mark deleted [
44 silly reify   '/Users/claudiodamasco/Documents/www/leaotalentebridge/leao-careers/node_modules/@next/swc-linux-arm64-gnu'
44 silly reify ]
45 silly reify mark deleted [
45 silly reify   '/Users/claudiodamasco/Documents/www/leaotalentebridge/leao-careers/node_modules/@next/swc-linux-arm64-musl'
45 silly reify ]
46 silly reify mark deleted [
46 silly reify   '/Users/claudiodamasco/Documents/www/leaotalentebridge/leao-careers/node_modules/@next/swc-linux-x64-gnu'
46 silly reify ]
47 silly reify mark deleted [
47 silly reify   '/Users/claudiodamasco/Documents/www/leaotalentebridge/leao-careers/node_modules/@next/swc-linux-x64-musl'
47 silly reify ]
48 silly reify mark deleted [
48 silly reify   '/Users/claudiodamasco/Documents/www/leaotalentebridge/leao-careers/node_modules/@next/swc-win32-arm64-msvc'
48 silly reify ]
49 silly reify mark deleted [
49 silly reify   '/Users/claudiodamasco/Documents/www/leaotalentebridge/leao-careers/node_modules/@next/swc-win32-x64-msvc'
49 silly reify ]
50 silly reify mark deleted [
50 silly reify   '/Users/claudiodamasco/Documents/www/leaotalentebridge/leao-careers/node_modules/@tybys/wasm-util'
50 silly reify ]
51 silly reify mark deleted [
51 silly reify   '/Users/claudiodamasco/Documents/www/leaotalentebridge/leao-careers/node_modules/@unrs/resolver-binding-android-arm-eabi'
51 silly reify ]
52 silly reify mark deleted [
52 silly reify   '/Users/claudiodamasco/Documents/www/leaotalentebridge/leao-careers/node_modules/@unrs/resolver-binding-android-arm64'
52 silly reify ]
53 silly reify mark deleted [
53 silly reify   '/Users/claudiodamasco/Documents/www/leaotalentebridge/leao-careers/node_modules/@unrs/resolver-binding-darwin-arm64'
53 silly reify ]
54 silly reify mark deleted [
54 silly reify   '/Users/claudiodamasco/Documents/www/leaotalentebridge/leao-careers/node_modules/@unrs/resolver-binding-darwin-x64'
54 silly reify ]
55 silly reify mark deleted [
55 silly reify   '/Users/claudiodamasco/Documents/www/leaotalentebridge/leao-careers/node_modules/@unrs/resolver-binding-freebsd-x64'
55 silly reify ]
56 silly reify mark deleted [
56 silly reify   '/Users/claudiodamasco/Documents/www/leaotalentebridge/leao-careers/node_modules/@unrs/resolver-binding-linux-arm-gnueabihf'
56 silly reify ]
57 silly reify mark deleted [
57 silly reify   '/Users/claudiodamasco/Documents/www/leaotalentebridge/leao-careers/node_modules/@unrs/resolver-binding-linux-arm-musleabihf'
57 silly reify ]
58 silly reify mark deleted [
58 silly reify   '/Users/claudiodamasco/Documents/www/leaotalentebridge/leao-careers/node_modules/@unrs/resolver-binding-linux-arm64-gnu'
58 silly reify ]
59 silly reify mark deleted [
59 silly reify   '/Users/claudiodamasco/Documents/www/leaotalentebridge/leao-careers/node_modules/@unrs/resolver-binding-linux-arm64-musl'
59 silly reify ]
60 silly reify mark deleted [
60 silly reify   '/Users/claudiodamasco/Documents/www/leaotalentebridge/leao-careers/node_modules/@unrs/resolver-binding-linux-ppc64-gnu'
60 silly reify ]
61 silly reify mark deleted [
61 silly reify   '/Users/claudiodamasco/Documents/www/leaotalentebridge/leao-careers/node_modules/@unrs/resolver-binding-linux-riscv64-gnu'
61 silly reify ]
62 silly reify mark deleted [
62 silly reify   '/Users/claudiodamasco/Documents/www/leaotalentebridge/leao-careers/node_modules/@unrs/resolver-binding-linux-riscv64-musl'
62 silly reify ]
63 silly reify mark deleted [
63 silly reify   '/Users/claudiodamasco/Documents/www/leaotalentebridge/leao-careers/node_modules/@unrs/resolver-binding-linux-s390x-gnu'
63 silly reify ]
64 silly reify mark deleted [
64 silly reify   '/Users/claudiodamasco/Documents/www/leaotalentebridge/leao-careers/node_modules/@unrs/resolver-binding-linux-x64-gnu'
64 silly reify ]
65 silly reify mark deleted [
65 silly reify   '/Users/claudiodamasco/Documents/www/leaotalentebridge/leao-careers/node_modules/@unrs/resolver-binding-linux-x64-musl'
65 silly reify ]
66 silly reify mark deleted [
66 silly reify   '/Users/claudiodamasco/Documents/www/leaotalentebridge/leao-careers/node_modules/@unrs/resolver-binding-wasm32-wasi'
66 silly reify ]
67 silly reify mark deleted [
67 silly reify   '/Users/claudiodamasco/Documents/www/leaotalentebridge/leao-careers/node_modules/@unrs/resolver-binding-win32-arm64-msvc'
67 silly reify ]
68 silly reify mark deleted [
68 silly reify   '/Users/claudiodamasco/Documents/www/leaotalentebridge/leao-careers/node_modules/@unrs/resolver-binding-win32-ia32-msvc'
68 silly reify ]
69 silly reify mark deleted [
69 silly reify   '/Users/claudiodamasco/Documents/www/leaotalentebridge/leao-careers/node_modules/@unrs/resolver-binding-win32-x64-msvc'
69 silly reify ]
70 silly reify mark deleted [
70 silly reify   '/Users/claudiodamasco/Documents/www/leaotalentebridge/leao-careers/node_modules/color'
70 silly reify ]
71 silly reify mark deleted [
71 silly reify   '/Users/claudiodamasco/Documents/www/leaotalentebridge/leao-careers/node_modules/color-string'
71 silly reify ]
72 silly reify mark deleted [
72 silly reify   '/Users/claudiodamasco/Documents/www/leaotalentebridge/leao-careers/node_modules/detect-libc'
72 silly reify ]
73 silly reify mark deleted [
73 silly reify   '/Users/claudiodamasco/Documents/www/leaotalentebridge/leao-careers/node_modules/is-arrayish'
73 silly reify ]
74 silly reify mark deleted [
74 silly reify   '/Users/claudiodamasco/Documents/www/leaotalentebridge/leao-careers/node_modules/sharp'
74 silly reify ]
75 silly reify mark deleted [
75 silly reify   '/Users/claudiodamasco/Documents/www/leaotalentebridge/leao-careers/node_modules/simple-swizzle'
75 silly reify ]
76 silly ADD
77 silly ADD
78 silly ADD
79 silly ADD
80 silly ADD
81 silly ADD
82 silly ADD
83 silly ADD
84 silly ADD
85 silly ADD
86 silly ADD
87 silly ADD
88 silly ADD
89 silly ADD
90 silly ADD
91 silly ADD
92 silly ADD
93 silly ADD
94 silly ADD
95 silly ADD
96 silly ADD
97 silly ADD
98 silly ADD
99 silly ADD
100 silly ADD
101 silly ADD
102 silly ADD
103 silly ADD
104 silly ADD
105 silly ADD
106 silly ADD
107 silly ADD
108 silly ADD
109 silly ADD
110 silly ADD
111 silly ADD
112 silly ADD
113 silly ADD
114 silly ADD
115 silly ADD
116 silly ADD
117 silly ADD
118 silly ADD
119 silly ADD
120 silly ADD
121 silly ADD
122 silly ADD
123 silly ADD
124 silly ADD
125 silly ADD
126 silly ADD
127 silly ADD
128 silly ADD
129 silly ADD
130 silly ADD
131 silly ADD
132 silly ADD
133 silly ADD
134 silly ADD
135 silly ADD
136 verbose cwd /Users/claudiodamasco/Documents/www/leaotalentebridge/leao-careers
137 verbose os Darwin 23.4.0
138 verbose node v23.6.1
139 verbose npm  v11.3.0
140 verbose exit 0
141 info ok
