0 verbose cli /opt/homebrew/Cellar/node/23.6.1/bin/node /opt/homebrew/bin/npm
1 info using npm@11.3.0
2 info using node@v23.6.1
3 silly config load:file:/opt/homebrew/lib/node_modules/npm/npmrc
4 silly config load:file:/Users/claudiodamasco/Documents/www/leaotalentebridge/leao-careers/.npmrc
5 silly config load:file:/Users/claudiodamasco/.npmrc
6 silly config load:file:/opt/homebrew/etc/npmrc
7 verbose title npm install react-i18next i18next i18next-browser-languagedetector
8 verbose argv "install" "react-i18next" "i18next" "i18next-browser-languagedetector"
9 verbose logfile logs-max:10 dir:/Users/claudiodamasco/Documents/www/leaotalentebridge/leao-careers/.npm-cache/_logs/2025-09-03T22_58_14_068Z-
10 verbose logfile /Users/claudiodamasco/Documents/www/leaotalentebridge/leao-careers/.npm-cache/_logs/2025-09-03T22_58_14_068Z-debug-0.log
11 silly logfile start cleaning logs, removing 3 files
12 silly packumentCache heap:4345298944 maxSize:1086324736 maxEntrySize:543162368
13 silly logfile done cleaning log files
14 silly idealTree buildDeps
15 silly fetch manifest react-i18next@*
16 silly packumentCache full:https://registry.npmjs.org/react-i18next cache-miss
17 verbose shrinkwrap failed to load node_modules/.package-lock.json out of date, updated: node_modules
18 http fetch GET 200 https://registry.npmjs.org/react-i18next 206ms (cache miss)
19 silly packumentCache full:https://registry.npmjs.org/react-i18next set size:undefined disposed:false
20 silly fetch manifest i18next@*
21 silly packumentCache full:https://registry.npmjs.org/i18next cache-miss
22 http fetch GET 200 https://registry.npmjs.org/i18next 95ms (cache miss)
23 silly packumentCache full:https://registry.npmjs.org/i18next set size:undefined disposed:false
24 silly fetch manifest typescript@^5
25 silly packumentCache full:https://registry.npmjs.org/typescript cache-miss
26 http fetch GET 200 https://registry.npmjs.org/typescript 784ms (cache miss)
27 silly packumentCache full:https://registry.npmjs.org/typescript set size:undefined disposed:false
28 silly fetch manifest react@^19.0.0
29 silly packumentCache full:https://registry.npmjs.org/react cache-miss
30 http fetch GET 200 https://registry.npmjs.org/react 57ms (cache stale)
31 silly packumentCache full:https://registry.npmjs.org/react set size:6005583 disposed:false
32 silly fetch manifest i18next-browser-languagedetector@*
33 silly packumentCache full:https://registry.npmjs.org/i18next-browser-languagedetector cache-miss
34 http fetch GET 200 https://registry.npmjs.org/i18next-browser-languagedetector 686ms (cache miss)
35 silly packumentCache full:https://registry.npmjs.org/i18next-browser-languagedetector set size:undefined disposed:false
36 silly placeDep ROOT i18next@25.4.2 OK for: leao-careers@0.1.0 want: *
37 silly placeDep ROOT i18next-browser-languagedetector@8.2.0 OK for: leao-careers@0.1.0 want: *
38 silly placeDep ROOT react-i18next@15.7.3 OK for: leao-careers@0.1.0 want: *
39 silly fetch manifest @babel/runtime@^7.27.6
40 silly packumentCache full:https://registry.npmjs.org/@babel%2fruntime cache-miss
41 silly fetch manifest @babel/runtime@^7.23.2
42 silly packumentCache full:https://registry.npmjs.org/@babel%2fruntime cache-miss
43 silly fetch manifest @babel/runtime@^7.27.6
44 silly packumentCache full:https://registry.npmjs.org/@babel%2fruntime cache-miss
45 silly fetch manifest html-parse-stringify@^3.0.1
46 silly packumentCache full:https://registry.npmjs.org/html-parse-stringify cache-miss
47 http fetch GET 200 https://registry.npmjs.org/html-parse-stringify 105ms (cache miss)
48 silly packumentCache full:https://registry.npmjs.org/html-parse-stringify set size:undefined disposed:false
49 http fetch GET 200 https://registry.npmjs.org/@babel%2fruntime 243ms (cache miss)
50 silly packumentCache full:https://registry.npmjs.org/@babel%2fruntime set size:undefined disposed:false
51 http fetch GET 200 https://registry.npmjs.org/@babel%2fruntime 282ms (cache miss)
52 silly packumentCache full:https://registry.npmjs.org/@babel%2fruntime set size:undefined disposed:false
53 http fetch GET 200 https://registry.npmjs.org/@babel%2fruntime 312ms (cache miss)
54 silly packumentCache full:https://registry.npmjs.org/@babel%2fruntime set size:undefined disposed:false
55 silly placeDep ROOT @babel/runtime@7.28.3 OK for: i18next@25.4.2 want: ^7.27.6
56 silly placeDep ROOT html-parse-stringify@3.0.1 OK for: react-i18next@15.7.3 want: ^3.0.1
57 silly fetch manifest void-elements@3.1.0
58 silly packumentCache full:https://registry.npmjs.org/void-elements cache-miss
59 http fetch GET 200 https://registry.npmjs.org/void-elements 47ms (cache miss)
60 silly packumentCache full:https://registry.npmjs.org/void-elements set size:undefined disposed:false
61 silly placeDep ROOT void-elements@3.1.0 OK for: html-parse-stringify@3.0.1 want: 3.1.0
62 silly reify moves {}
63 silly reify mark deleted [
63 silly reify   '/Users/claudiodamasco/Documents/www/leaotalentebridge/leao-careers/node_modules/@emnapi/core'
63 silly reify ]
64 silly reify mark deleted [
64 silly reify   '/Users/claudiodamasco/Documents/www/leaotalentebridge/leao-careers/node_modules/@emnapi/runtime'
64 silly reify ]
65 silly reify mark deleted [
65 silly reify   '/Users/claudiodamasco/Documents/www/leaotalentebridge/leao-careers/node_modules/@emnapi/wasi-threads'
65 silly reify ]
66 silly reify mark deleted [
66 silly reify   '/Users/claudiodamasco/Documents/www/leaotalentebridge/leao-careers/node_modules/@img/sharp-darwin-arm64'
66 silly reify ]
67 silly reify mark deleted [
67 silly reify   '/Users/claudiodamasco/Documents/www/leaotalentebridge/leao-careers/node_modules/@img/sharp-darwin-x64'
67 silly reify ]
68 silly reify mark deleted [
68 silly reify   '/Users/claudiodamasco/Documents/www/leaotalentebridge/leao-careers/node_modules/@img/sharp-libvips-darwin-arm64'
68 silly reify ]
69 silly reify mark deleted [
69 silly reify   '/Users/claudiodamasco/Documents/www/leaotalentebridge/leao-careers/node_modules/@img/sharp-libvips-darwin-x64'
69 silly reify ]
70 silly reify mark deleted [
70 silly reify   '/Users/claudiodamasco/Documents/www/leaotalentebridge/leao-careers/node_modules/@img/sharp-libvips-linux-arm'
70 silly reify ]
71 silly reify mark deleted [
71 silly reify   '/Users/claudiodamasco/Documents/www/leaotalentebridge/leao-careers/node_modules/@img/sharp-libvips-linux-arm64'
71 silly reify ]
72 silly reify mark deleted [
72 silly reify   '/Users/claudiodamasco/Documents/www/leaotalentebridge/leao-careers/node_modules/@img/sharp-libvips-linux-ppc64'
72 silly reify ]
73 silly reify mark deleted [
73 silly reify   '/Users/claudiodamasco/Documents/www/leaotalentebridge/leao-careers/node_modules/@img/sharp-libvips-linux-s390x'
73 silly reify ]
74 silly reify mark deleted [
74 silly reify   '/Users/claudiodamasco/Documents/www/leaotalentebridge/leao-careers/node_modules/@img/sharp-libvips-linux-x64'
74 silly reify ]
75 silly reify mark deleted [
75 silly reify   '/Users/claudiodamasco/Documents/www/leaotalentebridge/leao-careers/node_modules/@img/sharp-libvips-linuxmusl-arm64'
75 silly reify ]
76 silly reify mark deleted [
76 silly reify   '/Users/claudiodamasco/Documents/www/leaotalentebridge/leao-careers/node_modules/@img/sharp-libvips-linuxmusl-x64'
76 silly reify ]
77 silly reify mark deleted [
77 silly reify   '/Users/claudiodamasco/Documents/www/leaotalentebridge/leao-careers/node_modules/@img/sharp-linux-arm'
77 silly reify ]
78 silly reify mark deleted [
78 silly reify   '/Users/claudiodamasco/Documents/www/leaotalentebridge/leao-careers/node_modules/@img/sharp-linux-arm64'
78 silly reify ]
79 silly reify mark deleted [
79 silly reify   '/Users/claudiodamasco/Documents/www/leaotalentebridge/leao-careers/node_modules/@img/sharp-linux-ppc64'
79 silly reify ]
80 silly reify mark deleted [
80 silly reify   '/Users/claudiodamasco/Documents/www/leaotalentebridge/leao-careers/node_modules/@img/sharp-linux-s390x'
80 silly reify ]
81 silly reify mark deleted [
81 silly reify   '/Users/claudiodamasco/Documents/www/leaotalentebridge/leao-careers/node_modules/@img/sharp-linux-x64'
81 silly reify ]
82 silly reify mark deleted [
82 silly reify   '/Users/claudiodamasco/Documents/www/leaotalentebridge/leao-careers/node_modules/@img/sharp-linuxmusl-arm64'
82 silly reify ]
83 silly reify mark deleted [
83 silly reify   '/Users/claudiodamasco/Documents/www/leaotalentebridge/leao-careers/node_modules/@img/sharp-linuxmusl-x64'
83 silly reify ]
84 silly reify mark deleted [
84 silly reify   '/Users/claudiodamasco/Documents/www/leaotalentebridge/leao-careers/node_modules/@img/sharp-wasm32'
84 silly reify ]
85 silly reify mark deleted [
85 silly reify   '/Users/claudiodamasco/Documents/www/leaotalentebridge/leao-careers/node_modules/@img/sharp-win32-arm64'
85 silly reify ]
86 silly reify mark deleted [
86 silly reify   '/Users/claudiodamasco/Documents/www/leaotalentebridge/leao-careers/node_modules/@img/sharp-win32-ia32'
86 silly reify ]
87 silly reify mark deleted [
87 silly reify   '/Users/claudiodamasco/Documents/www/leaotalentebridge/leao-careers/node_modules/@img/sharp-win32-x64'
87 silly reify ]
88 silly reify mark deleted [
88 silly reify   '/Users/claudiodamasco/Documents/www/leaotalentebridge/leao-careers/node_modules/@napi-rs/wasm-runtime'
88 silly reify ]
89 silly reify mark deleted [
89 silly reify   '/Users/claudiodamasco/Documents/www/leaotalentebridge/leao-careers/node_modules/@next/swc-darwin-arm64'
89 silly reify ]
90 silly reify mark deleted [
90 silly reify   '/Users/claudiodamasco/Documents/www/leaotalentebridge/leao-careers/node_modules/@next/swc-darwin-x64'
90 silly reify ]
91 silly reify mark deleted [
91 silly reify   '/Users/claudiodamasco/Documents/www/leaotalentebridge/leao-careers/node_modules/@next/swc-linux-arm64-gnu'
91 silly reify ]
92 silly reify mark deleted [
92 silly reify   '/Users/claudiodamasco/Documents/www/leaotalentebridge/leao-careers/node_modules/@next/swc-linux-arm64-musl'
92 silly reify ]
93 silly reify mark deleted [
93 silly reify   '/Users/claudiodamasco/Documents/www/leaotalentebridge/leao-careers/node_modules/@next/swc-linux-x64-gnu'
93 silly reify ]
94 silly reify mark deleted [
94 silly reify   '/Users/claudiodamasco/Documents/www/leaotalentebridge/leao-careers/node_modules/@next/swc-linux-x64-musl'
94 silly reify ]
95 silly reify mark deleted [
95 silly reify   '/Users/claudiodamasco/Documents/www/leaotalentebridge/leao-careers/node_modules/@next/swc-win32-arm64-msvc'
95 silly reify ]
96 silly reify mark deleted [
96 silly reify   '/Users/claudiodamasco/Documents/www/leaotalentebridge/leao-careers/node_modules/@next/swc-win32-x64-msvc'
96 silly reify ]
97 silly reify mark deleted [
97 silly reify   '/Users/claudiodamasco/Documents/www/leaotalentebridge/leao-careers/node_modules/@tybys/wasm-util'
97 silly reify ]
98 silly reify mark deleted [
98 silly reify   '/Users/claudiodamasco/Documents/www/leaotalentebridge/leao-careers/node_modules/@unrs/resolver-binding-android-arm-eabi'
98 silly reify ]
99 silly reify mark deleted [
99 silly reify   '/Users/claudiodamasco/Documents/www/leaotalentebridge/leao-careers/node_modules/@unrs/resolver-binding-android-arm64'
99 silly reify ]
100 silly reify mark deleted [
100 silly reify   '/Users/claudiodamasco/Documents/www/leaotalentebridge/leao-careers/node_modules/@unrs/resolver-binding-darwin-arm64'
100 silly reify ]
101 silly reify mark deleted [
101 silly reify   '/Users/claudiodamasco/Documents/www/leaotalentebridge/leao-careers/node_modules/@unrs/resolver-binding-darwin-x64'
101 silly reify ]
102 silly reify mark deleted [
102 silly reify   '/Users/claudiodamasco/Documents/www/leaotalentebridge/leao-careers/node_modules/@unrs/resolver-binding-freebsd-x64'
102 silly reify ]
103 silly reify mark deleted [
103 silly reify   '/Users/claudiodamasco/Documents/www/leaotalentebridge/leao-careers/node_modules/@unrs/resolver-binding-linux-arm-gnueabihf'
103 silly reify ]
104 silly reify mark deleted [
104 silly reify   '/Users/claudiodamasco/Documents/www/leaotalentebridge/leao-careers/node_modules/@unrs/resolver-binding-linux-arm-musleabihf'
104 silly reify ]
105 silly reify mark deleted [
105 silly reify   '/Users/claudiodamasco/Documents/www/leaotalentebridge/leao-careers/node_modules/@unrs/resolver-binding-linux-arm64-gnu'
105 silly reify ]
106 silly reify mark deleted [
106 silly reify   '/Users/claudiodamasco/Documents/www/leaotalentebridge/leao-careers/node_modules/@unrs/resolver-binding-linux-arm64-musl'
106 silly reify ]
107 silly reify mark deleted [
107 silly reify   '/Users/claudiodamasco/Documents/www/leaotalentebridge/leao-careers/node_modules/@unrs/resolver-binding-linux-ppc64-gnu'
107 silly reify ]
108 silly reify mark deleted [
108 silly reify   '/Users/claudiodamasco/Documents/www/leaotalentebridge/leao-careers/node_modules/@unrs/resolver-binding-linux-riscv64-gnu'
108 silly reify ]
109 silly reify mark deleted [
109 silly reify   '/Users/claudiodamasco/Documents/www/leaotalentebridge/leao-careers/node_modules/@unrs/resolver-binding-linux-riscv64-musl'
109 silly reify ]
110 silly reify mark deleted [
110 silly reify   '/Users/claudiodamasco/Documents/www/leaotalentebridge/leao-careers/node_modules/@unrs/resolver-binding-linux-s390x-gnu'
110 silly reify ]
111 silly reify mark deleted [
111 silly reify   '/Users/claudiodamasco/Documents/www/leaotalentebridge/leao-careers/node_modules/@unrs/resolver-binding-linux-x64-gnu'
111 silly reify ]
112 silly reify mark deleted [
112 silly reify   '/Users/claudiodamasco/Documents/www/leaotalentebridge/leao-careers/node_modules/@unrs/resolver-binding-linux-x64-musl'
112 silly reify ]
113 silly reify mark deleted [
113 silly reify   '/Users/claudiodamasco/Documents/www/leaotalentebridge/leao-careers/node_modules/@unrs/resolver-binding-wasm32-wasi'
113 silly reify ]
114 silly reify mark deleted [
114 silly reify   '/Users/claudiodamasco/Documents/www/leaotalentebridge/leao-careers/node_modules/@unrs/resolver-binding-win32-arm64-msvc'
114 silly reify ]
115 silly reify mark deleted [
115 silly reify   '/Users/claudiodamasco/Documents/www/leaotalentebridge/leao-careers/node_modules/@unrs/resolver-binding-win32-ia32-msvc'
115 silly reify ]
116 silly reify mark deleted [
116 silly reify   '/Users/claudiodamasco/Documents/www/leaotalentebridge/leao-careers/node_modules/@unrs/resolver-binding-win32-x64-msvc'
116 silly reify ]
117 silly reify mark deleted [
117 silly reify   '/Users/claudiodamasco/Documents/www/leaotalentebridge/leao-careers/node_modules/color'
117 silly reify ]
118 silly reify mark deleted [
118 silly reify   '/Users/claudiodamasco/Documents/www/leaotalentebridge/leao-careers/node_modules/color-string'
118 silly reify ]
119 silly reify mark deleted [
119 silly reify   '/Users/claudiodamasco/Documents/www/leaotalentebridge/leao-careers/node_modules/detect-libc'
119 silly reify ]
120 silly reify mark deleted [
120 silly reify   '/Users/claudiodamasco/Documents/www/leaotalentebridge/leao-careers/node_modules/is-arrayish'
120 silly reify ]
121 silly reify mark deleted [
121 silly reify   '/Users/claudiodamasco/Documents/www/leaotalentebridge/leao-careers/node_modules/sharp'
121 silly reify ]
122 silly reify mark deleted [
122 silly reify   '/Users/claudiodamasco/Documents/www/leaotalentebridge/leao-careers/node_modules/simple-swizzle'
122 silly reify ]
123 http cache void-elements@https://registry.npmjs.org/void-elements/-/void-elements-3.1.0.tgz 0ms (cache hit)
124 http cache @babel/runtime@https://registry.npmjs.org/@babel/runtime/-/runtime-7.28.3.tgz 0ms (cache hit)
125 http cache html-parse-stringify@https://registry.npmjs.org/html-parse-stringify/-/html-parse-stringify-3.0.1.tgz 0ms (cache hit)
126 http cache react-i18next@https://registry.npmjs.org/react-i18next/-/react-i18next-15.7.3.tgz 0ms (cache hit)
127 http cache i18next-browser-languagedetector@https://registry.npmjs.org/i18next-browser-languagedetector/-/i18next-browser-languagedetector-8.2.0.tgz 0ms (cache hit)
128 http cache i18next@https://registry.npmjs.org/i18next/-/i18next-25.4.2.tgz 0ms (cache hit)
129 silly tarball no local data for void-elements@https://registry.npmjs.org/void-elements/-/void-elements-3.1.0.tgz. Extracting by manifest.
130 silly tarball no local data for @babel/runtime@https://registry.npmjs.org/@babel/runtime/-/runtime-7.28.3.tgz. Extracting by manifest.
131 silly tarball no local data for html-parse-stringify@https://registry.npmjs.org/html-parse-stringify/-/html-parse-stringify-3.0.1.tgz. Extracting by manifest.
132 silly tarball no local data for react-i18next@https://registry.npmjs.org/react-i18next/-/react-i18next-15.7.3.tgz. Extracting by manifest.
133 silly tarball no local data for i18next-browser-languagedetector@https://registry.npmjs.org/i18next-browser-languagedetector/-/i18next-browser-languagedetector-8.2.0.tgz. Extracting by manifest.
134 silly tarball no local data for i18next@https://registry.npmjs.org/i18next/-/i18next-25.4.2.tgz. Extracting by manifest.
135 http fetch GET 200 https://registry.npmjs.org/void-elements/-/void-elements-3.1.0.tgz 60ms (cache miss)
136 http fetch GET 200 https://registry.npmjs.org/react-i18next/-/react-i18next-15.7.3.tgz 81ms (cache miss)
137 http fetch GET 200 https://registry.npmjs.org/i18next-browser-languagedetector/-/i18next-browser-languagedetector-8.2.0.tgz 87ms (cache miss)
138 http fetch GET 200 https://registry.npmjs.org/@babel/runtime/-/runtime-7.28.3.tgz 92ms (cache miss)
139 http fetch GET 200 https://registry.npmjs.org/i18next/-/i18next-25.4.2.tgz 109ms (cache miss)
140 http fetch GET 200 https://registry.npmjs.org/html-parse-stringify/-/html-parse-stringify-3.0.1.tgz 185ms (cache miss)
141 silly ADD node_modules/void-elements
142 silly ADD node_modules/html-parse-stringify
143 silly ADD node_modules/@babel/runtime
144 silly ADD node_modules/react-i18next
145 silly ADD node_modules/i18next-browser-languagedetector
146 silly ADD node_modules/i18next
147 silly ADD
148 silly ADD
149 silly ADD
150 silly ADD
151 silly ADD
152 silly ADD
153 silly ADD
154 silly ADD
155 silly ADD
156 silly ADD
157 silly ADD
158 silly ADD
159 silly ADD
160 silly ADD
161 silly ADD
162 silly ADD
163 silly ADD
164 silly ADD
165 silly ADD
166 silly ADD
167 silly ADD
168 silly ADD
169 silly ADD
170 silly ADD
171 silly ADD
172 silly ADD
173 silly ADD
174 silly ADD
175 silly ADD
176 silly ADD
177 silly ADD
178 silly ADD
179 silly ADD
180 silly ADD
181 silly ADD
182 silly ADD
183 silly ADD
184 silly ADD
185 silly ADD
186 silly ADD
187 silly ADD
188 silly ADD
189 silly ADD
190 silly ADD
191 silly ADD
192 silly ADD
193 silly ADD
194 silly ADD
195 silly ADD
196 silly ADD
197 silly ADD
198 silly ADD
199 silly ADD
200 silly ADD
201 silly ADD
202 silly ADD
203 silly ADD
204 silly ADD
205 silly ADD
206 silly ADD
207 verbose cwd /Users/claudiodamasco/Documents/www/leaotalentebridge/leao-careers
208 verbose os Darwin 23.4.0
209 verbose node v23.6.1
210 verbose npm  v11.3.0
211 verbose exit 0
212 info ok
