0 verbose cli /opt/homebrew/Cellar/node/23.6.1/bin/node /opt/homebrew/bin/npm
1 info using npm@11.3.0
2 info using node@v23.6.1
3 silly config load:file:/opt/homebrew/lib/node_modules/npm/npmrc
4 silly config load:file:/Users/claudiodamasco/Documents/www/leaotalentebridge/leao-careers/.npmrc
5 silly config load:file:/Users/claudiodamasco/.npmrc
6 silly config load:file:/opt/homebrew/etc/npmrc
7 verbose title npm install node-fetch
8 verbose argv "install" "node-fetch"
9 verbose logfile logs-max:10 dir:/Users/claudiodamasco/Documents/www/leaotalentebridge/leao-careers/.npm-cache/_logs/2025-08-28T16_14_03_324Z-
10 verbose logfile /Users/claudiodamasco/Documents/www/leaotalentebridge/leao-careers/.npm-cache/_logs/2025-08-28T16_14_03_324Z-debug-0.log
11 silly logfile start cleaning logs, removing 1 files
12 silly packumentCache heap:4345298944 maxSize:1086324736 maxEntrySize:543162368
13 silly logfile done cleaning log files
14 silly idealTree buildDeps
15 silly fetch manifest node-fetch@^3.3.2
16 silly packumentCache full:https://registry.npmjs.org/node-fetch cache-miss
17 verbose shrinkwrap failed to load node_modules/.package-lock.json out of date, updated: node_modules/next
18 http fetch GET 200 https://registry.npmjs.org/node-fetch 17ms (cache stale)
19 silly packumentCache full:https://registry.npmjs.org/node-fetch set size:896010 disposed:false
20 silly placeDep ROOT node-fetch@3.3.2 REPLACE for: leao-careers@0.1.0 want: ^3.3.2
21 silly reify moves {}
22 silly reify mark deleted [
22 silly reify   '/Users/claudiodamasco/Documents/www/leaotalentebridge/leao-careers/node_modules/@emnapi/core'
22 silly reify ]
23 silly reify mark deleted [
23 silly reify   '/Users/claudiodamasco/Documents/www/leaotalentebridge/leao-careers/node_modules/@emnapi/runtime'
23 silly reify ]
24 silly reify mark deleted [
24 silly reify   '/Users/claudiodamasco/Documents/www/leaotalentebridge/leao-careers/node_modules/@emnapi/wasi-threads'
24 silly reify ]
25 silly reify mark deleted [
25 silly reify   '/Users/claudiodamasco/Documents/www/leaotalentebridge/leao-careers/node_modules/@img/sharp-darwin-arm64'
25 silly reify ]
26 silly reify mark deleted [
26 silly reify   '/Users/claudiodamasco/Documents/www/leaotalentebridge/leao-careers/node_modules/@img/sharp-darwin-x64'
26 silly reify ]
27 silly reify mark deleted [
27 silly reify   '/Users/claudiodamasco/Documents/www/leaotalentebridge/leao-careers/node_modules/@img/sharp-libvips-darwin-arm64'
27 silly reify ]
28 silly reify mark deleted [
28 silly reify   '/Users/claudiodamasco/Documents/www/leaotalentebridge/leao-careers/node_modules/@img/sharp-libvips-darwin-x64'
28 silly reify ]
29 silly reify mark deleted [
29 silly reify   '/Users/claudiodamasco/Documents/www/leaotalentebridge/leao-careers/node_modules/@img/sharp-libvips-linux-arm'
29 silly reify ]
30 silly reify mark deleted [
30 silly reify   '/Users/claudiodamasco/Documents/www/leaotalentebridge/leao-careers/node_modules/@img/sharp-libvips-linux-arm64'
30 silly reify ]
31 silly reify mark deleted [
31 silly reify   '/Users/claudiodamasco/Documents/www/leaotalentebridge/leao-careers/node_modules/@img/sharp-libvips-linux-ppc64'
31 silly reify ]
32 silly reify mark deleted [
32 silly reify   '/Users/claudiodamasco/Documents/www/leaotalentebridge/leao-careers/node_modules/@img/sharp-libvips-linux-s390x'
32 silly reify ]
33 silly reify mark deleted [
33 silly reify   '/Users/claudiodamasco/Documents/www/leaotalentebridge/leao-careers/node_modules/@img/sharp-libvips-linux-x64'
33 silly reify ]
34 silly reify mark deleted [
34 silly reify   '/Users/claudiodamasco/Documents/www/leaotalentebridge/leao-careers/node_modules/@img/sharp-libvips-linuxmusl-arm64'
34 silly reify ]
35 silly reify mark deleted [
35 silly reify   '/Users/claudiodamasco/Documents/www/leaotalentebridge/leao-careers/node_modules/@img/sharp-libvips-linuxmusl-x64'
35 silly reify ]
36 silly reify mark deleted [
36 silly reify   '/Users/claudiodamasco/Documents/www/leaotalentebridge/leao-careers/node_modules/@img/sharp-linux-arm'
36 silly reify ]
37 silly reify mark deleted [
37 silly reify   '/Users/claudiodamasco/Documents/www/leaotalentebridge/leao-careers/node_modules/@img/sharp-linux-arm64'
37 silly reify ]
38 silly reify mark deleted [
38 silly reify   '/Users/claudiodamasco/Documents/www/leaotalentebridge/leao-careers/node_modules/@img/sharp-linux-ppc64'
38 silly reify ]
39 silly reify mark deleted [
39 silly reify   '/Users/claudiodamasco/Documents/www/leaotalentebridge/leao-careers/node_modules/@img/sharp-linux-s390x'
39 silly reify ]
40 silly reify mark deleted [
40 silly reify   '/Users/claudiodamasco/Documents/www/leaotalentebridge/leao-careers/node_modules/@img/sharp-linux-x64'
40 silly reify ]
41 silly reify mark deleted [
41 silly reify   '/Users/claudiodamasco/Documents/www/leaotalentebridge/leao-careers/node_modules/@img/sharp-linuxmusl-arm64'
41 silly reify ]
42 silly reify mark deleted [
42 silly reify   '/Users/claudiodamasco/Documents/www/leaotalentebridge/leao-careers/node_modules/@img/sharp-linuxmusl-x64'
42 silly reify ]
43 silly reify mark deleted [
43 silly reify   '/Users/claudiodamasco/Documents/www/leaotalentebridge/leao-careers/node_modules/@img/sharp-wasm32'
43 silly reify ]
44 silly reify mark deleted [
44 silly reify   '/Users/claudiodamasco/Documents/www/leaotalentebridge/leao-careers/node_modules/@img/sharp-win32-arm64'
44 silly reify ]
45 silly reify mark deleted [
45 silly reify   '/Users/claudiodamasco/Documents/www/leaotalentebridge/leao-careers/node_modules/@img/sharp-win32-ia32'
45 silly reify ]
46 silly reify mark deleted [
46 silly reify   '/Users/claudiodamasco/Documents/www/leaotalentebridge/leao-careers/node_modules/@img/sharp-win32-x64'
46 silly reify ]
47 silly reify mark deleted [
47 silly reify   '/Users/claudiodamasco/Documents/www/leaotalentebridge/leao-careers/node_modules/@napi-rs/wasm-runtime'
47 silly reify ]
48 silly reify mark deleted [
48 silly reify   '/Users/claudiodamasco/Documents/www/leaotalentebridge/leao-careers/node_modules/@next/swc-darwin-arm64'
48 silly reify ]
49 silly reify mark deleted [
49 silly reify   '/Users/claudiodamasco/Documents/www/leaotalentebridge/leao-careers/node_modules/@next/swc-darwin-x64'
49 silly reify ]
50 silly reify mark deleted [
50 silly reify   '/Users/claudiodamasco/Documents/www/leaotalentebridge/leao-careers/node_modules/@next/swc-linux-arm64-gnu'
50 silly reify ]
51 silly reify mark deleted [
51 silly reify   '/Users/claudiodamasco/Documents/www/leaotalentebridge/leao-careers/node_modules/@next/swc-linux-arm64-musl'
51 silly reify ]
52 silly reify mark deleted [
52 silly reify   '/Users/claudiodamasco/Documents/www/leaotalentebridge/leao-careers/node_modules/@next/swc-linux-x64-gnu'
52 silly reify ]
53 silly reify mark deleted [
53 silly reify   '/Users/claudiodamasco/Documents/www/leaotalentebridge/leao-careers/node_modules/@next/swc-linux-x64-musl'
53 silly reify ]
54 silly reify mark deleted [
54 silly reify   '/Users/claudiodamasco/Documents/www/leaotalentebridge/leao-careers/node_modules/@next/swc-win32-arm64-msvc'
54 silly reify ]
55 silly reify mark deleted [
55 silly reify   '/Users/claudiodamasco/Documents/www/leaotalentebridge/leao-careers/node_modules/@next/swc-win32-x64-msvc'
55 silly reify ]
56 silly reify mark deleted [
56 silly reify   '/Users/claudiodamasco/Documents/www/leaotalentebridge/leao-careers/node_modules/@tybys/wasm-util'
56 silly reify ]
57 silly reify mark deleted [
57 silly reify   '/Users/claudiodamasco/Documents/www/leaotalentebridge/leao-careers/node_modules/@unrs/resolver-binding-android-arm-eabi'
57 silly reify ]
58 silly reify mark deleted [
58 silly reify   '/Users/claudiodamasco/Documents/www/leaotalentebridge/leao-careers/node_modules/@unrs/resolver-binding-android-arm64'
58 silly reify ]
59 silly reify mark deleted [
59 silly reify   '/Users/claudiodamasco/Documents/www/leaotalentebridge/leao-careers/node_modules/@unrs/resolver-binding-darwin-arm64'
59 silly reify ]
60 silly reify mark deleted [
60 silly reify   '/Users/claudiodamasco/Documents/www/leaotalentebridge/leao-careers/node_modules/@unrs/resolver-binding-darwin-x64'
60 silly reify ]
61 silly reify mark deleted [
61 silly reify   '/Users/claudiodamasco/Documents/www/leaotalentebridge/leao-careers/node_modules/@unrs/resolver-binding-freebsd-x64'
61 silly reify ]
62 silly reify mark deleted [
62 silly reify   '/Users/claudiodamasco/Documents/www/leaotalentebridge/leao-careers/node_modules/@unrs/resolver-binding-linux-arm-gnueabihf'
62 silly reify ]
63 silly reify mark deleted [
63 silly reify   '/Users/claudiodamasco/Documents/www/leaotalentebridge/leao-careers/node_modules/@unrs/resolver-binding-linux-arm-musleabihf'
63 silly reify ]
64 silly reify mark deleted [
64 silly reify   '/Users/claudiodamasco/Documents/www/leaotalentebridge/leao-careers/node_modules/@unrs/resolver-binding-linux-arm64-gnu'
64 silly reify ]
65 silly reify mark deleted [
65 silly reify   '/Users/claudiodamasco/Documents/www/leaotalentebridge/leao-careers/node_modules/@unrs/resolver-binding-linux-arm64-musl'
65 silly reify ]
66 silly reify mark deleted [
66 silly reify   '/Users/claudiodamasco/Documents/www/leaotalentebridge/leao-careers/node_modules/@unrs/resolver-binding-linux-ppc64-gnu'
66 silly reify ]
67 silly reify mark deleted [
67 silly reify   '/Users/claudiodamasco/Documents/www/leaotalentebridge/leao-careers/node_modules/@unrs/resolver-binding-linux-riscv64-gnu'
67 silly reify ]
68 silly reify mark deleted [
68 silly reify   '/Users/claudiodamasco/Documents/www/leaotalentebridge/leao-careers/node_modules/@unrs/resolver-binding-linux-riscv64-musl'
68 silly reify ]
69 silly reify mark deleted [
69 silly reify   '/Users/claudiodamasco/Documents/www/leaotalentebridge/leao-careers/node_modules/@unrs/resolver-binding-linux-s390x-gnu'
69 silly reify ]
70 silly reify mark deleted [
70 silly reify   '/Users/claudiodamasco/Documents/www/leaotalentebridge/leao-careers/node_modules/@unrs/resolver-binding-linux-x64-gnu'
70 silly reify ]
71 silly reify mark deleted [
71 silly reify   '/Users/claudiodamasco/Documents/www/leaotalentebridge/leao-careers/node_modules/@unrs/resolver-binding-linux-x64-musl'
71 silly reify ]
72 silly reify mark deleted [
72 silly reify   '/Users/claudiodamasco/Documents/www/leaotalentebridge/leao-careers/node_modules/@unrs/resolver-binding-wasm32-wasi'
72 silly reify ]
73 silly reify mark deleted [
73 silly reify   '/Users/claudiodamasco/Documents/www/leaotalentebridge/leao-careers/node_modules/@unrs/resolver-binding-win32-arm64-msvc'
73 silly reify ]
74 silly reify mark deleted [
74 silly reify   '/Users/claudiodamasco/Documents/www/leaotalentebridge/leao-careers/node_modules/@unrs/resolver-binding-win32-ia32-msvc'
74 silly reify ]
75 silly reify mark deleted [
75 silly reify   '/Users/claudiodamasco/Documents/www/leaotalentebridge/leao-careers/node_modules/@unrs/resolver-binding-win32-x64-msvc'
75 silly reify ]
76 silly reify mark deleted [
76 silly reify   '/Users/claudiodamasco/Documents/www/leaotalentebridge/leao-careers/node_modules/color'
76 silly reify ]
77 silly reify mark deleted [
77 silly reify   '/Users/claudiodamasco/Documents/www/leaotalentebridge/leao-careers/node_modules/color-string'
77 silly reify ]
78 silly reify mark deleted [
78 silly reify   '/Users/claudiodamasco/Documents/www/leaotalentebridge/leao-careers/node_modules/detect-libc'
78 silly reify ]
79 silly reify mark deleted [
79 silly reify   '/Users/claudiodamasco/Documents/www/leaotalentebridge/leao-careers/node_modules/is-arrayish'
79 silly reify ]
80 silly reify mark deleted [
80 silly reify   '/Users/claudiodamasco/Documents/www/leaotalentebridge/leao-careers/node_modules/sharp'
80 silly reify ]
81 silly reify mark deleted [
81 silly reify   '/Users/claudiodamasco/Documents/www/leaotalentebridge/leao-careers/node_modules/simple-swizzle'
81 silly reify ]
82 silly ADD
83 silly ADD
84 silly ADD
85 silly ADD
86 silly ADD
87 silly ADD
88 silly ADD
89 silly ADD
90 silly ADD
91 silly ADD
92 silly ADD
93 silly ADD
94 silly ADD
95 silly ADD
96 silly ADD
97 silly ADD
98 silly ADD
99 silly ADD
100 silly ADD
101 silly ADD
102 silly ADD
103 silly ADD
104 silly ADD
105 silly ADD
106 silly ADD
107 silly ADD
108 silly ADD
109 silly ADD
110 silly ADD
111 silly ADD
112 silly ADD
113 silly ADD
114 silly ADD
115 silly ADD
116 silly ADD
117 silly ADD
118 silly ADD
119 silly ADD
120 silly ADD
121 silly ADD
122 silly ADD
123 silly ADD
124 silly ADD
125 silly ADD
126 silly ADD
127 silly ADD
128 silly ADD
129 silly ADD
130 silly ADD
131 silly ADD
132 silly ADD
133 silly ADD
134 silly ADD
135 silly ADD
136 silly ADD
137 silly ADD
138 silly ADD
139 silly ADD
140 silly ADD
141 silly ADD
142 verbose cwd /Users/claudiodamasco/Documents/www/leaotalentebridge/leao-careers
143 verbose os Darwin 23.4.0
144 verbose node v23.6.1
145 verbose npm  v11.3.0
146 verbose exit 0
147 info ok
