0 verbose cli /opt/homebrew/Cellar/node/23.6.1/bin/node /opt/homebrew/bin/npm
1 info using npm@11.3.0
2 info using node@v23.6.1
3 silly config load:file:/opt/homebrew/lib/node_modules/npm/npmrc
4 silly config load:file:/Users/claudiodamasco/Documents/www/leaotalentbridge-main/.npmrc
5 silly config load:file:/Users/claudiodamasco/.npmrc
6 silly config load:file:/opt/homebrew/etc/npmrc
7 verbose title npm cache clean
8 verbose argv "cache" "clean" "--force"
9 verbose logfile logs-max:10 dir:/Users/claudiodamasco/Documents/www/leaotalentbridge-main/.npm-cache/_logs/2025-09-08T16_30_54_537Z-
10 verbose logfile /Users/claudiodamasco/Documents/www/leaotalentbridge-main/.npm-cache/_logs/2025-09-08T16_30_54_537Z-debug-0.log
11 warn using --force Recommended protections disabled.
12 silly logfile start cleaning logs, removing 1 files
13 silly logfile done cleaning log files
14 verbose cwd /Users/claudiodamasco/Documents/www/leaotalentbridge-main
15 verbose os Darwin 23.4.0
16 verbose node v23.6.1
17 verbose npm  v11.3.0
18 verbose exit 0
19 info ok
