0 verbose cli /opt/homebrew/Cellar/node/23.6.1/bin/node /opt/homebrew/bin/npm
1 info using npm@11.3.0
2 info using node@v23.6.1
3 silly config load:file:/opt/homebrew/lib/node_modules/npm/npmrc
4 silly config load:file:/Users/claudiodamasco/Documents/www/leaotalentebridge/leao-careers/.npmrc
5 silly config load:file:/Users/claudiodamasco/.npmrc
6 silly config load:file:/opt/homebrew/etc/npmrc
7 verbose title npm install @radix-ui/react-slot @radix-ui/react-tabs @radix-ui/react-dialog @radix-ui/react-dropdown-menu @radix-ui/react-select @radix-ui/react-progress @radix-ui/react-avatar @radix-ui/react-badge @radix-ui/react-button @radix-ui/react-separator
8 verbose argv "install" "@radix-ui/react-slot" "@radix-ui/react-tabs" "@radix-ui/react-dialog" "@radix-ui/react-dropdown-menu" "@radix-ui/react-select" "@radix-ui/react-progress" "@radix-ui/react-avatar" "@radix-ui/react-badge" "@radix-ui/react-button" "@radix-ui/react-separator"
9 verbose logfile logs-max:10 dir:/Users/claudiodamasco/Documents/www/leaotalentebridge/leao-careers/.npm-cache/_logs/2025-09-03T00_07_48_363Z-
10 verbose logfile /Users/claudiodamasco/Documents/www/leaotalentebridge/leao-careers/.npm-cache/_logs/2025-09-03T00_07_48_363Z-debug-0.log
11 silly logfile start cleaning logs, removing 1 files
12 silly packumentCache heap:4345298944 maxSize:1086324736 maxEntrySize:543162368
13 silly logfile done cleaning log files
14 silly idealTree buildDeps
15 silly fetch manifest @radix-ui/react-slot@*
16 silly packumentCache full:https://registry.npmjs.org/@radix-ui%2freact-slot cache-miss
17 verbose shrinkwrap failed to load node_modules/.package-lock.json out of date, updated: node_modules
18 http fetch GET 200 https://registry.npmjs.org/@radix-ui%2freact-slot 211ms (cache miss)
19 silly packumentCache full:https://registry.npmjs.org/@radix-ui%2freact-slot set size:undefined disposed:false
20 silly fetch manifest @types/react@^19.1.12
21 silly packumentCache full:https://registry.npmjs.org/@types%2freact cache-miss
22 http fetch GET 200 https://registry.npmjs.org/@types%2freact 96ms (cache miss)
23 silly packumentCache full:https://registry.npmjs.org/@types%2freact set size:undefined disposed:false
24 silly fetch manifest react@^19.0.0
25 silly packumentCache full:https://registry.npmjs.org/react cache-miss
26 http fetch GET 200 https://registry.npmjs.org/react 168ms (cache miss)
27 silly packumentCache full:https://registry.npmjs.org/react set size:undefined disposed:false
28 silly fetch manifest @radix-ui/react-tabs@*
29 silly packumentCache full:https://registry.npmjs.org/@radix-ui%2freact-tabs cache-miss
30 http fetch GET 200 https://registry.npmjs.org/@radix-ui%2freact-tabs 70ms (cache miss)
31 silly packumentCache full:https://registry.npmjs.org/@radix-ui%2freact-tabs set size:undefined disposed:false
32 silly fetch manifest @types/react-dom@^19.1.8
33 silly packumentCache full:https://registry.npmjs.org/@types%2freact-dom cache-miss
34 http fetch GET 200 https://registry.npmjs.org/@types%2freact-dom 58ms (cache miss)
35 silly packumentCache full:https://registry.npmjs.org/@types%2freact-dom set size:undefined disposed:false
36 silly fetch manifest react-dom@^19.0.0
37 silly packumentCache full:https://registry.npmjs.org/react-dom cache-miss
38 http fetch GET 200 https://registry.npmjs.org/react-dom 223ms (cache miss)
39 silly packumentCache full:https://registry.npmjs.org/react-dom set size:undefined disposed:false
40 silly fetch manifest @radix-ui/react-dialog@*
41 silly packumentCache full:https://registry.npmjs.org/@radix-ui%2freact-dialog cache-miss
42 http fetch GET 200 https://registry.npmjs.org/@radix-ui%2freact-dialog 81ms (cache miss)
43 silly packumentCache full:https://registry.npmjs.org/@radix-ui%2freact-dialog set size:undefined disposed:false
44 silly fetch manifest @radix-ui/react-dropdown-menu@*
45 silly packumentCache full:https://registry.npmjs.org/@radix-ui%2freact-dropdown-menu cache-miss
46 http fetch GET 200 https://registry.npmjs.org/@radix-ui%2freact-dropdown-menu 74ms (cache miss)
47 silly packumentCache full:https://registry.npmjs.org/@radix-ui%2freact-dropdown-menu set size:undefined disposed:false
48 silly fetch manifest @radix-ui/react-select@*
49 silly packumentCache full:https://registry.npmjs.org/@radix-ui%2freact-select cache-miss
50 http fetch GET 200 https://registry.npmjs.org/@radix-ui%2freact-select 240ms (cache miss)
51 silly packumentCache full:https://registry.npmjs.org/@radix-ui%2freact-select set size:undefined disposed:false
52 silly fetch manifest @radix-ui/react-progress@*
53 silly packumentCache full:https://registry.npmjs.org/@radix-ui%2freact-progress cache-miss
54 http fetch GET 200 https://registry.npmjs.org/@radix-ui%2freact-progress 73ms (cache miss)
55 silly packumentCache full:https://registry.npmjs.org/@radix-ui%2freact-progress set size:undefined disposed:false
56 silly fetch manifest @radix-ui/react-avatar@*
57 silly packumentCache full:https://registry.npmjs.org/@radix-ui%2freact-avatar cache-miss
58 http fetch GET 200 https://registry.npmjs.org/@radix-ui%2freact-avatar 80ms (cache miss)
59 silly packumentCache full:https://registry.npmjs.org/@radix-ui%2freact-avatar set size:undefined disposed:false
60 silly fetch manifest @radix-ui/react-badge@*
61 silly packumentCache full:https://registry.npmjs.org/@radix-ui%2freact-badge cache-miss
62 http fetch GET 404 https://registry.npmjs.org/@radix-ui%2freact-badge 642ms (cache skip)
63 silly fetch manifest @radix-ui/react-button@*
64 silly packumentCache full:https://registry.npmjs.org/@radix-ui%2freact-button cache-miss
65 http fetch GET 404 https://registry.npmjs.org/@radix-ui%2freact-button 666ms (cache skip)
66 silly fetch manifest @radix-ui/react-separator@*
67 silly packumentCache full:https://registry.npmjs.org/@radix-ui%2freact-separator cache-miss
68 http fetch GET 200 https://registry.npmjs.org/@radix-ui%2freact-separator 71ms (cache miss)
69 silly packumentCache full:https://registry.npmjs.org/@radix-ui%2freact-separator set size:undefined disposed:false
70 silly placeDep ROOT @radix-ui/react-avatar@1.1.10 OK for: leao-careers@0.1.0 want: *
71 silly placeDep ROOT @radix-ui/react-badge@ OK for: leao-careers@0.1.0 want: *
72 silly placeDep ROOT @radix-ui/react-button@ OK for: leao-careers@0.1.0 want: *
73 silly placeDep ROOT @radix-ui/react-dialog@1.1.15 OK for: leao-careers@0.1.0 want: *
74 silly placeDep ROOT @radix-ui/react-dropdown-menu@2.1.16 OK for: leao-careers@0.1.0 want: *
75 silly placeDep ROOT @radix-ui/react-progress@1.1.7 OK for: leao-careers@0.1.0 want: *
76 silly placeDep ROOT @radix-ui/react-select@2.2.6 OK for: leao-careers@0.1.0 want: *
77 silly placeDep ROOT @radix-ui/react-separator@1.1.7 OK for: leao-careers@0.1.0 want: *
78 silly placeDep ROOT @radix-ui/react-slot@1.2.3 OK for: leao-careers@0.1.0 want: *
79 silly placeDep ROOT @radix-ui/react-tabs@1.1.13 OK for: leao-careers@0.1.0 want: *
80 silly fetch manifest @radix-ui/react-context@1.1.2
81 silly packumentCache full:https://registry.npmjs.org/@radix-ui%2freact-context cache-miss
82 silly fetch manifest @radix-ui/react-primitive@2.1.3
83 silly packumentCache full:https://registry.npmjs.org/@radix-ui%2freact-primitive cache-miss
84 silly fetch manifest @radix-ui/react-use-callback-ref@1.1.1
85 silly packumentCache full:https://registry.npmjs.org/@radix-ui%2freact-use-callback-ref cache-miss
86 silly fetch manifest @radix-ui/react-use-is-hydrated@0.1.0
87 silly packumentCache full:https://registry.npmjs.org/@radix-ui%2freact-use-is-hydrated cache-miss
88 silly fetch manifest @radix-ui/react-use-layout-effect@1.1.1
89 silly packumentCache full:https://registry.npmjs.org/@radix-ui%2freact-use-layout-effect cache-miss
90 silly fetch manifest aria-hidden@^1.2.4
91 silly packumentCache full:https://registry.npmjs.org/aria-hidden cache-miss
92 silly fetch manifest @radix-ui/react-id@1.1.1
93 silly packumentCache full:https://registry.npmjs.org/@radix-ui%2freact-id cache-miss
94 silly fetch manifest @radix-ui/primitive@1.1.3
95 silly packumentCache full:https://registry.npmjs.org/@radix-ui%2fprimitive cache-miss
96 silly fetch manifest react-remove-scroll@^2.6.3
97 silly packumentCache full:https://registry.npmjs.org/react-remove-scroll cache-miss
98 silly fetch manifest @radix-ui/react-slot@1.2.3
99 silly packumentCache full:https://registry.npmjs.org/@radix-ui%2freact-slot cache-miss
100 silly fetch manifest @radix-ui/react-portal@1.1.9
101 silly packumentCache full:https://registry.npmjs.org/@radix-ui%2freact-portal cache-miss
102 http cache https://registry.npmjs.org/@radix-ui%2freact-slot 9ms (cache hit)
103 silly packumentCache full:https://registry.npmjs.org/@radix-ui%2freact-slot set size:351089 disposed:false
104 silly fetch manifest @radix-ui/react-context@1.1.2
105 silly packumentCache full:https://registry.npmjs.org/@radix-ui%2freact-context cache-miss
106 http fetch GET 200 https://registry.npmjs.org/@radix-ui%2freact-context 65ms (cache miss)
107 silly packumentCache full:https://registry.npmjs.org/@radix-ui%2freact-context set size:undefined disposed:false
108 silly fetch manifest @radix-ui/react-presence@1.1.5
109 silly packumentCache full:https://registry.npmjs.org/@radix-ui%2freact-presence cache-miss
110 http fetch GET 200 https://registry.npmjs.org/@radix-ui%2freact-use-callback-ref 93ms (cache miss)
111 silly packumentCache full:https://registry.npmjs.org/@radix-ui%2freact-use-callback-ref set size:undefined disposed:false
112 silly fetch manifest @radix-ui/react-primitive@2.1.3
113 silly packumentCache full:https://registry.npmjs.org/@radix-ui%2freact-primitive cache-miss
114 http fetch GET 200 https://registry.npmjs.org/@radix-ui%2freact-portal 100ms (cache miss)
115 silly packumentCache full:https://registry.npmjs.org/@radix-ui%2freact-portal set size:undefined disposed:false
116 silly fetch manifest @radix-ui/react-focus-scope@1.1.7
117 silly packumentCache full:https://registry.npmjs.org/@radix-ui%2freact-focus-scope cache-miss
118 http fetch GET 200 https://registry.npmjs.org/@radix-ui%2fprimitive 103ms (cache miss)
119 silly packumentCache full:https://registry.npmjs.org/@radix-ui%2fprimitive set size:undefined disposed:false
120 silly fetch manifest @radix-ui/react-compose-refs@1.1.2
121 silly packumentCache full:https://registry.npmjs.org/@radix-ui%2freact-compose-refs cache-miss
122 http fetch GET 200 https://registry.npmjs.org/@radix-ui%2freact-primitive 121ms (cache miss)
123 silly packumentCache full:https://registry.npmjs.org/@radix-ui%2freact-primitive set size:undefined disposed:false
124 silly fetch manifest @radix-ui/react-focus-guards@1.1.3
125 silly packumentCache full:https://registry.npmjs.org/@radix-ui%2freact-focus-guards cache-miss
126 http fetch GET 200 https://registry.npmjs.org/@radix-ui%2freact-use-layout-effect 123ms (cache miss)
127 silly packumentCache full:https://registry.npmjs.org/@radix-ui%2freact-use-layout-effect set size:undefined disposed:false
128 silly fetch manifest @radix-ui/react-dismissable-layer@1.1.11
129 silly packumentCache full:https://registry.npmjs.org/@radix-ui%2freact-dismissable-layer cache-miss
130 http fetch GET 200 https://registry.npmjs.org/@radix-ui%2freact-context 120ms (cache miss)
131 silly packumentCache full:https://registry.npmjs.org/@radix-ui%2freact-context set size:undefined disposed:false
132 silly fetch manifest @radix-ui/react-use-controllable-state@1.2.2
133 silly packumentCache full:https://registry.npmjs.org/@radix-ui%2freact-use-controllable-state cache-miss
134 http fetch GET 200 https://registry.npmjs.org/@radix-ui%2freact-presence 71ms (cache miss)
135 silly packumentCache full:https://registry.npmjs.org/@radix-ui%2freact-presence set size:undefined disposed:false
136 silly fetch manifest @radix-ui/react-id@1.1.1
137 silly packumentCache full:https://registry.npmjs.org/@radix-ui%2freact-id cache-miss
138 http fetch GET 200 https://registry.npmjs.org/@radix-ui%2freact-primitive 56ms (cache miss)
139 silly packumentCache full:https://registry.npmjs.org/@radix-ui%2freact-primitive set size:undefined disposed:false
140 silly fetch manifest @radix-ui/react-menu@2.1.16
141 silly packumentCache full:https://registry.npmjs.org/@radix-ui%2freact-menu cache-miss
142 http fetch GET 200 https://registry.npmjs.org/react-remove-scroll 151ms (cache miss)
143 silly packumentCache full:https://registry.npmjs.org/react-remove-scroll set size:undefined disposed:false
144 silly fetch manifest @radix-ui/react-compose-refs@1.1.2
145 silly packumentCache full:https://registry.npmjs.org/@radix-ui%2freact-compose-refs cache-miss
146 http fetch GET 200 https://registry.npmjs.org/@radix-ui%2freact-compose-refs 66ms (cache miss)
147 silly packumentCache full:https://registry.npmjs.org/@radix-ui%2freact-compose-refs set size:undefined disposed:false
148 silly fetch manifest @radix-ui/react-use-controllable-state@1.2.2
149 silly packumentCache full:https://registry.npmjs.org/@radix-ui%2freact-use-controllable-state cache-miss
150 http fetch GET 200 https://registry.npmjs.org/@radix-ui%2freact-focus-scope 74ms (cache miss)
151 silly packumentCache full:https://registry.npmjs.org/@radix-ui%2freact-focus-scope set size:undefined disposed:false
152 silly fetch manifest aria-hidden@^1.2.4
153 silly packumentCache full:https://registry.npmjs.org/aria-hidden cache-miss
154 http fetch GET 200 https://registry.npmjs.org/@radix-ui%2freact-use-controllable-state 79ms (cache miss)
155 silly packumentCache full:https://registry.npmjs.org/@radix-ui%2freact-use-controllable-state set size:undefined disposed:false
156 silly fetch manifest @radix-ui/number@1.1.1
157 silly packumentCache full:https://registry.npmjs.org/@radix-ui%2fnumber cache-miss
158 http fetch GET 200 https://registry.npmjs.org/@radix-ui%2freact-focus-guards 92ms (cache miss)
159 silly packumentCache full:https://registry.npmjs.org/@radix-ui%2freact-focus-guards set size:undefined disposed:false
160 silly fetch manifest @radix-ui/react-id@1.1.1
161 silly packumentCache full:https://registry.npmjs.org/@radix-ui%2freact-id cache-miss
162 http fetch GET 200 https://registry.npmjs.org/@radix-ui%2freact-dismissable-layer 91ms (cache miss)
163 silly packumentCache full:https://registry.npmjs.org/@radix-ui%2freact-dismissable-layer set size:undefined disposed:false
164 silly fetch manifest @radix-ui/react-popper@1.2.8
165 silly packumentCache full:https://registry.npmjs.org/@radix-ui%2freact-popper cache-miss
166 http fetch GET 200 https://registry.npmjs.org/@radix-ui%2freact-use-controllable-state 66ms (cache miss)
167 silly packumentCache full:https://registry.npmjs.org/@radix-ui%2freact-use-controllable-state set size:undefined disposed:false
168 silly fetch manifest @radix-ui/react-direction@1.1.1
169 silly packumentCache full:https://registry.npmjs.org/@radix-ui%2freact-direction cache-miss
170 http fetch GET 200 https://registry.npmjs.org/@radix-ui%2freact-menu 101ms (cache miss)
171 silly packumentCache full:https://registry.npmjs.org/@radix-ui%2freact-menu set size:undefined disposed:false
172 silly fetch manifest @radix-ui/react-collection@1.1.7
173 silly packumentCache full:https://registry.npmjs.org/@radix-ui%2freact-collection cache-miss
174 http fetch GET 200 https://registry.npmjs.org/@radix-ui%2freact-compose-refs 107ms (cache miss)
175 silly packumentCache full:https://registry.npmjs.org/@radix-ui%2freact-compose-refs set size:undefined disposed:false
176 silly fetch manifest @radix-ui/react-use-previous@1.1.1
177 silly packumentCache full:https://registry.npmjs.org/@radix-ui%2freact-use-previous cache-miss
178 http fetch GET 200 https://registry.npmjs.org/@radix-ui%2fnumber 65ms (cache miss)
179 silly packumentCache full:https://registry.npmjs.org/@radix-ui%2fnumber set size:undefined disposed:false
180 silly fetch manifest @radix-ui/react-visually-hidden@1.2.3
181 silly packumentCache full:https://registry.npmjs.org/@radix-ui%2freact-visually-hidden cache-miss
182 http fetch GET 200 https://registry.npmjs.org/@radix-ui%2freact-popper 108ms (cache miss)
183 silly packumentCache full:https://registry.npmjs.org/@radix-ui%2freact-popper set size:undefined disposed:false
184 silly fetch manifest @radix-ui/react-id@1.1.1
185 silly packumentCache full:https://registry.npmjs.org/@radix-ui%2freact-id cache-miss
186 http fetch GET 200 https://registry.npmjs.org/@radix-ui%2freact-collection 76ms (cache miss)
187 silly packumentCache full:https://registry.npmjs.org/@radix-ui%2freact-collection set size:undefined disposed:false
188 silly fetch manifest @radix-ui/react-direction@1.1.1
189 silly packumentCache full:https://registry.npmjs.org/@radix-ui%2freact-direction cache-miss
190 http fetch GET 200 https://registry.npmjs.org/@radix-ui%2freact-direction 112ms (cache miss)
191 silly packumentCache full:https://registry.npmjs.org/@radix-ui%2freact-direction set size:undefined disposed:false
192 silly fetch manifest @radix-ui/react-roving-focus@1.1.11
193 silly packumentCache full:https://registry.npmjs.org/@radix-ui%2freact-roving-focus cache-miss
194 http fetch GET 200 https://registry.npmjs.org/@radix-ui%2freact-direction 56ms (cache miss)
195 silly packumentCache full:https://registry.npmjs.org/@radix-ui%2freact-direction set size:undefined disposed:false
196 http fetch GET 200 https://registry.npmjs.org/@radix-ui%2freact-use-previous 252ms (cache miss)
197 silly packumentCache full:https://registry.npmjs.org/@radix-ui%2freact-use-previous set size:undefined disposed:false
198 http fetch GET 200 https://registry.npmjs.org/aria-hidden 670ms (cache miss)
199 silly packumentCache full:https://registry.npmjs.org/aria-hidden set size:undefined disposed:false
200 http fetch GET 200 https://registry.npmjs.org/aria-hidden 632ms (cache miss)
201 silly packumentCache full:https://registry.npmjs.org/aria-hidden set size:undefined disposed:false
202 http fetch GET 200 https://registry.npmjs.org/@radix-ui%2freact-id 699ms (cache miss)
203 silly packumentCache full:https://registry.npmjs.org/@radix-ui%2freact-id set size:undefined disposed:false
204 http fetch GET 200 https://registry.npmjs.org/@radix-ui%2freact-id 886ms (cache miss)
205 silly packumentCache full:https://registry.npmjs.org/@radix-ui%2freact-id set size:undefined disposed:false
206 http fetch GET 200 https://registry.npmjs.org/@radix-ui%2freact-id 708ms (cache miss)
207 silly packumentCache full:https://registry.npmjs.org/@radix-ui%2freact-id set size:undefined disposed:false
208 http fetch GET 200 https://registry.npmjs.org/@radix-ui%2freact-id 714ms (cache miss)
209 silly packumentCache full:https://registry.npmjs.org/@radix-ui%2freact-id set size:undefined disposed:false
210 http fetch GET 200 https://registry.npmjs.org/@radix-ui%2freact-use-is-hydrated 1424ms (cache miss)
211 silly packumentCache full:https://registry.npmjs.org/@radix-ui%2freact-use-is-hydrated set size:undefined disposed:false
212 http fetch GET 200 https://registry.npmjs.org/@radix-ui%2freact-visually-hidden 1324ms (cache miss)
213 silly packumentCache full:https://registry.npmjs.org/@radix-ui%2freact-visually-hidden set size:undefined disposed:false
214 http fetch GET 200 https://registry.npmjs.org/@radix-ui%2freact-roving-focus 1306ms (cache miss)
215 silly packumentCache full:https://registry.npmjs.org/@radix-ui%2freact-roving-focus set size:undefined disposed:false
216 silly fetch manifest @types/react@*
217 silly packumentCache full:https://registry.npmjs.org/@types%2freact cache-miss
218 http cache https://registry.npmjs.org/@types%2freact 4ms (cache hit)
219 silly packumentCache full:https://registry.npmjs.org/@types%2freact set size:2450930 disposed:false
220 silly fetch manifest react@^16.8 || ^17.0 || ^18.0 || ^19.0 || ^19.0.0-rc
221 silly packumentCache full:https://registry.npmjs.org/react cache-miss
222 http cache https://registry.npmjs.org/react 6ms (cache hit)
223 silly packumentCache full:https://registry.npmjs.org/react set size:6005583 disposed:false
224 silly fetch manifest @types/react-dom@*
225 silly packumentCache full:https://registry.npmjs.org/@types%2freact-dom cache-miss
226 http cache https://registry.npmjs.org/@types%2freact-dom 4ms (cache hit)
227 silly packumentCache full:https://registry.npmjs.org/@types%2freact-dom set size:412146 disposed:false
228 silly fetch manifest react-dom@^16.8 || ^17.0 || ^18.0 || ^19.0 || ^19.0.0-rc
229 silly packumentCache full:https://registry.npmjs.org/react-dom cache-miss
230 http cache https://registry.npmjs.org/react-dom 9ms (cache hit)
231 silly packumentCache full:https://registry.npmjs.org/react-dom set size:7763042 disposed:false
232 silly placeDep ROOT @radix-ui/react-context@1.1.2 OK for: @radix-ui/react-avatar@1.1.10 want: 1.1.2
233 silly placeDep ROOT @radix-ui/react-primitive@2.1.3 OK for: @radix-ui/react-avatar@1.1.10 want: 2.1.3
234 silly placeDep ROOT @radix-ui/react-use-callback-ref@1.1.1 OK for: @radix-ui/react-avatar@1.1.10 want: 1.1.1
235 silly placeDep ROOT @radix-ui/react-use-is-hydrated@0.1.0 OK for: @radix-ui/react-avatar@1.1.10 want: 0.1.0
236 silly placeDep ROOT @radix-ui/react-use-layout-effect@1.1.1 OK for: @radix-ui/react-avatar@1.1.10 want: 1.1.1
237 silly fetch manifest use-sync-external-store@^1.5.0
238 silly packumentCache full:https://registry.npmjs.org/use-sync-external-store cache-miss
239 http fetch GET 200 https://registry.npmjs.org/use-sync-external-store 111ms (cache miss)
240 silly packumentCache full:https://registry.npmjs.org/use-sync-external-store set size:undefined disposed:false
241 silly placeDep ROOT @radix-ui/primitive@1.1.3 OK for: @radix-ui/react-dialog@1.1.15 want: 1.1.3
242 silly placeDep ROOT @radix-ui/react-compose-refs@1.1.2 OK for: @radix-ui/react-dialog@1.1.15 want: 1.1.2
243 silly placeDep ROOT @radix-ui/react-dismissable-layer@1.1.11 OK for: @radix-ui/react-dialog@1.1.15 want: 1.1.11
244 silly placeDep ROOT @radix-ui/react-focus-guards@1.1.3 OK for: @radix-ui/react-dialog@1.1.15 want: 1.1.3
245 silly placeDep ROOT @radix-ui/react-focus-scope@1.1.7 OK for: @radix-ui/react-dialog@1.1.15 want: 1.1.7
246 silly placeDep ROOT @radix-ui/react-id@1.1.1 OK for: @radix-ui/react-dialog@1.1.15 want: 1.1.1
247 silly placeDep ROOT @radix-ui/react-portal@1.1.9 OK for: @radix-ui/react-dialog@1.1.15 want: 1.1.9
248 silly placeDep ROOT @radix-ui/react-presence@1.1.5 OK for: @radix-ui/react-dialog@1.1.15 want: 1.1.5
249 silly placeDep ROOT @radix-ui/react-use-controllable-state@1.2.2 OK for: @radix-ui/react-dialog@1.1.15 want: 1.2.2
250 silly placeDep ROOT aria-hidden@1.2.6 OK for: @radix-ui/react-dialog@1.1.15 want: ^1.2.4
251 silly placeDep ROOT react-remove-scroll@2.7.1 OK for: @radix-ui/react-dialog@1.1.15 want: ^2.6.3
252 silly fetch manifest @radix-ui/react-use-escape-keydown@1.1.1
253 silly packumentCache full:https://registry.npmjs.org/@radix-ui%2freact-use-escape-keydown cache-miss
254 silly fetch manifest @radix-ui/react-use-effect-event@0.0.2
255 silly packumentCache full:https://registry.npmjs.org/@radix-ui%2freact-use-effect-event cache-miss
256 silly fetch manifest react-remove-scroll-bar@^2.3.7
257 silly packumentCache full:https://registry.npmjs.org/react-remove-scroll-bar cache-miss
258 silly fetch manifest react-style-singleton@^2.2.3
259 silly packumentCache full:https://registry.npmjs.org/react-style-singleton cache-miss
260 silly fetch manifest use-callback-ref@^1.3.3
261 silly packumentCache full:https://registry.npmjs.org/use-callback-ref cache-miss
262 silly fetch manifest use-sidecar@^1.1.3
263 silly packumentCache full:https://registry.npmjs.org/use-sidecar cache-miss
264 http fetch GET 200 https://registry.npmjs.org/use-callback-ref 35ms (cache miss)
265 silly packumentCache full:https://registry.npmjs.org/use-callback-ref set size:undefined disposed:false
266 http fetch GET 200 https://registry.npmjs.org/react-style-singleton 37ms (cache miss)
267 silly packumentCache full:https://registry.npmjs.org/react-style-singleton set size:undefined disposed:false
268 http fetch GET 200 https://registry.npmjs.org/react-remove-scroll-bar 40ms (cache miss)
269 silly packumentCache full:https://registry.npmjs.org/react-remove-scroll-bar set size:undefined disposed:false
270 http fetch GET 200 https://registry.npmjs.org/@radix-ui%2freact-use-effect-event 52ms (cache miss)
271 silly packumentCache full:https://registry.npmjs.org/@radix-ui%2freact-use-effect-event set size:undefined disposed:false
272 http fetch GET 200 https://registry.npmjs.org/use-sidecar 53ms (cache miss)
273 silly packumentCache full:https://registry.npmjs.org/use-sidecar set size:undefined disposed:false
274 http fetch GET 200 https://registry.npmjs.org/@radix-ui%2freact-use-escape-keydown 78ms (cache miss)
275 silly packumentCache full:https://registry.npmjs.org/@radix-ui%2freact-use-escape-keydown set size:undefined disposed:false
276 silly placeDep ROOT @radix-ui/react-use-escape-keydown@1.1.1 OK for: @radix-ui/react-dismissable-layer@1.1.11 want: 1.1.1
277 silly placeDep ROOT @radix-ui/react-menu@2.1.16 OK for: @radix-ui/react-dropdown-menu@2.1.16 want: 2.1.16
278 silly placeDep ROOT @radix-ui/react-collection@1.1.7 OK for: @radix-ui/react-menu@2.1.16 want: 1.1.7
279 silly placeDep ROOT @radix-ui/react-direction@1.1.1 OK for: @radix-ui/react-menu@2.1.16 want: 1.1.1
280 silly placeDep ROOT @radix-ui/react-popper@1.2.8 OK for: @radix-ui/react-menu@2.1.16 want: 1.2.8
281 silly placeDep ROOT @radix-ui/react-roving-focus@1.1.11 OK for: @radix-ui/react-menu@2.1.16 want: 1.1.11
282 silly fetch manifest @radix-ui/rect@1.1.1
283 silly packumentCache full:https://registry.npmjs.org/@radix-ui%2frect cache-miss
284 silly fetch manifest @radix-ui/react-arrow@1.1.7
285 silly packumentCache full:https://registry.npmjs.org/@radix-ui%2freact-arrow cache-miss
286 silly fetch manifest @floating-ui/react-dom@^2.0.0
287 silly packumentCache full:https://registry.npmjs.org/@floating-ui%2freact-dom cache-miss
288 silly fetch manifest @radix-ui/react-use-rect@1.1.1
289 silly packumentCache full:https://registry.npmjs.org/@radix-ui%2freact-use-rect cache-miss
290 silly fetch manifest @radix-ui/react-use-size@1.1.1
291 silly packumentCache full:https://registry.npmjs.org/@radix-ui%2freact-use-size cache-miss
292 http fetch GET 200 https://registry.npmjs.org/@radix-ui%2freact-use-size 49ms (cache miss)
293 silly packumentCache full:https://registry.npmjs.org/@radix-ui%2freact-use-size set size:undefined disposed:false
294 http fetch GET 200 https://registry.npmjs.org/@radix-ui%2freact-use-rect 75ms (cache miss)
295 silly packumentCache full:https://registry.npmjs.org/@radix-ui%2freact-use-rect set size:undefined disposed:false
296 http fetch GET 200 https://registry.npmjs.org/@floating-ui%2freact-dom 77ms (cache miss)
297 silly packumentCache full:https://registry.npmjs.org/@floating-ui%2freact-dom set size:undefined disposed:false
298 http fetch GET 200 https://registry.npmjs.org/@radix-ui%2frect 104ms (cache miss)
299 silly packumentCache full:https://registry.npmjs.org/@radix-ui%2frect set size:undefined disposed:false
300 http fetch GET 200 https://registry.npmjs.org/@radix-ui%2freact-arrow 1310ms (cache miss)
301 silly packumentCache full:https://registry.npmjs.org/@radix-ui%2freact-arrow set size:undefined disposed:false
302 silly placeDep ROOT @floating-ui/react-dom@2.1.6 OK for: @radix-ui/react-popper@1.2.8 want: ^2.0.0
303 silly placeDep ROOT @radix-ui/react-arrow@1.1.7 OK for: @radix-ui/react-popper@1.2.8 want: 1.1.7
304 silly placeDep ROOT @radix-ui/react-use-rect@1.1.1 OK for: @radix-ui/react-popper@1.2.8 want: 1.1.1
305 silly placeDep ROOT @radix-ui/react-use-size@1.1.1 OK for: @radix-ui/react-popper@1.2.8 want: 1.1.1
306 silly placeDep ROOT @radix-ui/rect@1.1.1 OK for: @radix-ui/react-popper@1.2.8 want: 1.1.1
307 silly fetch manifest @floating-ui/dom@^1.7.4
308 silly packumentCache full:https://registry.npmjs.org/@floating-ui%2fdom cache-miss
309 http fetch GET 200 https://registry.npmjs.org/@floating-ui%2fdom 64ms (cache miss)
310 silly packumentCache full:https://registry.npmjs.org/@floating-ui%2fdom set size:undefined disposed:false
311 silly placeDep ROOT @floating-ui/dom@1.7.4 OK for: @floating-ui/react-dom@2.1.6 want: ^1.7.4
312 silly fetch manifest @floating-ui/core@^1.7.3
313 silly packumentCache full:https://registry.npmjs.org/@floating-ui%2fcore cache-miss
314 silly fetch manifest @floating-ui/utils@^0.2.10
315 silly packumentCache full:https://registry.npmjs.org/@floating-ui%2futils cache-miss
316 http fetch GET 200 https://registry.npmjs.org/@floating-ui%2futils 56ms (cache miss)
317 silly packumentCache full:https://registry.npmjs.org/@floating-ui%2futils set size:undefined disposed:false
318 http fetch GET 200 https://registry.npmjs.org/@floating-ui%2fcore 96ms (cache miss)
319 silly packumentCache full:https://registry.npmjs.org/@floating-ui%2fcore set size:undefined disposed:false
320 silly placeDep ROOT @floating-ui/core@1.7.3 OK for: @floating-ui/dom@1.7.4 want: ^1.7.3
321 silly placeDep ROOT @floating-ui/utils@0.2.10 OK for: @floating-ui/dom@1.7.4 want: ^0.2.10
322 silly placeDep ROOT @radix-ui/number@1.1.1 OK for: @radix-ui/react-select@2.2.6 want: 1.1.1
323 silly placeDep ROOT @radix-ui/react-use-previous@1.1.1 OK for: @radix-ui/react-select@2.2.6 want: 1.1.1
324 silly placeDep ROOT @radix-ui/react-visually-hidden@1.2.3 OK for: @radix-ui/react-select@2.2.6 want: 1.2.3
325 silly placeDep ROOT @radix-ui/react-use-effect-event@0.0.2 OK for: @radix-ui/react-use-controllable-state@1.2.2 want: 0.0.2
326 silly placeDep ROOT use-sync-external-store@1.5.0 OK for: @radix-ui/react-use-is-hydrated@0.1.0 want: ^1.5.0
327 silly fetch manifest react@^16.8.0 || ^17.0.0 || ^18.0.0 || ^19.0.0 || ^19.0.0-rc
328 silly packumentCache full:https://registry.npmjs.org/react cache-miss
329 http cache https://registry.npmjs.org/react 7ms (cache hit)
330 silly packumentCache full:https://registry.npmjs.org/react set size:6005583 disposed:false
331 silly placeDep ROOT react-remove-scroll-bar@2.3.8 OK for: react-remove-scroll@2.7.1 want: ^2.3.7
332 silly placeDep ROOT react-style-singleton@2.2.3 OK for: react-remove-scroll@2.7.1 want: ^2.2.3
333 silly placeDep ROOT use-callback-ref@1.3.3 OK for: react-remove-scroll@2.7.1 want: ^1.3.3
334 silly placeDep ROOT use-sidecar@1.1.3 OK for: react-remove-scroll@2.7.1 want: ^1.1.3
335 silly fetch manifest react-style-singleton@^2.2.2
336 silly packumentCache full:https://registry.npmjs.org/react-style-singleton cache-miss
337 silly fetch manifest get-nonce@^1.0.0
338 silly packumentCache full:https://registry.npmjs.org/get-nonce cache-miss
339 silly fetch manifest detect-node-es@^1.1.0
340 silly packumentCache full:https://registry.npmjs.org/detect-node-es cache-miss
341 http cache https://registry.npmjs.org/react-style-singleton 3ms (cache hit)
342 silly packumentCache full:https://registry.npmjs.org/react-style-singleton set size:33682 disposed:false
343 http fetch GET 200 https://registry.npmjs.org/get-nonce 33ms (cache miss)
344 silly packumentCache full:https://registry.npmjs.org/get-nonce set size:undefined disposed:false
345 http fetch GET 200 https://registry.npmjs.org/detect-node-es 38ms (cache miss)
346 silly packumentCache full:https://registry.npmjs.org/detect-node-es set size:undefined disposed:false
347 silly placeDep ROOT get-nonce@1.0.1 OK for: react-style-singleton@2.2.3 want: ^1.0.0
348 silly placeDep ROOT detect-node-es@1.1.0 OK for: use-sidecar@1.1.3 want: ^1.1.0
349 verbose stack HttpErrorGeneral: 404 Not Found - GET https://registry.npmjs.org/@radix-ui%2freact-badge - Not found
349 verbose stack     at /opt/homebrew/lib/node_modules/npm/node_modules/npm-registry-fetch/lib/check-response.js:103:15
349 verbose stack     at process.processTicksAndRejections (node:internal/process/task_queues:105:5)
349 verbose stack     at async RegistryFetcher.packument (/opt/homebrew/lib/node_modules/npm/node_modules/pacote/lib/registry.js:90:19)
349 verbose stack     at async RegistryFetcher.manifest (/opt/homebrew/lib/node_modules/npm/node_modules/pacote/lib/registry.js:128:23)
349 verbose stack     at async #fetchManifest (/opt/homebrew/lib/node_modules/npm/node_modules/@npmcli/arborist/lib/arborist/build-ideal-tree.js:1213:20)
349 verbose stack     at async #nodeFromEdge (/opt/homebrew/lib/node_modules/npm/node_modules/@npmcli/arborist/lib/arborist/build-ideal-tree.js:1051:19)
349 verbose stack     at async #buildDepStep (/opt/homebrew/lib/node_modules/npm/node_modules/@npmcli/arborist/lib/arborist/build-ideal-tree.js:915:11)
349 verbose stack     at async Arborist.buildIdealTree (/opt/homebrew/lib/node_modules/npm/node_modules/@npmcli/arborist/lib/arborist/build-ideal-tree.js:182:7)
349 verbose stack     at async Promise.all (index 1)
349 verbose stack     at async Arborist.reify (/opt/homebrew/lib/node_modules/npm/node_modules/@npmcli/arborist/lib/arborist/reify.js:130:5)
350 verbose statusCode 404
351 verbose pkgid @radix-ui/react-badge@*
352 error code E404
353 error 404 Not Found - GET https://registry.npmjs.org/@radix-ui%2freact-badge - Not found
354 error 404
355 error 404  '@radix-ui/react-badge@*' is not in this registry.
356 error 404
357 error 404 Note that you can also install from a
358 error 404 tarball, folder, http url, or git url.
359 silly unfinished npm timer reify 1756858068671
360 silly unfinished npm timer reify:loadTrees 1756858068672
361 verbose cwd /Users/claudiodamasco/Documents/www/leaotalentebridge/leao-careers
362 verbose os Darwin 23.4.0
363 verbose node v23.6.1
364 verbose npm  v11.3.0
365 verbose exit 1
366 verbose code 1
367 error A complete log of this run can be found in: /Users/claudiodamasco/Documents/www/leaotalentebridge/leao-careers/.npm-cache/_logs/2025-09-03T00_07_48_363Z-debug-0.log
