0 verbose cli /opt/homebrew/Cellar/node/23.6.1/bin/node /opt/homebrew/bin/npm
1 info using npm@11.3.0
2 info using node@v23.6.1
3 silly config load:file:/opt/homebrew/lib/node_modules/npm/npmrc
4 silly config load:file:/Users/claudiodamasco/Documents/www/leaotalentebridge/leao-careers/node_modules/unrs-resolver/npm-install/.npmrc
5 silly config load:file:/Users/claudiodamasco/.npmrc
6 silly config load:file:/opt/homebrew/etc/npmrc
7 verbose title npm install @unrs/resolver-binding-darwin-arm64@1.11.1
8 verbose argv "install" "--loglevel" "error" "--prefer-offline" "--no-audit" "--progress" "false" "@unrs/resolver-binding-darwin-arm64@1.11.1"
9 verbose logfile logs-max:10 dir:/Users/claudiodamasco/Documents/www/leaotalentebridge/leao-careers/.npm-cache/_logs/2025-08-28T15_12_25_773Z-
10 verbose logfile /Users/claudiodamasco/Documents/www/leaotalentebridge/leao-careers/.npm-cache/_logs/2025-08-28T15_12_25_773Z-debug-0.log
11 silly logfile done cleaning log files
12 silly packumentCache heap:4345298944 maxSize:1086324736 maxEntrySize:543162368
13 silly idealTree buildDeps
14 silly fetch manifest @unrs/resolver-binding-darwin-arm64@1.11.1
15 silly packumentCache full:https://registry.npmjs.org/@unrs%2fresolver-binding-darwin-arm64 cache-miss
16 http cache https://registry.npmjs.org/@unrs%2fresolver-binding-darwin-arm64 6ms (cache hit)
17 silly packumentCache full:https://registry.npmjs.org/@unrs%2fresolver-binding-darwin-arm64 set size:58434 disposed:false
18 silly placeDep ROOT @unrs/resolver-binding-darwin-arm64@1.11.1 OK for:  want: 1.11.1
19 silly reify moves {}
20 http cache @unrs/resolver-binding-darwin-arm64@https://registry.npmjs.org/@unrs/resolver-binding-darwin-arm64/-/resolver-binding-darwin-arm64-1.11.1.tgz 0ms (cache hit)
21 silly tarball no local data for @unrs/resolver-binding-darwin-arm64@https://registry.npmjs.org/@unrs/resolver-binding-darwin-arm64/-/resolver-binding-darwin-arm64-1.11.1.tgz. Extracting by manifest.
22 http fetch GET 200 https://registry.npmjs.org/@unrs/resolver-binding-darwin-arm64/-/resolver-binding-darwin-arm64-1.11.1.tgz 222ms (cache miss)
23 silly ADD node_modules/@unrs/resolver-binding-darwin-arm64
24 verbose cwd /Users/claudiodamasco/Documents/www/leaotalentebridge/leao-careers/node_modules/unrs-resolver/npm-install
25 verbose os Darwin 23.4.0
26 verbose node v23.6.1
27 verbose npm  v11.3.0
28 verbose exit 0
29 info ok
